This file contains any messages produced by compilers while
running configure, to aid debugging if configure makes a mistake.

It was created by linphone configure 3.2.1, which was
generated by GNU Autoconf 2.64.  Invocation command line was

  $ ./configure --disable-strict

## --------- ##
## Platform. ##
## --------- ##

hostname = untu-Presario-CQ42-Notebook-PC
uname -m = i686
uname -r = 3.5.0-23-generic
uname -s = Linux
uname -v = #35~precise1-Ubuntu SMP Fri Jan 25 17:15:33 UTC 2013

/usr/bin/uname -p = unknown
/bin/uname -X     = unknown

/bin/arch              = unknown
/usr/bin/arch -k       = unknown
/usr/convex/getsysinfo = unknown
/usr/bin/hostinfo      = unknown
/bin/machine           = unknown
/usr/bin/oslevel       = unknown
/bin/universe          = unknown

PATH: /usr/lib/lightdm/lightdm
PATH: /usr/local/sbin
PATH: /usr/local/bin
PATH: /usr/sbin
PATH: /usr/bin
PATH: /sbin
PATH: /bin
PATH: /usr/games


## ----------- ##
## Core tests. ##
## ----------- ##

configure:2498: checking build system type
configure:2512: result: i686-pc-linux-gnu
configure:2532: checking host system type
configure:2545: result: i686-pc-linux-gnu
configure:2565: checking target system type
configure:2578: result: i686-pc-linux-gnu
configure:2622: linphone-3.2.1		A full featured audio/video sip phone.
configure:2624: licensed under the terms of the General Public License (GPL)
configure:2643: checking for a BSD-compatible install
configure:2711: result: /usr/bin/install -c
configure:2722: checking whether build environment is sane
configure:2772: result: yes
configure:2913: checking for a thread-safe mkdir -p
configure:2952: result: /bin/mkdir -p
configure:2965: checking for gawk
configure:2981: found /usr/bin/gawk
configure:2992: result: gawk
configure:3003: checking whether make sets $(MAKE)
configure:3025: result: yes
configure:3100: checking how to create a ustar tar archive
configure:3113: tar --version
tar (GNU tar) 1.26
Copyright (C) 2011 Free Software Foundation, Inc.
License GPLv3+: GNU GPL version 3 or later <http://gnu.org/licenses/gpl.html>.
This is free software: you are free to change and redistribute it.
There is NO WARRANTY, to the extent permitted by law.

Written by John Gilmore and Jay Fenlason.
configure:3116: $? = 0
configure:3156: tardir=conftest.dir && eval tar --format=ustar -chf - "$tardir" >conftest.tar
configure:3159: $? = 0
configure:3163: tar -xf - <conftest.tar
configure:3166: $? = 0
configure:3179: result: gnutar
configure:3202: checking for style of include used by make
configure:3230: result: GNU
configure:3300: checking for gcc
configure:3316: found /usr/bin/gcc
configure:3327: result: gcc
configure:3556: checking for C compiler version
configure:3565: gcc --version >&5
gcc (Ubuntu/Linaro 4.6.3-1ubuntu5) 4.6.3
Copyright (C) 2011 Free Software Foundation, Inc.
This is free software; see the source for copying conditions.  There is NO
warranty; not even for MERCHANTABILITY or FITNESS FOR A PARTICULAR PURPOSE.

configure:3576: $? = 0
configure:3565: gcc -v >&5
Using built-in specs.
COLLECT_GCC=gcc
COLLECT_LTO_WRAPPER=/usr/lib/gcc/i686-linux-gnu/4.6/lto-wrapper
Target: i686-linux-gnu
Configured with: ../src/configure -v --with-pkgversion='Ubuntu/Linaro 4.6.3-1ubuntu5' --with-bugurl=file:///usr/share/doc/gcc-4.6/README.Bugs --enable-languages=c,c++,fortran,objc,obj-c++ --prefix=/usr --program-suffix=-4.6 --enable-shared --enable-linker-build-id --with-system-zlib --libexecdir=/usr/lib --without-included-gettext --enable-threads=posix --with-gxx-include-dir=/usr/include/c++/4.6 --libdir=/usr/lib --enable-nls --with-sysroot=/ --enable-clocale=gnu --enable-libstdcxx-debug --enable-libstdcxx-time=yes --enable-gnu-unique-object --enable-plugin --enable-objc-gc --enable-targets=all --disable-werror --with-arch-32=i686 --with-tune=generic --enable-checking=release --build=i686-linux-gnu --host=i686-linux-gnu --target=i686-linux-gnu
Thread model: posix
gcc version 4.6.3 (Ubuntu/Linaro 4.6.3-1ubuntu5) 
configure:3576: $? = 0
configure:3565: gcc -V >&5
gcc: error: unrecognized option '-V'
gcc: fatal error: no input files
compilation terminated.
configure:3576: $? = 4
configure:3565: gcc -qversion >&5
gcc: error: unrecognized option '-qversion'
gcc: fatal error: no input files
compilation terminated.
configure:3576: $? = 4
configure:3598: checking for C compiler default output file name
configure:3620: gcc    conftest.c  >&5
configure:3624: $? = 0
configure:3661: result: a.out
configure:3677: checking whether the C compiler works
configure:3686: ./a.out
configure:3690: $? = 0
configure:3705: result: yes
configure:3712: checking whether we are cross compiling
configure:3714: result: no
configure:3717: checking for suffix of executables
configure:3724: gcc -o conftest    conftest.c  >&5
configure:3728: $? = 0
configure:3750: result: 
configure:3756: checking for suffix of object files
configure:3778: gcc -c   conftest.c >&5
configure:3782: $? = 0
configure:3803: result: o
configure:3807: checking whether we are using the GNU C compiler
configure:3826: gcc -c   conftest.c >&5
configure:3826: $? = 0
configure:3835: result: yes
configure:3844: checking whether gcc accepts -g
configure:3864: gcc -c -g  conftest.c >&5
configure:3864: $? = 0
configure:3905: result: yes
configure:3922: checking for gcc option to accept ISO C89
configure:3986: gcc  -c -g -O2  conftest.c >&5
configure:3986: $? = 0
configure:3999: result: none needed
configure:4021: checking dependency style of gcc
configure:4131: result: gcc3
configure:4148: checking for strerror in -lcposix
configure:4173: gcc -o conftest -g -O2   conftest.c -lcposix   >&5
/usr/bin/ld: cannot find -lcposix
collect2: ld returned 1 exit status
configure:4173: $? = 1
configure: failed program was:
| /* confdefs.h */
| #define PACKAGE_NAME "linphone"
| #define PACKAGE_TARNAME "linphone"
| #define PACKAGE_VERSION "3.2.1"
| #define PACKAGE_STRING "linphone 3.2.1"
| #define PACKAGE_BUGREPORT "linphone-developers@nongnu.org"
| #define PACKAGE_URL ""
| #define PACKAGE "linphone"
| #define VERSION "3.2.1"
| /* end confdefs.h.  */
| 
| /* Override any GCC internal prototype to avoid an error.
|    Use char because int might match the return type of a GCC
|    builtin and then its argument prototype would still apply.  */
| #ifdef __cplusplus
| extern "C"
| #endif
| char strerror ();
| int
| main ()
| {
| return strerror ();
|   ;
|   return 0;
| }
configure:4182: result: no
configure:4238: checking for gcc
configure:4265: result: gcc
configure:4494: checking for C compiler version
configure:4503: gcc --version >&5
gcc (Ubuntu/Linaro 4.6.3-1ubuntu5) 4.6.3
Copyright (C) 2011 Free Software Foundation, Inc.
This is free software; see the source for copying conditions.  There is NO
warranty; not even for MERCHANTABILITY or FITNESS FOR A PARTICULAR PURPOSE.

configure:4514: $? = 0
configure:4503: gcc -v >&5
Using built-in specs.
COLLECT_GCC=gcc
COLLECT_LTO_WRAPPER=/usr/lib/gcc/i686-linux-gnu/4.6/lto-wrapper
Target: i686-linux-gnu
Configured with: ../src/configure -v --with-pkgversion='Ubuntu/Linaro 4.6.3-1ubuntu5' --with-bugurl=file:///usr/share/doc/gcc-4.6/README.Bugs --enable-languages=c,c++,fortran,objc,obj-c++ --prefix=/usr --program-suffix=-4.6 --enable-shared --enable-linker-build-id --with-system-zlib --libexecdir=/usr/lib --without-included-gettext --enable-threads=posix --with-gxx-include-dir=/usr/include/c++/4.6 --libdir=/usr/lib --enable-nls --with-sysroot=/ --enable-clocale=gnu --enable-libstdcxx-debug --enable-libstdcxx-time=yes --enable-gnu-unique-object --enable-plugin --enable-objc-gc --enable-targets=all --disable-werror --with-arch-32=i686 --with-tune=generic --enable-checking=release --build=i686-linux-gnu --host=i686-linux-gnu --target=i686-linux-gnu
Thread model: posix
gcc version 4.6.3 (Ubuntu/Linaro 4.6.3-1ubuntu5) 
configure:4514: $? = 0
configure:4503: gcc -V >&5
gcc: error: unrecognized option '-V'
gcc: fatal error: no input files
compilation terminated.
configure:4514: $? = 4
configure:4503: gcc -qversion >&5
gcc: error: unrecognized option '-qversion'
gcc: fatal error: no input files
compilation terminated.
configure:4514: $? = 4
configure:4518: checking whether we are using the GNU C compiler
configure:4546: result: yes
configure:4555: checking whether gcc accepts -g
configure:4616: result: yes
configure:4633: checking for gcc option to accept ISO C89
configure:4710: result: none needed
configure:4732: checking dependency style of gcc
configure:4842: result: gcc3
configure:4857: checking for inline
configure:4873: gcc -c -g -O2  conftest.c >&5
configure:4873: $? = 0
configure:4881: result: inline
configure:4947: checking for gcc
configure:4974: result: gcc
configure:5203: checking for C compiler version
configure:5212: gcc --version >&5
gcc (Ubuntu/Linaro 4.6.3-1ubuntu5) 4.6.3
Copyright (C) 2011 Free Software Foundation, Inc.
This is free software; see the source for copying conditions.  There is NO
warranty; not even for MERCHANTABILITY or FITNESS FOR A PARTICULAR PURPOSE.

configure:5223: $? = 0
configure:5212: gcc -v >&5
Using built-in specs.
COLLECT_GCC=gcc
COLLECT_LTO_WRAPPER=/usr/lib/gcc/i686-linux-gnu/4.6/lto-wrapper
Target: i686-linux-gnu
Configured with: ../src/configure -v --with-pkgversion='Ubuntu/Linaro 4.6.3-1ubuntu5' --with-bugurl=file:///usr/share/doc/gcc-4.6/README.Bugs --enable-languages=c,c++,fortran,objc,obj-c++ --prefix=/usr --program-suffix=-4.6 --enable-shared --enable-linker-build-id --with-system-zlib --libexecdir=/usr/lib --without-included-gettext --enable-threads=posix --with-gxx-include-dir=/usr/include/c++/4.6 --libdir=/usr/lib --enable-nls --with-sysroot=/ --enable-clocale=gnu --enable-libstdcxx-debug --enable-libstdcxx-time=yes --enable-gnu-unique-object --enable-plugin --enable-objc-gc --enable-targets=all --disable-werror --with-arch-32=i686 --with-tune=generic --enable-checking=release --build=i686-linux-gnu --host=i686-linux-gnu --target=i686-linux-gnu
Thread model: posix
gcc version 4.6.3 (Ubuntu/Linaro 4.6.3-1ubuntu5) 
configure:5223: $? = 0
configure:5212: gcc -V >&5
gcc: error: unrecognized option '-V'
gcc: fatal error: no input files
compilation terminated.
configure:5223: $? = 4
configure:5212: gcc -qversion >&5
gcc: error: unrecognized option '-qversion'
gcc: fatal error: no input files
compilation terminated.
configure:5223: $? = 4
configure:5227: checking whether we are using the GNU C compiler
configure:5255: result: yes
configure:5264: checking whether gcc accepts -g
configure:5325: result: yes
configure:5342: checking for gcc option to accept ISO C89
configure:5419: result: none needed
configure:5441: checking dependency style of gcc
configure:5551: result: gcc3
configure:5574: checking how to run the C preprocessor
configure:5605: gcc -E  conftest.c
configure:5605: $? = 0
configure:5619: gcc -E  conftest.c
conftest.c:11:28: fatal error: ac_nonexistent.h: No such file or directory
compilation terminated.
configure:5619: $? = 1
configure: failed program was:
| /* confdefs.h */
| #define PACKAGE_NAME "linphone"
| #define PACKAGE_TARNAME "linphone"
| #define PACKAGE_VERSION "3.2.1"
| #define PACKAGE_STRING "linphone 3.2.1"
| #define PACKAGE_BUGREPORT "linphone-developers@nongnu.org"
| #define PACKAGE_URL ""
| #define PACKAGE "linphone"
| #define VERSION "3.2.1"
| /* end confdefs.h.  */
| #include <ac_nonexistent.h>
configure:5644: result: gcc -E
configure:5664: gcc -E  conftest.c
configure:5664: $? = 0
configure:5678: gcc -E  conftest.c
conftest.c:11:28: fatal error: ac_nonexistent.h: No such file or directory
compilation terminated.
configure:5678: $? = 1
configure: failed program was:
| /* confdefs.h */
| #define PACKAGE_NAME "linphone"
| #define PACKAGE_TARNAME "linphone"
| #define PACKAGE_VERSION "3.2.1"
| #define PACKAGE_STRING "linphone 3.2.1"
| #define PACKAGE_BUGREPORT "linphone-developers@nongnu.org"
| #define PACKAGE_URL ""
| #define PACKAGE "linphone"
| #define VERSION "3.2.1"
| /* end confdefs.h.  */
| #include <ac_nonexistent.h>
configure:5707: checking for grep that handles long lines and -e
configure:5765: result: /bin/grep
configure:5770: checking for egrep
configure:5832: result: /bin/grep -E
configure:5837: checking for ANSI C header files
configure:5857: gcc -c -g -O2  conftest.c >&5
configure:5857: $? = 0
configure:5930: gcc -o conftest -g -O2   conftest.c  >&5
configure:5930: $? = 0
configure:5930: ./conftest
configure:5930: $? = 0
configure:5941: result: yes
configure:5950: checking whether gcc and cc understand -c and -o together
configure:5981: gcc -c conftest.c -o conftest2.o >&5
configure:5985: $? = 0
configure:5991: gcc -c conftest.c -o conftest2.o >&5
configure:5995: $? = 0
configure:6006: cc -c conftest.c >&5
configure:6010: $? = 0
configure:6018: cc -c conftest.c -o conftest2.o >&5
configure:6022: $? = 0
configure:6028: cc -c conftest.c -o conftest2.o >&5
configure:6032: $? = 0
configure:6050: result: yes
configure:6095: checking whether NLS is requested
configure:6104: result: yes
configure:6134: checking for intltool-update
configure:6152: found /usr/bin/intltool-update
configure:6164: result: /usr/bin/intltool-update
configure:6174: checking for intltool-merge
configure:6192: found /usr/bin/intltool-merge
configure:6204: result: /usr/bin/intltool-merge
configure:6214: checking for intltool-extract
configure:6232: found /usr/bin/intltool-extract
configure:6244: result: /usr/bin/intltool-extract
configure:6375: checking for xgettext
configure:6393: found /usr/bin/xgettext
configure:6405: result: /usr/bin/xgettext
configure:6415: checking for msgmerge
configure:6433: found /usr/bin/msgmerge
configure:6445: result: /usr/bin/msgmerge
configure:6455: checking for msgfmt
configure:6473: found /usr/bin/msgfmt
configure:6485: result: /usr/bin/msgfmt
configure:6495: checking for gmsgfmt
configure:6526: result: /usr/bin/msgfmt
configure:6546: checking for perl
configure:6564: found /usr/bin/perl
configure:6576: result: /usr/bin/perl
configure:6587: checking for perl >= 5.8.1
configure:6594: result: 5.14.2
configure:6598: checking for XML::Parser
configure:6601: result: ok
configure:6626: gcc -o conftest -g -O2   conftest.c  >&5
configure:6626: $? = 0
configure:6980: checking for a sed that does not truncate output
configure:7044: result: /bin/sed
configure:7062: checking for fgrep
configure:7124: result: /bin/grep -F
configure:7159: checking for ld used by gcc
configure:7226: result: /usr/bin/ld
configure:7233: checking if the linker (/usr/bin/ld) is GNU ld
configure:7248: result: yes
configure:7260: checking for BSD- or MS-compatible name lister (nm)
configure:7309: result: /usr/bin/nm -B
configure:7427: checking the name lister (/usr/bin/nm -B) interface
configure:7434: gcc -c -g -O2  conftest.c >&5
configure:7437: /usr/bin/nm -B "conftest.o"
configure:7440: output
00000000 B some_variable
configure:7447: result: BSD nm
configure:7450: checking whether ln -s works
configure:7454: result: yes
configure:7462: checking the maximum length of command line arguments
configure:7582: result: 1572864
configure:7599: checking whether the shell understands some XSI constructs
configure:7609: result: yes
configure:7613: checking whether the shell understands "+="
configure:7619: result: yes
configure:7654: checking for /usr/bin/ld option to reload object files
configure:7661: result: -r
configure:7730: checking for objdump
configure:7757: result: objdump
configure:7786: checking how to recognize dependent libraries
configure:7982: result: pass_all
configure:8042: checking for ar
configure:8058: found /usr/bin/ar
configure:8069: result: ar
configure:8147: checking for strip
configure:8163: found /usr/bin/strip
configure:8174: result: strip
configure:8246: checking for ranlib
configure:8262: found /usr/bin/ranlib
configure:8273: result: ranlib
configure:8363: checking command to parse /usr/bin/nm -B output from gcc object
configure:8481: gcc -c -g -O2  conftest.c >&5
configure:8484: $? = 0
configure:8488: /usr/bin/nm -B conftest.o \| sed -n -e 's/^.*[	 ]\([ABCDGIRSTW][ABCDGIRSTW]*\)[	 ][	 ]*\([_A-Za-z][_A-Za-z0-9]*\)$/\1 \2 \2/p' \> conftest.nm
configure:8491: $? = 0
configure:8545: gcc -o conftest -g -O2   conftest.c conftstm.o >&5
configure:8548: $? = 0
configure:8586: result: ok
configure:9394: checking for sys/types.h
configure:9394: gcc -c -g -O2  conftest.c >&5
configure:9394: $? = 0
configure:9394: result: yes
configure:9394: checking for sys/stat.h
configure:9394: gcc -c -g -O2  conftest.c >&5
configure:9394: $? = 0
configure:9394: result: yes
configure:9394: checking for stdlib.h
configure:9394: gcc -c -g -O2  conftest.c >&5
configure:9394: $? = 0
configure:9394: result: yes
configure:9394: checking for string.h
configure:9394: gcc -c -g -O2  conftest.c >&5
configure:9394: $? = 0
configure:9394: result: yes
configure:9394: checking for memory.h
configure:9394: gcc -c -g -O2  conftest.c >&5
configure:9394: $? = 0
configure:9394: result: yes
configure:9394: checking for strings.h
configure:9394: gcc -c -g -O2  conftest.c >&5
configure:9394: $? = 0
configure:9394: result: yes
configure:9394: checking for inttypes.h
configure:9394: gcc -c -g -O2  conftest.c >&5
configure:9394: $? = 0
configure:9394: result: yes
configure:9394: checking for stdint.h
configure:9394: gcc -c -g -O2  conftest.c >&5
configure:9394: $? = 0
configure:9394: result: yes
configure:9394: checking for unistd.h
configure:9394: gcc -c -g -O2  conftest.c >&5
configure:9394: $? = 0
configure:9394: result: yes
configure:9409: checking for dlfcn.h
configure:9409: gcc -c -g -O2  conftest.c >&5
configure:9409: $? = 0
configure:9409: result: yes
configure:9591: checking for objdir
configure:9606: result: .libs
configure:9902: checking if gcc supports -fno-rtti -fno-exceptions
configure:9920: gcc -c -g -O2  -fno-rtti -fno-exceptions conftest.c >&5
cc1: warning: command line option '-fno-rtti' is valid for C++/ObjC++ but not for C [enabled by default]
configure:9924: $? = 0
configure:9937: result: no
configure:9957: checking for gcc option to produce PIC
configure:10229: result: -fPIC -DPIC
configure:10241: checking if gcc PIC flag -fPIC -DPIC works
configure:10259: gcc -c -g -O2  -fPIC -DPIC -DPIC conftest.c >&5
configure:10263: $? = 0
configure:10276: result: yes
configure:10300: checking if gcc static flag -static works
configure:10328: result: yes
configure:10343: checking if gcc supports -c -o file.o
configure:10364: gcc -c -g -O2  -o out/conftest2.o conftest.c >&5
configure:10368: $? = 0
configure:10390: result: yes
configure:10398: checking if gcc supports -c -o file.o
configure:10445: result: yes
configure:10478: checking whether the gcc linker (/usr/bin/ld) supports shared libraries
configure:11468: result: yes
configure:11505: checking whether -lc should be explicitly linked in
configure:11510: gcc -c -g -O2  conftest.c >&5
configure:11513: $? = 0
configure:11528: gcc -shared conftest.o  -v -Wl,-soname -Wl,conftest -o conftest 2\>\&1 \| /bin/grep  -lc  \>/dev/null 2\>\&1
configure:11531: $? = 0
configure:11543: result: no
configure:11707: checking dynamic linker characteristics
configure:12140: gcc -o conftest -g -O2   -Wl,-rpath -Wl,/foo conftest.c  >&5
configure:12140: $? = 0
configure:12370: result: GNU/Linux ld.so
configure:12472: checking how to hardcode library paths into programs
configure:12497: result: immediate
configure:13017: checking whether stripping libraries is possible
configure:13022: result: yes
configure:13057: checking if libtool supports shared libraries
configure:13059: result: yes
configure:13062: checking whether to build shared libraries
configure:13083: result: yes
configure:13086: checking whether to build static libraries
configure:13090: result: yes
configure:13236: checking for pkg-config
configure:13254: found /usr/bin/pkg-config
configure:13266: result: /usr/bin/pkg-config
configure:13291: checking pkg-config is at least version 0.9.0
configure:13294: result: yes
configure:13346: checking for msgfmt
configure:13378: result: /usr/bin/msgfmt
configure:13387: checking for gmsgfmt
configure:13418: result: /usr/bin/msgfmt
configure:13469: checking for xgettext
configure:13501: result: /usr/bin/xgettext
configure:13547: checking for msgmerge
configure:13578: result: /usr/bin/msgmerge
configure:13632: checking for ld used by GCC
configure:13696: result: /usr/bin/ld
configure:13703: checking if the linker (/usr/bin/ld) is GNU ld
configure:13716: result: yes
configure:13723: checking for shared library run path origin
configure:13736: result: done
configure:14193: checking for CFPreferencesCopyAppValue
configure:14211: gcc -o conftest -g -O2   conftest.c  -Wl,-framework -Wl,CoreFoundation >&5
conftest.c:24:42: fatal error: CoreFoundation/CFPreferences.h: No such file or directory
compilation terminated.
configure:14211: $? = 1
configure: failed program was:
| /* confdefs.h */
| #define PACKAGE_NAME "linphone"
| #define PACKAGE_TARNAME "linphone"
| #define PACKAGE_VERSION "3.2.1"
| #define PACKAGE_STRING "linphone 3.2.1"
| #define PACKAGE_BUGREPORT "linphone-developers@nongnu.org"
| #define PACKAGE_URL ""
| #define PACKAGE "linphone"
| #define VERSION "3.2.1"
| #define STDC_HEADERS 1
| #define HAVE_SYS_TYPES_H 1
| #define HAVE_SYS_STAT_H 1
| #define HAVE_STDLIB_H 1
| #define HAVE_STRING_H 1
| #define HAVE_MEMORY_H 1
| #define HAVE_STRINGS_H 1
| #define HAVE_INTTYPES_H 1
| #define HAVE_STDINT_H 1
| #define HAVE_UNISTD_H 1
| #define HAVE_DLFCN_H 1
| #define LT_OBJDIR ".libs/"
| #define LINPHONE_ALL_LANGS "fr it de ja es pl cs nl sv pt_BR hu ru zh_CN"
| /* end confdefs.h.  */
| #include <CoreFoundation/CFPreferences.h>
| int
| main ()
| {
| CFPreferencesCopyAppValue(NULL, NULL)
|   ;
|   return 0;
| }
configure:14220: result: no
configure:14227: checking for CFLocaleCopyCurrent
configure:14245: gcc -o conftest -g -O2   conftest.c  -Wl,-framework -Wl,CoreFoundation >&5
conftest.c:24:37: fatal error: CoreFoundation/CFLocale.h: No such file or directory
compilation terminated.
configure:14245: $? = 1
configure: failed program was:
| /* confdefs.h */
| #define PACKAGE_NAME "linphone"
| #define PACKAGE_TARNAME "linphone"
| #define PACKAGE_VERSION "3.2.1"
| #define PACKAGE_STRING "linphone 3.2.1"
| #define PACKAGE_BUGREPORT "linphone-developers@nongnu.org"
| #define PACKAGE_URL ""
| #define PACKAGE "linphone"
| #define VERSION "3.2.1"
| #define STDC_HEADERS 1
| #define HAVE_SYS_TYPES_H 1
| #define HAVE_SYS_STAT_H 1
| #define HAVE_STDLIB_H 1
| #define HAVE_STRING_H 1
| #define HAVE_MEMORY_H 1
| #define HAVE_STRINGS_H 1
| #define HAVE_INTTYPES_H 1
| #define HAVE_STDINT_H 1
| #define HAVE_UNISTD_H 1
| #define HAVE_DLFCN_H 1
| #define LT_OBJDIR ".libs/"
| #define LINPHONE_ALL_LANGS "fr it de ja es pl cs nl sv pt_BR hu ru zh_CN"
| /* end confdefs.h.  */
| #include <CoreFoundation/CFLocale.h>
| int
| main ()
| {
| CFLocaleCopyCurrent();
|   ;
|   return 0;
| }
configure:14254: result: no
configure:14303: checking for GNU gettext in libc
configure:14323: gcc -o conftest -g -O2   conftest.c  >&5
configure:14323: $? = 0
configure:14332: result: yes
configure:14938: checking whether to use NLS
configure:14940: result: yes
configure:14943: checking where the gettext function comes from
configure:14954: result: libc
configure:15029: checking for libintl_gettext in -lintl
configure:15054: gcc -o conftest -g -O2   conftest.c -lintl    >&5
/usr/bin/ld: cannot find -lintl
collect2: ld returned 1 exit status
configure:15054: $? = 1
configure: failed program was:
| /* confdefs.h */
| #define PACKAGE_NAME "linphone"
| #define PACKAGE_TARNAME "linphone"
| #define PACKAGE_VERSION "3.2.1"
| #define PACKAGE_STRING "linphone 3.2.1"
| #define PACKAGE_BUGREPORT "linphone-developers@nongnu.org"
| #define PACKAGE_URL ""
| #define PACKAGE "linphone"
| #define VERSION "3.2.1"
| #define STDC_HEADERS 1
| #define HAVE_SYS_TYPES_H 1
| #define HAVE_SYS_STAT_H 1
| #define HAVE_STDLIB_H 1
| #define HAVE_STRING_H 1
| #define HAVE_MEMORY_H 1
| #define HAVE_STRINGS_H 1
| #define HAVE_INTTYPES_H 1
| #define HAVE_STDINT_H 1
| #define HAVE_UNISTD_H 1
| #define HAVE_DLFCN_H 1
| #define LT_OBJDIR ".libs/"
| #define LINPHONE_ALL_LANGS "fr it de ja es pl cs nl sv pt_BR hu ru zh_CN"
| #define ENABLE_NLS 1
| #define HAVE_GETTEXT 1
| #define HAVE_DCGETTEXT 1
| #define GETTEXT_PACKAGE "linphone"
| /* end confdefs.h.  */
| 
| /* Override any GCC internal prototype to avoid an error.
|    Use char because int might match the return type of a GCC
|    builtin and then its argument prototype would still apply.  */
| #ifdef __cplusplus
| extern "C"
| #endif
| char libintl_gettext ();
| int
| main ()
| {
| return libintl_gettext ();
|   ;
|   return 0;
| }
configure:15063: result: no
configure:15078: checking for get_current_dir_name
configure:15078: gcc -o conftest -g -O2   conftest.c   >&5
configure:15078: $? = 0
configure:15078: result: yes
configure:15078: checking for strndup
configure:15078: gcc -o conftest -g -O2   conftest.c   >&5
conftest.c:52:6: warning: conflicting types for built-in function 'strndup' [enabled by default]
configure:15078: $? = 0
configure:15078: result: yes
configure:15078: checking for stpcpy
configure:15078: gcc -o conftest -g -O2   conftest.c   >&5
conftest.c:53:6: warning: conflicting types for built-in function 'stpcpy' [enabled by default]
configure:15078: $? = 0
configure:15078: result: yes
configure:15117: checking for LIBGTK
configure:15125: $PKG_CONFIG --exists --print-errors "gtk+-2.0 >= 2.4.0 gthread-2.0"
configure:15128: $? = 0
configure:15143: $PKG_CONFIG --exists --print-errors "gtk+-2.0 >= 2.4.0 gthread-2.0"
configure:15146: $? = 0
configure:15201: result: yes
configure:15207: checking for LIBGLADE
configure:15215: $PKG_CONFIG --exists --print-errors "libglade-2.0 >= 2.4.0"
configure:15218: $? = 0
configure:15233: $PKG_CONFIG --exists --print-errors "libglade-2.0 >= 2.4.0"
configure:15236: $? = 0
configure:15291: result: yes
configure:15450: checking for getifaddrs
configure:15450: gcc -o conftest -g -O2   conftest.c   >&5
configure:15450: $? = 0
configure:15450: result: yes
configure:15488: checking for OSIP
configure:15496: $PKG_CONFIG --exists --print-errors "$osip_pkgconfig_file >= 3.0.0"
configure:15499: $? = 0
configure:15514: $PKG_CONFIG --exists --print-errors "$osip_pkgconfig_file >= 3.0.0"
configure:15517: $? = 0
configure:15553: result: yes
configure:15709: checking eXosip2/eXosip.h usability
configure:15709: gcc -c -g -O2 -DOSIP_MT -I/usr/local/include    conftest.c >&5
configure:15709: $? = 0
configure:15709: result: yes
configure:15709: checking eXosip2/eXosip.h presence
configure:15709: gcc -E -DOSIP_MT -I/usr/local/include    conftest.c
configure:15709: $? = 0
configure:15709: result: yes
configure:15709: checking for eXosip2/eXosip.h
configure:15709: result: yes
configure:15722: checking for eXosip_subscribe_remove in -leXosip2
configure:15747: gcc -o conftest -g -O2  -L/usr/local/lib -losipparser2 -losip2    conftest.c -leXosip2 -losipparser2 -losip2    >&5
configure:15747: $? = 0
configure:15756: result: yes
configure:15769: checking for eXosip_get_version in -leXosip2
configure:15794: gcc -o conftest -g -O2  -L/usr/local/lib -losipparser2 -losip2    conftest.c -leXosip2 -losipparser2 -losip2  -leXosip2   >&5
configure:15794: $? = 0
configure:15803: result: yes
configure:15844: checking readline.h usability
configure:15844: gcc -c -g -O2   conftest.c >&5
conftest.c:71:22: fatal error: readline.h: No such file or directory
compilation terminated.
configure:15844: $? = 1
configure: failed program was:
| /* confdefs.h */
| #define PACKAGE_NAME "linphone"
| #define PACKAGE_TARNAME "linphone"
| #define PACKAGE_VERSION "3.2.1"
| #define PACKAGE_STRING "linphone 3.2.1"
| #define PACKAGE_BUGREPORT "linphone-developers@nongnu.org"
| #define PACKAGE_URL ""
| #define PACKAGE "linphone"
| #define VERSION "3.2.1"
| #define STDC_HEADERS 1
| #define HAVE_SYS_TYPES_H 1
| #define HAVE_SYS_STAT_H 1
| #define HAVE_STDLIB_H 1
| #define HAVE_STRING_H 1
| #define HAVE_MEMORY_H 1
| #define HAVE_STRINGS_H 1
| #define HAVE_INTTYPES_H 1
| #define HAVE_STDINT_H 1
| #define HAVE_UNISTD_H 1
| #define HAVE_DLFCN_H 1
| #define LT_OBJDIR ".libs/"
| #define LINPHONE_ALL_LANGS "fr it de ja es pl cs nl sv pt_BR hu ru zh_CN"
| #define ENABLE_NLS 1
| #define HAVE_GETTEXT 1
| #define HAVE_DCGETTEXT 1
| #define GETTEXT_PACKAGE "linphone"
| #define HAVE_GET_CURRENT_DIR_NAME 1
| #define HAVE_STRNDUP 1
| #define HAVE_STPCPY 1
| #define LINPHONE_CONFIG_DIR "Linphone"
| #define PACKAGE_LOCALE_DIR "/usr/local/share/locale"
| #define PACKAGE_DATA_DIR "/usr/local/share"
| #define PACKAGE_SOUND_DIR "/usr/local/share/sounds/linphone"
| #define HAVE_GETIFADDRS 1
| #define HAVE_LIBEXOSIP2 1
| #define HAVE_EXOSIP_GET_VERSION 1
| /* end confdefs.h.  */
| #include <stdio.h>
| #ifdef HAVE_SYS_TYPES_H
| # include <sys/types.h>
| #endif
| #ifdef HAVE_SYS_STAT_H
| # include <sys/stat.h>
| #endif
| #ifdef STDC_HEADERS
| # include <stdlib.h>
| # include <stddef.h>
| #else
| # ifdef HAVE_STDLIB_H
| #  include <stdlib.h>
| # endif
| #endif
| #ifdef HAVE_STRING_H
| # if !defined STDC_HEADERS && defined HAVE_MEMORY_H
| #  include <memory.h>
| # endif
| # include <string.h>
| #endif
| #ifdef HAVE_STRINGS_H
| # include <strings.h>
| #endif
| #ifdef HAVE_INTTYPES_H
| # include <inttypes.h>
| #endif
| #ifdef HAVE_STDINT_H
| # include <stdint.h>
| #endif
| #ifdef HAVE_UNISTD_H
| # include <unistd.h>
| #endif
| #include <readline.h>
configure:15844: result: no
configure:15844: checking readline.h presence
configure:15844: gcc -E   conftest.c
conftest.c:38:22: fatal error: readline.h: No such file or directory
compilation terminated.
configure:15844: $? = 1
configure: failed program was:
| /* confdefs.h */
| #define PACKAGE_NAME "linphone"
| #define PACKAGE_TARNAME "linphone"
| #define PACKAGE_VERSION "3.2.1"
| #define PACKAGE_STRING "linphone 3.2.1"
| #define PACKAGE_BUGREPORT "linphone-developers@nongnu.org"
| #define PACKAGE_URL ""
| #define PACKAGE "linphone"
| #define VERSION "3.2.1"
| #define STDC_HEADERS 1
| #define HAVE_SYS_TYPES_H 1
| #define HAVE_SYS_STAT_H 1
| #define HAVE_STDLIB_H 1
| #define HAVE_STRING_H 1
| #define HAVE_MEMORY_H 1
| #define HAVE_STRINGS_H 1
| #define HAVE_INTTYPES_H 1
| #define HAVE_STDINT_H 1
| #define HAVE_UNISTD_H 1
| #define HAVE_DLFCN_H 1
| #define LT_OBJDIR ".libs/"
| #define LINPHONE_ALL_LANGS "fr it de ja es pl cs nl sv pt_BR hu ru zh_CN"
| #define ENABLE_NLS 1
| #define HAVE_GETTEXT 1
| #define HAVE_DCGETTEXT 1
| #define GETTEXT_PACKAGE "linphone"
| #define HAVE_GET_CURRENT_DIR_NAME 1
| #define HAVE_STRNDUP 1
| #define HAVE_STPCPY 1
| #define LINPHONE_CONFIG_DIR "Linphone"
| #define PACKAGE_LOCALE_DIR "/usr/local/share/locale"
| #define PACKAGE_DATA_DIR "/usr/local/share"
| #define PACKAGE_SOUND_DIR "/usr/local/share/sounds/linphone"
| #define HAVE_GETIFADDRS 1
| #define HAVE_LIBEXOSIP2 1
| #define HAVE_EXOSIP_GET_VERSION 1
| /* end confdefs.h.  */
| #include <readline.h>
configure:15844: result: no
configure:15844: checking for readline.h
configure:15844: result: no
configure:15844: checking readline/readline.h usability
configure:15844: gcc -c -g -O2   conftest.c >&5
configure:15844: $? = 0
configure:15844: result: yes
configure:15844: checking readline/readline.h presence
configure:15844: gcc -E   conftest.c
configure:15844: $? = 0
configure:15844: result: yes
configure:15844: checking for readline/readline.h
configure:15844: result: yes
configure:15858: checking history.h usability
configure:15858: gcc -c -g -O2   conftest.c >&5
conftest.c:72:21: fatal error: history.h: No such file or directory
compilation terminated.
configure:15858: $? = 1
configure: failed program was:
| /* confdefs.h */
| #define PACKAGE_NAME "linphone"
| #define PACKAGE_TARNAME "linphone"
| #define PACKAGE_VERSION "3.2.1"
| #define PACKAGE_STRING "linphone 3.2.1"
| #define PACKAGE_BUGREPORT "linphone-developers@nongnu.org"
| #define PACKAGE_URL ""
| #define PACKAGE "linphone"
| #define VERSION "3.2.1"
| #define STDC_HEADERS 1
| #define HAVE_SYS_TYPES_H 1
| #define HAVE_SYS_STAT_H 1
| #define HAVE_STDLIB_H 1
| #define HAVE_STRING_H 1
| #define HAVE_MEMORY_H 1
| #define HAVE_STRINGS_H 1
| #define HAVE_INTTYPES_H 1
| #define HAVE_STDINT_H 1
| #define HAVE_UNISTD_H 1
| #define HAVE_DLFCN_H 1
| #define LT_OBJDIR ".libs/"
| #define LINPHONE_ALL_LANGS "fr it de ja es pl cs nl sv pt_BR hu ru zh_CN"
| #define ENABLE_NLS 1
| #define HAVE_GETTEXT 1
| #define HAVE_DCGETTEXT 1
| #define GETTEXT_PACKAGE "linphone"
| #define HAVE_GET_CURRENT_DIR_NAME 1
| #define HAVE_STRNDUP 1
| #define HAVE_STPCPY 1
| #define LINPHONE_CONFIG_DIR "Linphone"
| #define PACKAGE_LOCALE_DIR "/usr/local/share/locale"
| #define PACKAGE_DATA_DIR "/usr/local/share"
| #define PACKAGE_SOUND_DIR "/usr/local/share/sounds/linphone"
| #define HAVE_GETIFADDRS 1
| #define HAVE_LIBEXOSIP2 1
| #define HAVE_EXOSIP_GET_VERSION 1
| #define HAVE_READLINE_READLINE_H 1
| /* end confdefs.h.  */
| #include <stdio.h>
| #ifdef HAVE_SYS_TYPES_H
| # include <sys/types.h>
| #endif
| #ifdef HAVE_SYS_STAT_H
| # include <sys/stat.h>
| #endif
| #ifdef STDC_HEADERS
| # include <stdlib.h>
| # include <stddef.h>
| #else
| # ifdef HAVE_STDLIB_H
| #  include <stdlib.h>
| # endif
| #endif
| #ifdef HAVE_STRING_H
| # if !defined STDC_HEADERS && defined HAVE_MEMORY_H
| #  include <memory.h>
| # endif
| # include <string.h>
| #endif
| #ifdef HAVE_STRINGS_H
| # include <strings.h>
| #endif
| #ifdef HAVE_INTTYPES_H
| # include <inttypes.h>
| #endif
| #ifdef HAVE_STDINT_H
| # include <stdint.h>
| #endif
| #ifdef HAVE_UNISTD_H
| # include <unistd.h>
| #endif
| #include <history.h>
configure:15858: result: no
configure:15858: checking history.h presence
configure:15858: gcc -E   conftest.c
conftest.c:39:21: fatal error: history.h: No such file or directory
compilation terminated.
configure:15858: $? = 1
configure: failed program was:
| /* confdefs.h */
| #define PACKAGE_NAME "linphone"
| #define PACKAGE_TARNAME "linphone"
| #define PACKAGE_VERSION "3.2.1"
| #define PACKAGE_STRING "linphone 3.2.1"
| #define PACKAGE_BUGREPORT "linphone-developers@nongnu.org"
| #define PACKAGE_URL ""
| #define PACKAGE "linphone"
| #define VERSION "3.2.1"
| #define STDC_HEADERS 1
| #define HAVE_SYS_TYPES_H 1
| #define HAVE_SYS_STAT_H 1
| #define HAVE_STDLIB_H 1
| #define HAVE_STRING_H 1
| #define HAVE_MEMORY_H 1
| #define HAVE_STRINGS_H 1
| #define HAVE_INTTYPES_H 1
| #define HAVE_STDINT_H 1
| #define HAVE_UNISTD_H 1
| #define HAVE_DLFCN_H 1
| #define LT_OBJDIR ".libs/"
| #define LINPHONE_ALL_LANGS "fr it de ja es pl cs nl sv pt_BR hu ru zh_CN"
| #define ENABLE_NLS 1
| #define HAVE_GETTEXT 1
| #define HAVE_DCGETTEXT 1
| #define GETTEXT_PACKAGE "linphone"
| #define HAVE_GET_CURRENT_DIR_NAME 1
| #define HAVE_STRNDUP 1
| #define HAVE_STPCPY 1
| #define LINPHONE_CONFIG_DIR "Linphone"
| #define PACKAGE_LOCALE_DIR "/usr/local/share/locale"
| #define PACKAGE_DATA_DIR "/usr/local/share"
| #define PACKAGE_SOUND_DIR "/usr/local/share/sounds/linphone"
| #define HAVE_GETIFADDRS 1
| #define HAVE_LIBEXOSIP2 1
| #define HAVE_EXOSIP_GET_VERSION 1
| #define HAVE_READLINE_READLINE_H 1
| /* end confdefs.h.  */
| #include <history.h>
configure:15858: result: no
configure:15858: checking for history.h
configure:15858: result: no
configure:15858: checking readline/history.h usability
configure:15858: gcc -c -g -O2   conftest.c >&5
configure:15858: $? = 0
configure:15858: result: yes
configure:15858: checking readline/history.h presence
configure:15858: gcc -E   conftest.c
configure:15858: $? = 0
configure:15858: result: yes
configure:15858: checking for readline/history.h
configure:15858: result: yes
configure:15870: checking for readline in -lreadline
configure:15895: gcc -o conftest -g -O2    conftest.c -lreadline -lncurses    >&5
configure:15895: $? = 0
configure:15904: result: yes
configure:15935: checking whether byte ordering is bigendian
configure:15950: gcc -c -g -O2  conftest.c >&5
conftest.c:41:9: error: unknown type name 'not'
conftest.c:41:15: error: expected '=', ',', ';', 'asm' or '__attribute__' before 'universal'
conftest.c:41:15: error: unknown type name 'universal'
configure:15950: $? = 1
configure: failed program was:
| /* confdefs.h */
| #define PACKAGE_NAME "linphone"
| #define PACKAGE_TARNAME "linphone"
| #define PACKAGE_VERSION "3.2.1"
| #define PACKAGE_STRING "linphone 3.2.1"
| #define PACKAGE_BUGREPORT "linphone-developers@nongnu.org"
| #define PACKAGE_URL ""
| #define PACKAGE "linphone"
| #define VERSION "3.2.1"
| #define STDC_HEADERS 1
| #define HAVE_SYS_TYPES_H 1
| #define HAVE_SYS_STAT_H 1
| #define HAVE_STDLIB_H 1
| #define HAVE_STRING_H 1
| #define HAVE_MEMORY_H 1
| #define HAVE_STRINGS_H 1
| #define HAVE_INTTYPES_H 1
| #define HAVE_STDINT_H 1
| #define HAVE_UNISTD_H 1
| #define HAVE_DLFCN_H 1
| #define LT_OBJDIR ".libs/"
| #define LINPHONE_ALL_LANGS "fr it de ja es pl cs nl sv pt_BR hu ru zh_CN"
| #define ENABLE_NLS 1
| #define HAVE_GETTEXT 1
| #define HAVE_DCGETTEXT 1
| #define GETTEXT_PACKAGE "linphone"
| #define HAVE_GET_CURRENT_DIR_NAME 1
| #define HAVE_STRNDUP 1
| #define HAVE_STPCPY 1
| #define LINPHONE_CONFIG_DIR "Linphone"
| #define PACKAGE_LOCALE_DIR "/usr/local/share/locale"
| #define PACKAGE_DATA_DIR "/usr/local/share"
| #define PACKAGE_SOUND_DIR "/usr/local/share/sounds/linphone"
| #define HAVE_GETIFADDRS 1
| #define HAVE_LIBEXOSIP2 1
| #define HAVE_EXOSIP_GET_VERSION 1
| #define HAVE_READLINE_READLINE_H 1
| #define HAVE_READLINE_HISTORY_H 1
| /* end confdefs.h.  */
| #ifndef __APPLE_CC__
| 	       not a universal capable compiler
| 	     #endif
| 	     typedef int dummy;
| 
configure:15995: gcc -c -g -O2  conftest.c >&5
configure:15995: $? = 0
configure:16013: gcc -c -g -O2  conftest.c >&5
conftest.c: In function 'main':
conftest.c:47:4: error: unknown type name 'not'
conftest.c:47:12: error: expected '=', ',', ';', 'asm' or '__attribute__' before 'endian'
configure:16013: $? = 1
configure: failed program was:
| /* confdefs.h */
| #define PACKAGE_NAME "linphone"
| #define PACKAGE_TARNAME "linphone"
| #define PACKAGE_VERSION "3.2.1"
| #define PACKAGE_STRING "linphone 3.2.1"
| #define PACKAGE_BUGREPORT "linphone-developers@nongnu.org"
| #define PACKAGE_URL ""
| #define PACKAGE "linphone"
| #define VERSION "3.2.1"
| #define STDC_HEADERS 1
| #define HAVE_SYS_TYPES_H 1
| #define HAVE_SYS_STAT_H 1
| #define HAVE_STDLIB_H 1
| #define HAVE_STRING_H 1
| #define HAVE_MEMORY_H 1
| #define HAVE_STRINGS_H 1
| #define HAVE_INTTYPES_H 1
| #define HAVE_STDINT_H 1
| #define HAVE_UNISTD_H 1
| #define HAVE_DLFCN_H 1
| #define LT_OBJDIR ".libs/"
| #define LINPHONE_ALL_LANGS "fr it de ja es pl cs nl sv pt_BR hu ru zh_CN"
| #define ENABLE_NLS 1
| #define HAVE_GETTEXT 1
| #define HAVE_DCGETTEXT 1
| #define GETTEXT_PACKAGE "linphone"
| #define HAVE_GET_CURRENT_DIR_NAME 1
| #define HAVE_STRNDUP 1
| #define HAVE_STPCPY 1
| #define LINPHONE_CONFIG_DIR "Linphone"
| #define PACKAGE_LOCALE_DIR "/usr/local/share/locale"
| #define PACKAGE_DATA_DIR "/usr/local/share"
| #define PACKAGE_SOUND_DIR "/usr/local/share/sounds/linphone"
| #define HAVE_GETIFADDRS 1
| #define HAVE_LIBEXOSIP2 1
| #define HAVE_EXOSIP_GET_VERSION 1
| #define HAVE_READLINE_READLINE_H 1
| #define HAVE_READLINE_HISTORY_H 1
| /* end confdefs.h.  */
| #include <sys/types.h>
| 		#include <sys/param.h>
| 
| int
| main ()
| {
| #if BYTE_ORDER != BIG_ENDIAN
| 		 not big endian
| 		#endif
| 
|   ;
|   return 0;
| }
configure:16141: result: no
configure:16163: checking for SPEEX
configure:16171: $PKG_CONFIG --exists --print-errors "speex >= 1.1.6"
configure:16174: $? = 0
configure:16189: $PKG_CONFIG --exists --print-errors "speex >= 1.1.6"
configure:16192: $? = 0
configure:16247: result: yes
configure:16388: checking for sgmltools
configure:16416: result: no
configure:16797: creating ./config.status

## ---------------------- ##
## Running config.status. ##
## ---------------------- ##

This file was extended by linphone config.status 3.2.1, which was
generated by GNU Autoconf 2.64.  Invocation command line was

  CONFIG_FILES    = 
  CONFIG_HEADERS  = 
  CONFIG_LINKS    = 
  CONFIG_COMMANDS = 
  $ ./config.status 

on untu-Presario-CQ42-Notebook-PC

config.status:1221: creating Makefile
config.status:1221: creating m4/Makefile
config.status:1221: creating po/Makefile.in
config.status:1221: creating pixmaps/Makefile
config.status:1221: creating coreapi/Makefile
config.status:1221: creating gtk-glade/Makefile
config.status:1221: creating console/Makefile
config.status:1221: creating share/Makefile
config.status:1221: creating share/C/Makefile
config.status:1221: creating share/fr/Makefile
config.status:1221: creating share/it/Makefile
config.status:1221: creating share/ja/Makefile
config.status:1221: creating share/cs/Makefile
config.status:1221: creating share/linphone.pc
config.status:1221: creating scripts/Makefile
config.status:1221: creating linphone.spec
config.status:1221: creating linphone.iss
config.status:1221: creating config.h
config.status:1393: config.h is unchanged
config.status:1441: executing depfiles commands
config.status:1441: executing libtool commands
config.status:1441: executing libtool-hacking commands
config.status:1441: executing po-directories commands
config.status:1441: executing po/stamp-it commands
configure:19237: === configuring in mediastreamer2 (/home/untu/Desktop/dc/linphone/linphone-3.2.1/mediastreamer2)
configure:19300: running /bin/bash ./configure --disable-option-checking '--prefix=/usr/local'  '--disable-strict' --cache-file=/dev/null --srcdir=.
configure:19237: === configuring in oRTP (/home/untu/Desktop/dc/linphone/linphone-3.2.1/oRTP)
configure:19300: running /bin/bash ./configure --disable-option-checking '--prefix=/usr/local'  '--disable-strict' --cache-file=/dev/null --srcdir=.

## ---------------- ##
## Cache variables. ##
## ---------------- ##

ac_cv_build=i686-pc-linux-gnu
ac_cv_c_bigendian=no
ac_cv_c_compiler_gnu=yes
ac_cv_c_inline=inline
ac_cv_env_CC_set=
ac_cv_env_CC_value=
ac_cv_env_CFLAGS_set=
ac_cv_env_CFLAGS_value=
ac_cv_env_CPPFLAGS_set=
ac_cv_env_CPPFLAGS_value=
ac_cv_env_CPP_set=
ac_cv_env_CPP_value=
ac_cv_env_LDFLAGS_set=
ac_cv_env_LDFLAGS_value=
ac_cv_env_LIBGLADE_CFLAGS_set=
ac_cv_env_LIBGLADE_CFLAGS_value=
ac_cv_env_LIBGLADE_LIBS_set=
ac_cv_env_LIBGLADE_LIBS_value=
ac_cv_env_LIBGTK_CFLAGS_set=
ac_cv_env_LIBGTK_CFLAGS_value=
ac_cv_env_LIBGTK_LIBS_set=
ac_cv_env_LIBGTK_LIBS_value=
ac_cv_env_LIBS_set=
ac_cv_env_LIBS_value=
ac_cv_env_ORTP_CFLAGS_set=
ac_cv_env_ORTP_CFLAGS_value=
ac_cv_env_ORTP_LIBS_set=
ac_cv_env_ORTP_LIBS_value=
ac_cv_env_OSIP_CFLAGS_set=
ac_cv_env_OSIP_CFLAGS_value=
ac_cv_env_OSIP_LIBS_set=
ac_cv_env_OSIP_LIBS_value=
ac_cv_env_PKG_CONFIG_set=
ac_cv_env_PKG_CONFIG_value=
ac_cv_env_SPEEX_CFLAGS_set=
ac_cv_env_SPEEX_CFLAGS_value=
ac_cv_env_SPEEX_LIBS_set=
ac_cv_env_SPEEX_LIBS_value=
ac_cv_env_build_alias_set=
ac_cv_env_build_alias_value=
ac_cv_env_host_alias_set=
ac_cv_env_host_alias_value=
ac_cv_env_target_alias_set=
ac_cv_env_target_alias_value=
ac_cv_func_get_current_dir_name=yes
ac_cv_func_getifaddrs=yes
ac_cv_func_stpcpy=yes
ac_cv_func_strndup=yes
ac_cv_header_dlfcn_h=yes
ac_cv_header_eXosip2_eXosip_h=yes
ac_cv_header_history_h=no
ac_cv_header_inttypes_h=yes
ac_cv_header_memory_h=yes
ac_cv_header_readline_h=no
ac_cv_header_readline_history_h=yes
ac_cv_header_readline_readline_h=yes
ac_cv_header_stdc=yes
ac_cv_header_stdint_h=yes
ac_cv_header_stdlib_h=yes
ac_cv_header_string_h=yes
ac_cv_header_strings_h=yes
ac_cv_header_sys_stat_h=yes
ac_cv_header_sys_types_h=yes
ac_cv_header_unistd_h=yes
ac_cv_host=i686-pc-linux-gnu
ac_cv_lib_cposix_strerror=no
ac_cv_lib_eXosip2_eXosip_get_version=yes
ac_cv_lib_eXosip2_eXosip_subscribe_remove=yes
ac_cv_lib_intl_libintl_gettext=no
ac_cv_lib_readline_readline=yes
ac_cv_objext=o
ac_cv_path_EGREP='/bin/grep -E'
ac_cv_path_FGREP='/bin/grep -F'
ac_cv_path_GMSGFMT=/usr/bin/msgfmt
ac_cv_path_GREP=/bin/grep
ac_cv_path_INTLTOOL_EXTRACT=/usr/bin/intltool-extract
ac_cv_path_INTLTOOL_MERGE=/usr/bin/intltool-merge
ac_cv_path_INTLTOOL_PERL=/usr/bin/perl
ac_cv_path_INTLTOOL_UPDATE=/usr/bin/intltool-update
ac_cv_path_MSGFMT=/usr/bin/msgfmt
ac_cv_path_MSGMERGE=/usr/bin/msgmerge
ac_cv_path_SED=/bin/sed
ac_cv_path_XGETTEXT=/usr/bin/xgettext
ac_cv_path_ac_pt_PKG_CONFIG=/usr/bin/pkg-config
ac_cv_path_install='/usr/bin/install -c'
ac_cv_path_mkdir=/bin/mkdir
ac_cv_prog_AWK=gawk
ac_cv_prog_CPP='gcc -E'
ac_cv_prog_ac_ct_AR=ar
ac_cv_prog_ac_ct_CC=gcc
ac_cv_prog_ac_ct_OBJDUMP=objdump
ac_cv_prog_ac_ct_RANLIB=ranlib
ac_cv_prog_ac_ct_STRIP=strip
ac_cv_prog_cc_c89=
ac_cv_prog_cc_g=yes
ac_cv_prog_cc_gcc_c_o=yes
ac_cv_prog_have_sgmltools=no
ac_cv_prog_make_make_set=yes
ac_cv_target=i686-pc-linux-gnu
acl_cv_hardcode_direct=no
acl_cv_hardcode_libdir_flag_spec='${wl}-rpath ${wl}$libdir'
acl_cv_hardcode_libdir_separator=
acl_cv_hardcode_minus_L=no
acl_cv_libext=a
acl_cv_path_LD=/usr/bin/ld
acl_cv_prog_gnu_ld=yes
acl_cv_rpath=done
acl_cv_shlibext=so
acl_cv_wl=-Wl,
am_cv_CC_dependencies_compiler_type=gcc3
am_cv_prog_cc_stdc=
am_cv_prog_tar_ustar=gnutar
gt_cv_func_CFLocaleCopyCurrent=no
gt_cv_func_CFPreferencesCopyAppValue=no
gt_cv_func_gnugettext1_libc=yes
lt_cv_deplibs_check_method=pass_all
lt_cv_file_magic_cmd='$MAGIC_CMD'
lt_cv_file_magic_test_file=
lt_cv_ld_reload_flag=-r
lt_cv_nm_interface='BSD nm'
lt_cv_objdir=.libs
lt_cv_path_LD=/usr/bin/ld
lt_cv_path_NM='/usr/bin/nm -B'
lt_cv_prog_compiler_c_o=yes
lt_cv_prog_compiler_pic_works=yes
lt_cv_prog_compiler_rtti_exceptions=no
lt_cv_prog_compiler_static_works=yes
lt_cv_prog_gnu_ld=yes
lt_cv_sys_global_symbol_pipe='sed -n -e '\''s/^.*[	 ]\([ABCDGIRSTW][ABCDGIRSTW]*\)[	 ][	 ]*\([_A-Za-z][_A-Za-z0-9]*\)$/\1 \2 \2/p'\'''
lt_cv_sys_global_symbol_to_c_name_address='sed -n -e '\''s/^: \([^ ]*\) $/  {\"\1\", (void *) 0},/p'\'' -e '\''s/^[ABCDGIRSTW]* \([^ ]*\) \([^ ]*\)$/  {"\2", (void *) \&\2},/p'\'''
lt_cv_sys_global_symbol_to_c_name_address_lib_prefix='sed -n -e '\''s/^: \([^ ]*\) $/  {\"\1\", (void *) 0},/p'\'' -e '\''s/^[ABCDGIRSTW]* \([^ ]*\) \(lib[^ ]*\)$/  {"\2", (void *) \&\2},/p'\'' -e '\''s/^[ABCDGIRSTW]* \([^ ]*\) \([^ ]*\)$/  {"lib\2", (void *) \&\2},/p'\'''
lt_cv_sys_global_symbol_to_cdecl='sed -n -e '\''s/^T .* \(.*\)$/extern int \1();/p'\'' -e '\''s/^[ABCDGIRSTW]* .* \(.*\)$/extern char \1;/p'\'''
lt_cv_sys_max_cmd_len=1572864
pkg_cv_LIBGLADE_CFLAGS='-pthread -I/usr/include/libglade-2.0 -I/usr/include/gtk-2.0 -I/usr/include/libxml2 -I/usr/lib/i386-linux-gnu/gtk-2.0/include -I/usr/include/atk-1.0 -I/usr/include/cairo -I/usr/include/gdk-pixbuf-2.0 -I/usr/include/pango-1.0 -I/usr/include/gio-unix-2.0/ -I/usr/include/glib-2.0 -I/usr/lib/i386-linux-gnu/glib-2.0/include -I/usr/include/pixman-1 -I/usr/include/freetype2 -I/usr/include/libpng12  '
pkg_cv_LIBGLADE_LIBS='-lglade-2.0 -lgtk-x11-2.0 -lxml2 -lgdk-x11-2.0 -latk-1.0 -lgio-2.0 -lpangoft2-1.0 -lpangocairo-1.0 -lgdk_pixbuf-2.0 -lcairo -lpango-1.0 -lfreetype -lfontconfig -lgobject-2.0 -lglib-2.0  '
pkg_cv_LIBGTK_CFLAGS='-pthread -I/usr/include/gtk-2.0 -I/usr/lib/i386-linux-gnu/gtk-2.0/include -I/usr/include/atk-1.0 -I/usr/include/cairo -I/usr/include/gdk-pixbuf-2.0 -I/usr/include/pango-1.0 -I/usr/include/gio-unix-2.0/ -I/usr/include/glib-2.0 -I/usr/lib/i386-linux-gnu/glib-2.0/include -I/usr/include/pixman-1 -I/usr/include/freetype2 -I/usr/include/libpng12  '
pkg_cv_LIBGTK_LIBS='-pthread -lgtk-x11-2.0 -lgdk-x11-2.0 -latk-1.0 -lgio-2.0 -lpangoft2-1.0 -lpangocairo-1.0 -lgdk_pixbuf-2.0 -lcairo -lpango-1.0 -lfreetype -lfontconfig -lgobject-2.0 -lgthread-2.0 -lrt -lglib-2.0  '
pkg_cv_OSIP_CFLAGS='-DOSIP_MT -I/usr/local/include  '
pkg_cv_OSIP_LIBS='-L/usr/local/lib -losipparser2 -losip2  '
pkg_cv_SPEEX_CFLAGS='-I/usr/local/include  '
pkg_cv_SPEEX_LIBS='-L/usr/local/lib -lspeex  '

## ----------------- ##
## Output variables. ##
## ----------------- ##

ACLOCAL='${SHELL} /home/untu/Desktop/dc/linphone/linphone-3.2.1/missing --run aclocal-1.11'
ACLOCAL_MACOS_FLAGS=''
ALL_LINGUAS='fr it de ja es pl cs nl sv pt_BR hu ru zh_CN'
AMDEPBACKSLASH='\'
AMDEP_FALSE='#'
AMDEP_TRUE=''
AMTAR='${SHELL} /home/untu/Desktop/dc/linphone/linphone-3.2.1/missing --run tar'
AR='ar'
ARMBUILD_FALSE=''
ARMBUILD_TRUE='#'
AS='as'
AUTOCONF='${SHELL} /home/untu/Desktop/dc/linphone/linphone-3.2.1/missing --run autoconf'
AUTOHEADER='${SHELL} /home/untu/Desktop/dc/linphone/linphone-3.2.1/missing --run autoheader'
AUTOMAKE='${SHELL} /home/untu/Desktop/dc/linphone/linphone-3.2.1/missing --run automake-1.11'
AWK='gawk'
BUILD_CONSOLE_FALSE='#'
BUILD_CONSOLE_TRUE=''
BUILD_GLADE_UI_FALSE='#'
BUILD_GLADE_UI_TRUE=''
BUILD_TRUESPEECH_FALSE=''
BUILD_TRUESPEECH_TRUE='#'
BUILD_WIN32_FALSE=''
BUILD_WIN32_TRUE='#'
CC='gcc'
CCDEPMODE='depmode=gcc3'
CFLAGS='-g -O2'
CONSOLE_FLAGS=''
CPP='gcc -E'
CPPFLAGS=''
CYGPATH_W='echo'
DATADIRNAME='share'
DEFS='-DHAVE_CONFIG_H'
DEPDIR='.deps'
DLLTOOL='dlltool'
DSYMUTIL=''
DUMPBIN=''
ECHO_C=''
ECHO_N='-n'
ECHO_T=''
EGREP='/bin/grep -E'
ENABLE_MANUAL_FALSE=''
ENABLE_MANUAL_TRUE='#'
EXEEXT=''
EXOSIP_CFLAGS='-DOSIP_MT -I/usr/local/include   -DOSIP_MT '
EXOSIP_LIBS='-L/usr/local/lib -losipparser2 -losip2   -leXosip2  '
EXTERNAL_ORTP_FALSE=''
EXTERNAL_ORTP_TRUE='#'
FGREP='/bin/grep -F'
GETTEXT_PACKAGE='linphone'
GMSGFMT='/usr/bin/msgfmt'
GMSGFMT_015='/usr/bin/msgfmt'
GREP='/bin/grep'
GUI_FLAGS=''
INSTALL_DATA='${INSTALL} -m 644'
INSTALL_PROGRAM='${INSTALL}'
INSTALL_SCRIPT='${INSTALL}'
INSTALL_STRIP_PROGRAM='$(install_sh) -c -s'
INTLLIBS=''
INTLTOOL_CAVES_RULE='%.caves:     %.caves.in     $(INTLTOOL_MERGE) $(wildcard $(top_srcdir)/po/*.po) ; LC_ALL=C $(INTLTOOL_MERGE) -d -u -c $(top_builddir)/po/.intltool-merge-cache $(top_srcdir)/po $< $@'
INTLTOOL_DESKTOP_RULE='%.desktop:   %.desktop.in   $(INTLTOOL_MERGE) $(wildcard $(top_srcdir)/po/*.po) ; LC_ALL=C $(INTLTOOL_MERGE) -d -u -c $(top_builddir)/po/.intltool-merge-cache $(top_srcdir)/po $< $@'
INTLTOOL_DIRECTORY_RULE='%.directory: %.directory.in $(INTLTOOL_MERGE) $(wildcard $(top_srcdir)/po/*.po) ; LC_ALL=C $(INTLTOOL_MERGE) -d -u -c $(top_builddir)/po/.intltool-merge-cache $(top_srcdir)/po $< $@'
INTLTOOL_EXTRACT='/usr/bin/intltool-extract'
INTLTOOL_KBD_RULE='%.kbd:       %.kbd.in       $(INTLTOOL_MERGE) $(wildcard $(top_srcdir)/po/*.po) ; LC_ALL=C $(INTLTOOL_MERGE) -x -u -m -c $(top_builddir)/po/.intltool-merge-cache $(top_srcdir)/po $< $@'
INTLTOOL_KEYS_RULE='%.keys:      %.keys.in      $(INTLTOOL_MERGE) $(wildcard $(top_srcdir)/po/*.po) ; LC_ALL=C $(INTLTOOL_MERGE) -k -u -c $(top_builddir)/po/.intltool-merge-cache $(top_srcdir)/po $< $@'
INTLTOOL_MERGE='/usr/bin/intltool-merge'
INTLTOOL_OAF_RULE='%.oaf:       %.oaf.in       $(INTLTOOL_MERGE) $(wildcard $(top_srcdir)/po/*.po) ; LC_ALL=C $(INTLTOOL_MERGE) -o -p $(top_srcdir)/po $< $@'
INTLTOOL_PERL='/usr/bin/perl'
INTLTOOL_POLICY_RULE='%.policy:    %.policy.in    $(INTLTOOL_MERGE) $(wildcard $(top_srcdir)/po/*.po) ; LC_ALL=C $(INTLTOOL_MERGE) -x -u -c $(top_builddir)/po/.intltool-merge-cache $(top_srcdir)/po $< $@'
INTLTOOL_PONG_RULE='%.pong:      %.pong.in      $(INTLTOOL_MERGE) $(wildcard $(top_srcdir)/po/*.po) ; LC_ALL=C $(INTLTOOL_MERGE) -x -u -c $(top_builddir)/po/.intltool-merge-cache $(top_srcdir)/po $< $@'
INTLTOOL_PROP_RULE='%.prop:      %.prop.in      $(INTLTOOL_MERGE) $(wildcard $(top_srcdir)/po/*.po) ; LC_ALL=C $(INTLTOOL_MERGE) -d -u -c $(top_builddir)/po/.intltool-merge-cache $(top_srcdir)/po $< $@'
INTLTOOL_SCHEMAS_RULE='%.schemas:   %.schemas.in   $(INTLTOOL_MERGE) $(wildcard $(top_srcdir)/po/*.po) ; LC_ALL=C $(INTLTOOL_MERGE) -s -u -c $(top_builddir)/po/.intltool-merge-cache $(top_srcdir)/po $< $@'
INTLTOOL_SERVER_RULE='%.server:    %.server.in    $(INTLTOOL_MERGE) $(wildcard $(top_srcdir)/po/*.po) ; LC_ALL=C $(INTLTOOL_MERGE) -o -u -c $(top_builddir)/po/.intltool-merge-cache $(top_srcdir)/po $< $@'
INTLTOOL_SERVICE_RULE='%.service: %.service.in   $(INTLTOOL_MERGE) $(wildcard $(top_srcdir)/po/*.po) ; LC_ALL=C $(INTLTOOL_MERGE) -d -u -c $(top_builddir)/po/.intltool-merge-cache $(top_srcdir)/po $< $@'
INTLTOOL_SHEET_RULE='%.sheet:     %.sheet.in     $(INTLTOOL_MERGE) $(wildcard $(top_srcdir)/po/*.po) ; LC_ALL=C $(INTLTOOL_MERGE) -x -u -c $(top_builddir)/po/.intltool-merge-cache $(top_srcdir)/po $< $@'
INTLTOOL_SOUNDLIST_RULE='%.soundlist: %.soundlist.in $(INTLTOOL_MERGE) $(wildcard $(top_srcdir)/po/*.po) ; LC_ALL=C $(INTLTOOL_MERGE) -d -u -c $(top_builddir)/po/.intltool-merge-cache $(top_srcdir)/po $< $@'
INTLTOOL_THEME_RULE='%.theme:     %.theme.in     $(INTLTOOL_MERGE) $(wildcard $(top_srcdir)/po/*.po) ; LC_ALL=C $(INTLTOOL_MERGE) -d -u -c $(top_builddir)/po/.intltool-merge-cache $(top_srcdir)/po $< $@'
INTLTOOL_UI_RULE='%.ui:        %.ui.in        $(INTLTOOL_MERGE) $(wildcard $(top_srcdir)/po/*.po) ; LC_ALL=C $(INTLTOOL_MERGE) -x -u -c $(top_builddir)/po/.intltool-merge-cache $(top_srcdir)/po $< $@'
INTLTOOL_UPDATE='/usr/bin/intltool-update'
INTLTOOL_XAM_RULE='%.xam:       %.xml.in       $(INTLTOOL_MERGE) $(wildcard $(top_srcdir)/po/*.po) ; LC_ALL=C $(INTLTOOL_MERGE) -x -u -c $(top_builddir)/po/.intltool-merge-cache $(top_srcdir)/po $< $@'
INTLTOOL_XML_NOMERGE_RULE='%.xml:       %.xml.in       $(INTLTOOL_MERGE) ; LC_ALL=C $(INTLTOOL_MERGE) -x -u /tmp $< $@'
INTLTOOL_XML_RULE='%.xml:       %.xml.in       $(INTLTOOL_MERGE) $(wildcard $(top_srcdir)/po/*.po) ; LC_ALL=C $(INTLTOOL_MERGE) -x -u -c $(top_builddir)/po/.intltool-merge-cache $(top_srcdir)/po $< $@'
INTL_MACOSX_LIBS=''
IPV6_CFLAGS='-DINET6'
LD='/usr/bin/ld'
LDFLAGS=''
LIBGLADE_CFLAGS='-pthread -I/usr/include/libglade-2.0 -I/usr/include/gtk-2.0 -I/usr/include/libxml2 -I/usr/lib/i386-linux-gnu/gtk-2.0/include -I/usr/include/atk-1.0 -I/usr/include/cairo -I/usr/include/gdk-pixbuf-2.0 -I/usr/include/pango-1.0 -I/usr/include/gio-unix-2.0/ -I/usr/include/glib-2.0 -I/usr/lib/i386-linux-gnu/glib-2.0/include -I/usr/include/pixman-1 -I/usr/include/freetype2 -I/usr/include/libpng12  '
LIBGLADE_LIBS='-lglade-2.0 -lgtk-x11-2.0 -lxml2 -lgdk-x11-2.0 -latk-1.0 -lgio-2.0 -lpangoft2-1.0 -lpangocairo-1.0 -lgdk_pixbuf-2.0 -lcairo -lpango-1.0 -lfreetype -lfontconfig -lgobject-2.0 -lglib-2.0  '
LIBGTK_CFLAGS='-pthread -I/usr/include/gtk-2.0 -I/usr/lib/i386-linux-gnu/gtk-2.0/include -I/usr/include/atk-1.0 -I/usr/include/cairo -I/usr/include/gdk-pixbuf-2.0 -I/usr/include/pango-1.0 -I/usr/include/gio-unix-2.0/ -I/usr/include/glib-2.0 -I/usr/lib/i386-linux-gnu/glib-2.0/include -I/usr/include/pixman-1 -I/usr/include/freetype2 -I/usr/include/libpng12  '
LIBGTK_LIBS='-pthread -lgtk-x11-2.0 -lgdk-x11-2.0 -latk-1.0 -lgio-2.0 -lpangoft2-1.0 -lpangocairo-1.0 -lgdk_pixbuf-2.0 -lcairo -lpango-1.0 -lfreetype -lfontconfig -lgobject-2.0 -lgthread-2.0 -lrt -lglib-2.0  '
LIBICONV='-liconv'
LIBINTL=''
LIBLINPHONE_SO_VERSION='5:1:2'
LIBOBJS=''
LIBS=' '
LIBTOOL='$(SHELL) $(top_builddir)/libtool'
LINPHONE_CFLAGS='-I${prefix}/include -I${prefix}/include/linphone  '
LINPHONE_LIBS='-L${exec_prefix}/lib  -llinphone'
LINPHONE_PLUGINS_DIR='/usr/local/lib/liblinphone/plugins'
LINPHONE_VERSION='3.2.1'
LIPO=''
LN_S='ln -s'
LTLIBICONV='-liconv'
LTLIBINTL=''
LTLIBOBJS=''
MAKEINFO='${SHELL} /home/untu/Desktop/dc/linphone/linphone-3.2.1/missing --run makeinfo'
MKDIR_P='/bin/mkdir -p'
MS2_VERSION='2.3.1'
MSGFMT='/usr/bin/msgfmt'
MSGFMT_015='/usr/bin/msgfmt'
MSGMERGE='/usr/bin/msgmerge'
NM='/usr/bin/nm -B'
NMEDIT=''
OBJDUMP='objdump'
OBJEXT='o'
ORTP_CFLAGS='-I$(top_srcdir)/oRTP/include'
ORTP_LIBS='$(top_builddir)/oRTP/src/libortp.la'
ORTP_VERSION='0.16.1'
OSIP_CFLAGS='-DOSIP_MT -I/usr/local/include  '
OSIP_LIBS='-L/usr/local/lib -losipparser2 -losip2  '
OTOOL64=''
OTOOL=''
PACKAGE='linphone'
PACKAGE_BUGREPORT='linphone-developers@nongnu.org'
PACKAGE_NAME='linphone'
PACKAGE_STRING='linphone 3.2.1'
PACKAGE_TARNAME='linphone'
PACKAGE_URL=''
PACKAGE_VERSION='3.2.1'
PATH_SEPARATOR=':'
PKG_CONFIG='/usr/bin/pkg-config'
POSUB='po'
RANLIB='ranlib'
READLINE_CFLAGS=''
READLINE_LIBS=' -lreadline -lncurses'
SED='/bin/sed'
SET_MAKE=''
SHELL='/bin/bash'
SPEEX_CFLAGS='-I/usr/local/include  '
SPEEX_LIBS='-L/usr/local/lib -lspeex  '
STRICT_OPTIONS=''
STRIP='strip'
TRUESPEECH_CFLAGS=''
USE_NLS='yes'
VERSION='3.2.1'
XGETTEXT='/usr/bin/xgettext'
XGETTEXT_015='/usr/bin/xgettext'
ac_ct_CC='gcc'
ac_ct_DUMPBIN=''
am__EXEEXT_FALSE=''
am__EXEEXT_TRUE='#'
am__fastdepCC_FALSE='#'
am__fastdepCC_TRUE=''
am__include='include'
am__isrc=''
am__leading_dot='.'
am__quote=''
am__tar='tar --format=ustar -chf - "$$tardir"'
am__untar='tar -xf -'
bindir='${exec_prefix}/bin'
build='i686-pc-linux-gnu'
build_alias=''
build_cpu='i686'
build_os='linux-gnu'
build_vendor='pc'
datadir='${datarootdir}'
datarootdir='${prefix}/share'
docdir='${datarootdir}/doc/${PACKAGE_TARNAME}'
dvidir='${docdir}'
exec_prefix='${prefix}'
have_sgmltools='no'
host='i686-pc-linux-gnu'
host_alias=''
host_cpu='i686'
host_os='linux-gnu'
host_vendor='pc'
htmldir='${docdir}'
includedir='${prefix}/include'
infodir='${datarootdir}/info'
install_sh='${SHELL} /home/untu/Desktop/dc/linphone/linphone-3.2.1/install-sh'
libdir='${exec_prefix}/lib'
libexecdir='${exec_prefix}/libexec'
localedir='${datarootdir}/locale'
localstatedir='${prefix}/var'
lt_ECHO='echo'
mandir='${datarootdir}/man'
mkdir_p='/bin/mkdir -p'
oldincludedir='/usr/include'
pdfdir='${docdir}'
prefix='/usr/local'
program_transform_name='s,x,x,'
psdir='${docdir}'
sbindir='${exec_prefix}/sbin'
sharedstatedir='${prefix}/com'
subdirs=' mediastreamer2 oRTP'
sysconfdir='${prefix}/etc'
target='i686-pc-linux-gnu'
target_alias=''
target_cpu='i686'
target_os='linux-gnu'
target_vendor='pc'

## ----------- ##
## confdefs.h. ##
## ----------- ##

/* confdefs.h */
#define PACKAGE_NAME "linphone"
#define PACKAGE_TARNAME "linphone"
#define PACKAGE_VERSION "3.2.1"
#define PACKAGE_STRING "linphone 3.2.1"
#define PACKAGE_BUGREPORT "linphone-developers@nongnu.org"
#define PACKAGE_URL ""
#define PACKAGE "linphone"
#define VERSION "3.2.1"
#define STDC_HEADERS 1
#define HAVE_SYS_TYPES_H 1
#define HAVE_SYS_STAT_H 1
#define HAVE_STDLIB_H 1
#define HAVE_STRING_H 1
#define HAVE_MEMORY_H 1
#define HAVE_STRINGS_H 1
#define HAVE_INTTYPES_H 1
#define HAVE_STDINT_H 1
#define HAVE_UNISTD_H 1
#define HAVE_DLFCN_H 1
#define LT_OBJDIR ".libs/"
#define LINPHONE_ALL_LANGS "fr it de ja es pl cs nl sv pt_BR hu ru zh_CN"
#define ENABLE_NLS 1
#define HAVE_GETTEXT 1
#define HAVE_DCGETTEXT 1
#define GETTEXT_PACKAGE "linphone"
#define HAVE_GET_CURRENT_DIR_NAME 1
#define HAVE_STRNDUP 1
#define HAVE_STPCPY 1
#define LINPHONE_CONFIG_DIR "Linphone"
#define PACKAGE_LOCALE_DIR "/usr/local/share/locale"
#define PACKAGE_DATA_DIR "/usr/local/share"
#define PACKAGE_SOUND_DIR "/usr/local/share/sounds/linphone"
#define HAVE_GETIFADDRS 1
#define HAVE_LIBEXOSIP2 1
#define HAVE_EXOSIP_GET_VERSION 1
#define HAVE_READLINE_READLINE_H 1
#define HAVE_READLINE_HISTORY_H 1
#define VIDEO_ENABLED 1
#define LINPHONE_VERSION "3.2.1"
#define LINPHONE_PLUGINS_DIR "/usr/local/lib/liblinphone/plugins"

configure: exit 0
