This file contains any messages produced by compilers while
running configure, to aid debugging if configure makes a mistake.

It was created by ortp configure 0.16.1, which was
generated by GNU Autoconf 2.64.  Invocation command line was

  $ ./configure --disable-option-checking --prefix=/usr/local --disable-strict --cache-file=/dev/null --srcdir=.

## --------- ##
## Platform. ##
## --------- ##

hostname = untu-Presario-CQ42-Notebook-PC
uname -m = i686
uname -r = 3.5.0-23-generic
uname -s = Linux
uname -v = #35~precise1-Ubuntu SMP Fri Jan 25 17:15:33 UTC 2013

/usr/bin/uname -p = unknown
/bin/uname -X     = unknown

/bin/arch              = unknown
/usr/bin/arch -k       = unknown
/usr/convex/getsysinfo = unknown
/usr/bin/hostinfo      = unknown
/bin/machine           = unknown
/usr/bin/oslevel       = unknown
/bin/universe          = unknown

PATH: /usr/lib/lightdm/lightdm
PATH: /usr/local/sbin
PATH: /usr/local/bin
PATH: /usr/sbin
PATH: /usr/bin
PATH: /sbin
PATH: /bin
PATH: /usr/games


## ----------- ##
## Core tests. ##
## ----------- ##

configure:2374: checking build system type
configure:2388: result: i686-pc-linux-gnu
configure:2408: checking host system type
configure:2421: result: i686-pc-linux-gnu
configure:2441: checking target system type
configure:2454: result: i686-pc-linux-gnu
configure:2520: checking for a BSD-compatible install
configure:2588: result: /usr/bin/install -c
configure:2599: checking whether build environment is sane
configure:2649: result: yes
configure:2790: checking for a thread-safe mkdir -p
configure:2829: result: /bin/mkdir -p
configure:2842: checking for gawk
configure:2858: found /usr/bin/gawk
configure:2869: result: gawk
configure:2880: checking whether make sets $(MAKE)
configure:2902: result: yes
configure:2977: checking how to create a ustar tar archive
configure:2990: tar --version
tar (GNU tar) 1.26
Copyright (C) 2011 Free Software Foundation, Inc.
License GPLv3+: GNU GPL version 3 or later <http://gnu.org/licenses/gpl.html>.
This is free software: you are free to change and redistribute it.
There is NO WARRANTY, to the extent permitted by law.

Written by John Gilmore and Jay Fenlason.
configure:2993: $? = 0
configure:3033: tardir=conftest.dir && eval tar --format=ustar -chf - "$tardir" >conftest.tar
configure:3036: $? = 0
configure:3040: tar -xf - <conftest.tar
configure:3043: $? = 0
configure:3056: result: gnutar
configure:3088: checking warning make an error on compilation
configure:3224: checking for gcc
configure:3240: found /usr/bin/gcc
configure:3251: result: gcc
configure:3480: checking for C compiler version
configure:3489: gcc --version >&5
gcc (Ubuntu/Linaro 4.6.3-1ubuntu5) 4.6.3
Copyright (C) 2011 Free Software Foundation, Inc.
This is free software; see the source for copying conditions.  There is NO
warranty; not even for MERCHANTABILITY or FITNESS FOR A PARTICULAR PURPOSE.

configure:3500: $? = 0
configure:3489: gcc -v >&5
Using built-in specs.
COLLECT_GCC=gcc
COLLECT_LTO_WRAPPER=/usr/lib/gcc/i686-linux-gnu/4.6/lto-wrapper
Target: i686-linux-gnu
Configured with: ../src/configure -v --with-pkgversion='Ubuntu/Linaro 4.6.3-1ubuntu5' --with-bugurl=file:///usr/share/doc/gcc-4.6/README.Bugs --enable-languages=c,c++,fortran,objc,obj-c++ --prefix=/usr --program-suffix=-4.6 --enable-shared --enable-linker-build-id --with-system-zlib --libexecdir=/usr/lib --without-included-gettext --enable-threads=posix --with-gxx-include-dir=/usr/include/c++/4.6 --libdir=/usr/lib --enable-nls --with-sysroot=/ --enable-clocale=gnu --enable-libstdcxx-debug --enable-libstdcxx-time=yes --enable-gnu-unique-object --enable-plugin --enable-objc-gc --enable-targets=all --disable-werror --with-arch-32=i686 --with-tune=generic --enable-checking=release --build=i686-linux-gnu --host=i686-linux-gnu --target=i686-linux-gnu
Thread model: posix
gcc version 4.6.3 (Ubuntu/Linaro 4.6.3-1ubuntu5) 
configure:3500: $? = 0
configure:3489: gcc -V >&5
gcc: error: unrecognized option '-V'
gcc: fatal error: no input files
compilation terminated.
configure:3500: $? = 4
configure:3489: gcc -qversion >&5
gcc: error: unrecognized option '-qversion'
gcc: fatal error: no input files
compilation terminated.
configure:3500: $? = 4
configure:3522: checking for C compiler default output file name
configure:3544: gcc    conftest.c  >&5
configure:3548: $? = 0
configure:3585: result: a.out
configure:3601: checking whether the C compiler works
configure:3610: ./a.out
configure:3614: $? = 0
configure:3629: result: yes
configure:3636: checking whether we are cross compiling
configure:3638: result: no
configure:3641: checking for suffix of executables
configure:3648: gcc -o conftest    conftest.c  >&5
configure:3652: $? = 0
configure:3674: result: 
configure:3680: checking for suffix of object files
configure:3702: gcc -c   conftest.c >&5
configure:3706: $? = 0
configure:3727: result: o
configure:3731: checking whether we are using the GNU C compiler
configure:3750: gcc -c   conftest.c >&5
configure:3750: $? = 0
configure:3759: result: yes
configure:3768: checking whether gcc accepts -g
configure:3788: gcc -c -g  conftest.c >&5
configure:3788: $? = 0
configure:3829: result: yes
configure:3846: checking for gcc option to accept ISO C89
configure:3910: gcc  -c -g -O2  conftest.c >&5
configure:3910: $? = 0
configure:3923: result: none needed
configure:3954: checking for style of include used by make
configure:3982: result: GNU
configure:4007: checking dependency style of gcc
configure:4117: result: gcc3
configure:4460: checking for a sed that does not truncate output
configure:4524: result: /bin/sed
configure:4542: checking for grep that handles long lines and -e
configure:4600: result: /bin/grep
configure:4605: checking for egrep
configure:4667: result: /bin/grep -E
configure:4672: checking for fgrep
configure:4734: result: /bin/grep -F
configure:4769: checking for ld used by gcc
configure:4836: result: /usr/bin/ld
configure:4843: checking if the linker (/usr/bin/ld) is GNU ld
configure:4858: result: yes
configure:4870: checking for BSD- or MS-compatible name lister (nm)
configure:4919: result: /usr/bin/nm -B
configure:5037: checking the name lister (/usr/bin/nm -B) interface
configure:5044: gcc -c -g -O2  conftest.c >&5
configure:5047: /usr/bin/nm -B "conftest.o"
configure:5050: output
00000000 B some_variable
configure:5057: result: BSD nm
configure:5060: checking whether ln -s works
configure:5064: result: yes
configure:5072: checking the maximum length of command line arguments
configure:5192: result: 1572864
configure:5209: checking whether the shell understands some XSI constructs
configure:5219: result: yes
configure:5223: checking whether the shell understands "+="
configure:5229: result: yes
configure:5264: checking for /usr/bin/ld option to reload object files
configure:5271: result: -r
configure:5340: checking for objdump
configure:5367: result: objdump
configure:5396: checking how to recognize dependent libraries
configure:5592: result: pass_all
configure:5652: checking for ar
configure:5668: found /usr/bin/ar
configure:5679: result: ar
configure:5757: checking for strip
configure:5773: found /usr/bin/strip
configure:5784: result: strip
configure:5856: checking for ranlib
configure:5872: found /usr/bin/ranlib
configure:5883: result: ranlib
configure:5973: checking command to parse /usr/bin/nm -B output from gcc object
configure:6091: gcc -c -g -O2  conftest.c >&5
configure:6094: $? = 0
configure:6098: /usr/bin/nm -B conftest.o \| sed -n -e 's/^.*[	 ]\([ABCDGIRSTW][ABCDGIRSTW]*\)[	 ][	 ]*\([_A-Za-z][_A-Za-z0-9]*\)$/\1 \2 \2/p' \> conftest.nm
configure:6101: $? = 0
configure:6155: gcc -o conftest -g -O2   conftest.c conftstm.o >&5
configure:6158: $? = 0
configure:6196: result: ok
configure:7005: checking how to run the C preprocessor
configure:7036: gcc -E  conftest.c
configure:7036: $? = 0
configure:7050: gcc -E  conftest.c
conftest.c:15:28: fatal error: ac_nonexistent.h: No such file or directory
compilation terminated.
configure:7050: $? = 1
configure: failed program was:
| /* confdefs.h */
| #define PACKAGE_NAME "ortp"
| #define PACKAGE_TARNAME "ortp"
| #define PACKAGE_VERSION "0.16.1"
| #define PACKAGE_STRING "ortp 0.16.1"
| #define PACKAGE_BUGREPORT ""
| #define PACKAGE_URL ""
| #define PACKAGE "ortp"
| #define VERSION "0.16.1"
| #define ORTP_MAJOR_VERSION 0
| #define ORTP_MINOR_VERSION 16
| #define ORTP_MICRO_VERSION 1
| #define ORTP_VERSION "0.16.1"
| /* end confdefs.h.  */
| #include <ac_nonexistent.h>
configure:7075: result: gcc -E
configure:7095: gcc -E  conftest.c
configure:7095: $? = 0
configure:7109: gcc -E  conftest.c
conftest.c:15:28: fatal error: ac_nonexistent.h: No such file or directory
compilation terminated.
configure:7109: $? = 1
configure: failed program was:
| /* confdefs.h */
| #define PACKAGE_NAME "ortp"
| #define PACKAGE_TARNAME "ortp"
| #define PACKAGE_VERSION "0.16.1"
| #define PACKAGE_STRING "ortp 0.16.1"
| #define PACKAGE_BUGREPORT ""
| #define PACKAGE_URL ""
| #define PACKAGE "ortp"
| #define VERSION "0.16.1"
| #define ORTP_MAJOR_VERSION 0
| #define ORTP_MINOR_VERSION 16
| #define ORTP_MICRO_VERSION 1
| #define ORTP_VERSION "0.16.1"
| /* end confdefs.h.  */
| #include <ac_nonexistent.h>
configure:7138: checking for ANSI C header files
configure:7158: gcc -c -g -O2  conftest.c >&5
configure:7158: $? = 0
configure:7231: gcc -o conftest -g -O2   conftest.c  >&5
configure:7231: $? = 0
configure:7231: ./conftest
configure:7231: $? = 0
configure:7242: result: yes
configure:7255: checking for sys/types.h
configure:7255: gcc -c -g -O2  conftest.c >&5
configure:7255: $? = 0
configure:7255: result: yes
configure:7255: checking for sys/stat.h
configure:7255: gcc -c -g -O2  conftest.c >&5
configure:7255: $? = 0
configure:7255: result: yes
configure:7255: checking for stdlib.h
configure:7255: gcc -c -g -O2  conftest.c >&5
configure:7255: $? = 0
configure:7255: result: yes
configure:7255: checking for string.h
configure:7255: gcc -c -g -O2  conftest.c >&5
configure:7255: $? = 0
configure:7255: result: yes
configure:7255: checking for memory.h
configure:7255: gcc -c -g -O2  conftest.c >&5
configure:7255: $? = 0
configure:7255: result: yes
configure:7255: checking for strings.h
configure:7255: gcc -c -g -O2  conftest.c >&5
configure:7255: $? = 0
configure:7255: result: yes
configure:7255: checking for inttypes.h
configure:7255: gcc -c -g -O2  conftest.c >&5
configure:7255: $? = 0
configure:7255: result: yes
configure:7255: checking for stdint.h
configure:7255: gcc -c -g -O2  conftest.c >&5
configure:7255: $? = 0
configure:7255: result: yes
configure:7255: checking for unistd.h
configure:7255: gcc -c -g -O2  conftest.c >&5
configure:7255: $? = 0
configure:7255: result: yes
configure:7270: checking for dlfcn.h
configure:7270: gcc -c -g -O2  conftest.c >&5
configure:7270: $? = 0
configure:7270: result: yes
configure:7452: checking for objdir
configure:7467: result: .libs
configure:7759: checking if gcc supports -fno-rtti -fno-exceptions
configure:7777: gcc -c -g -O2  -fno-rtti -fno-exceptions conftest.c >&5
cc1: warning: command line option '-fno-rtti' is valid for C++/ObjC++ but not for C [enabled by default]
configure:7781: $? = 0
configure:7794: result: no
configure:7814: checking for gcc option to produce PIC
configure:8086: result: -fPIC -DPIC
configure:8098: checking if gcc PIC flag -fPIC -DPIC works
configure:8116: gcc -c -g -O2  -fPIC -DPIC -DPIC conftest.c >&5
configure:8120: $? = 0
configure:8133: result: yes
configure:8157: checking if gcc static flag -static works
configure:8185: result: yes
configure:8200: checking if gcc supports -c -o file.o
configure:8221: gcc -c -g -O2  -o out/conftest2.o conftest.c >&5
configure:8225: $? = 0
configure:8247: result: yes
configure:8255: checking if gcc supports -c -o file.o
configure:8302: result: yes
configure:8335: checking whether the gcc linker (/usr/bin/ld) supports shared libraries
configure:9325: result: yes
configure:9362: checking whether -lc should be explicitly linked in
configure:9367: gcc -c -g -O2  conftest.c >&5
configure:9370: $? = 0
configure:9385: gcc -shared conftest.o  -v -Wl,-soname -Wl,conftest -o conftest 2\>\&1 \| /bin/grep  -lc  \>/dev/null 2\>\&1
configure:9388: $? = 0
configure:9400: result: no
configure:9564: checking dynamic linker characteristics
configure:9997: gcc -o conftest -g -O2   -Wl,-rpath -Wl,/foo conftest.c  >&5
configure:9997: $? = 0
configure:10227: result: GNU/Linux ld.so
configure:10329: checking how to hardcode library paths into programs
configure:10354: result: immediate
configure:10874: checking whether stripping libraries is possible
configure:10879: result: yes
configure:10914: checking if libtool supports shared libraries
configure:10916: result: yes
configure:10919: checking whether to build shared libraries
configure:10940: result: yes
configure:10943: checking whether to build static libraries
configure:10947: result: yes
configure:11054: checking for seteuid
configure:11054: gcc -o conftest -g -O2 -Wall   conftest.c  >&5
configure:11054: $? = 0
configure:11054: result: yes
configure:11065: checking for pthread_mutex_init in -lpthread
configure:11090: gcc -o conftest -g -O2 -Wall   conftest.c -lpthread   >&5
configure:11090: $? = 0
configure:11099: result: yes
configure:11150: checking srtp/srtp.h usability
configure:11150: gcc -c -g -O2 -Wall  conftest.c >&5
configure:11150: $? = 0
configure:11150: result: yes
configure:11150: checking srtp/srtp.h presence
configure:11150: gcc -E  conftest.c
configure:11150: $? = 0
configure:11150: result: yes
configure:11150: checking for srtp/srtp.h
configure:11150: result: yes
configure:11161: checking for srtp_init in -lsrtp
configure:11186: gcc -o conftest -g -O2 -Wall   -lsrtp conftest.c -lsrtp   >&5
configure:11186: $? = 0
configure:11195: result: yes
configure:11265: checking for ANSI C header files
configure:11369: result: yes
configure:11380: checking poll.h usability
configure:11380: gcc -c -g -O2 -Wall  conftest.c >&5
configure:11380: $? = 0
configure:11380: result: yes
configure:11380: checking poll.h presence
configure:11380: gcc -E  conftest.c
configure:11380: $? = 0
configure:11380: result: yes
configure:11380: checking for poll.h
configure:11380: result: yes
configure:11380: checking sys/poll.h usability
configure:11380: gcc -c -g -O2 -Wall  conftest.c >&5
configure:11380: $? = 0
configure:11380: result: yes
configure:11380: checking sys/poll.h presence
configure:11380: gcc -E  conftest.c
configure:11380: $? = 0
configure:11380: result: yes
configure:11380: checking for sys/poll.h
configure:11380: result: yes
configure:11380: checking sys/uio.h usability
configure:11380: gcc -c -g -O2 -Wall  conftest.c >&5
configure:11380: $? = 0
configure:11380: result: yes
configure:11380: checking sys/uio.h presence
configure:11380: gcc -E  conftest.c
configure:11380: $? = 0
configure:11380: result: yes
configure:11380: checking for sys/uio.h
configure:11380: result: yes
configure:11380: checking fcntl.h usability
configure:11380: gcc -c -g -O2 -Wall  conftest.c >&5
configure:11380: $? = 0
configure:11380: result: yes
configure:11380: checking fcntl.h presence
configure:11380: gcc -E  conftest.c
configure:11380: $? = 0
configure:11380: result: yes
configure:11380: checking for fcntl.h
configure:11380: result: yes
configure:11380: checking sys/time.h usability
configure:11380: gcc -c -g -O2 -Wall  conftest.c >&5
configure:11380: $? = 0
configure:11380: result: yes
configure:11380: checking sys/time.h presence
configure:11380: gcc -E  conftest.c
configure:11380: $? = 0
configure:11380: result: yes
configure:11380: checking for sys/time.h
configure:11380: result: yes
configure:11380: checking for unistd.h
configure:11380: result: yes
configure:11380: checking sys/audio.h usability
configure:11380: gcc -c -g -O2 -Wall  conftest.c >&5
conftest.c:71:23: fatal error: sys/audio.h: No such file or directory
compilation terminated.
configure:11380: $? = 1
configure: failed program was:
| /* confdefs.h */
| #define PACKAGE_NAME "ortp"
| #define PACKAGE_TARNAME "ortp"
| #define PACKAGE_VERSION "0.16.1"
| #define PACKAGE_STRING "ortp 0.16.1"
| #define PACKAGE_BUGREPORT ""
| #define PACKAGE_URL ""
| #define PACKAGE "ortp"
| #define VERSION "0.16.1"
| #define ORTP_MAJOR_VERSION 0
| #define ORTP_MINOR_VERSION 16
| #define ORTP_MICRO_VERSION 1
| #define ORTP_VERSION "0.16.1"
| #define STDC_HEADERS 1
| #define HAVE_SYS_TYPES_H 1
| #define HAVE_SYS_STAT_H 1
| #define HAVE_STDLIB_H 1
| #define HAVE_STRING_H 1
| #define HAVE_MEMORY_H 1
| #define HAVE_STRINGS_H 1
| #define HAVE_INTTYPES_H 1
| #define HAVE_STDINT_H 1
| #define HAVE_UNISTD_H 1
| #define HAVE_DLFCN_H 1
| #define LT_OBJDIR ".libs/"
| #define HAVE_SETEUID 1
| #define ORTP_DEFAULT_THREAD_STACK_SIZE 0
| #define HAVE_SRTP 1
| #define SO_REUSE_ADDR 1
| #define STDC_HEADERS 1
| #define HAVE_POLL_H 1
| #define HAVE_SYS_POLL_H 1
| #define HAVE_SYS_UIO_H 1
| #define HAVE_FCNTL_H 1
| #define HAVE_SYS_TIME_H 1
| #define HAVE_UNISTD_H 1
| /* end confdefs.h.  */
| #include <stdio.h>
| #ifdef HAVE_SYS_TYPES_H
| # include <sys/types.h>
| #endif
| #ifdef HAVE_SYS_STAT_H
| # include <sys/stat.h>
| #endif
| #ifdef STDC_HEADERS
| # include <stdlib.h>
| # include <stddef.h>
| #else
| # ifdef HAVE_STDLIB_H
| #  include <stdlib.h>
| # endif
| #endif
| #ifdef HAVE_STRING_H
| # if !defined STDC_HEADERS && defined HAVE_MEMORY_H
| #  include <memory.h>
| # endif
| # include <string.h>
| #endif
| #ifdef HAVE_STRINGS_H
| # include <strings.h>
| #endif
| #ifdef HAVE_INTTYPES_H
| # include <inttypes.h>
| #endif
| #ifdef HAVE_STDINT_H
| # include <stdint.h>
| #endif
| #ifdef HAVE_UNISTD_H
| # include <unistd.h>
| #endif
| #include <sys/audio.h>
configure:11380: result: no
configure:11380: checking sys/audio.h presence
configure:11380: gcc -E  conftest.c
conftest.c:38:23: fatal error: sys/audio.h: No such file or directory
compilation terminated.
configure:11380: $? = 1
configure: failed program was:
| /* confdefs.h */
| #define PACKAGE_NAME "ortp"
| #define PACKAGE_TARNAME "ortp"
| #define PACKAGE_VERSION "0.16.1"
| #define PACKAGE_STRING "ortp 0.16.1"
| #define PACKAGE_BUGREPORT ""
| #define PACKAGE_URL ""
| #define PACKAGE "ortp"
| #define VERSION "0.16.1"
| #define ORTP_MAJOR_VERSION 0
| #define ORTP_MINOR_VERSION 16
| #define ORTP_MICRO_VERSION 1
| #define ORTP_VERSION "0.16.1"
| #define STDC_HEADERS 1
| #define HAVE_SYS_TYPES_H 1
| #define HAVE_SYS_STAT_H 1
| #define HAVE_STDLIB_H 1
| #define HAVE_STRING_H 1
| #define HAVE_MEMORY_H 1
| #define HAVE_STRINGS_H 1
| #define HAVE_INTTYPES_H 1
| #define HAVE_STDINT_H 1
| #define HAVE_UNISTD_H 1
| #define HAVE_DLFCN_H 1
| #define LT_OBJDIR ".libs/"
| #define HAVE_SETEUID 1
| #define ORTP_DEFAULT_THREAD_STACK_SIZE 0
| #define HAVE_SRTP 1
| #define SO_REUSE_ADDR 1
| #define STDC_HEADERS 1
| #define HAVE_POLL_H 1
| #define HAVE_SYS_POLL_H 1
| #define HAVE_SYS_UIO_H 1
| #define HAVE_FCNTL_H 1
| #define HAVE_SYS_TIME_H 1
| #define HAVE_UNISTD_H 1
| /* end confdefs.h.  */
| #include <sys/audio.h>
configure:11380: result: no
configure:11380: checking for sys/audio.h
configure:11380: result: no
configure:11380: checking linux/soundcard.h usability
configure:11380: gcc -c -g -O2 -Wall  conftest.c >&5
configure:11380: $? = 0
configure:11380: result: yes
configure:11380: checking linux/soundcard.h presence
configure:11380: gcc -E  conftest.c
configure:11380: $? = 0
configure:11380: result: yes
configure:11380: checking for linux/soundcard.h
configure:11380: result: yes
configure:11392: checking for an ANSI C-conforming const
configure:11457: gcc -c -g -O2 -Wall  conftest.c >&5
conftest.c: In function 'main':
conftest.c:68:10: warning: 't' is used uninitialized in this function [-Wuninitialized]
configure:11457: $? = 0
configure:11464: result: yes
configure:11472: checking for inline
configure:11488: gcc -c -g -O2 -Wall  conftest.c >&5
configure:11488: $? = 0
configure:11496: result: inline
configure:11514: checking whether time.h and sys/time.h may both be included
configure:11534: gcc -c -g -O2 -Wall  conftest.c >&5
configure:11534: $? = 0
configure:11541: result: yes
configure:11549: checking whether byte ordering is bigendian
configure:11564: gcc -c -g -O2 -Wall  conftest.c >&5
conftest.c:41:9: error: unknown type name 'not'
conftest.c:41:15: error: expected '=', ',', ';', 'asm' or '__attribute__' before 'universal'
conftest.c:41:15: error: unknown type name 'universal'
configure:11564: $? = 1
configure: failed program was:
| /* confdefs.h */
| #define PACKAGE_NAME "ortp"
| #define PACKAGE_TARNAME "ortp"
| #define PACKAGE_VERSION "0.16.1"
| #define PACKAGE_STRING "ortp 0.16.1"
| #define PACKAGE_BUGREPORT ""
| #define PACKAGE_URL ""
| #define PACKAGE "ortp"
| #define VERSION "0.16.1"
| #define ORTP_MAJOR_VERSION 0
| #define ORTP_MINOR_VERSION 16
| #define ORTP_MICRO_VERSION 1
| #define ORTP_VERSION "0.16.1"
| #define STDC_HEADERS 1
| #define HAVE_SYS_TYPES_H 1
| #define HAVE_SYS_STAT_H 1
| #define HAVE_STDLIB_H 1
| #define HAVE_STRING_H 1
| #define HAVE_MEMORY_H 1
| #define HAVE_STRINGS_H 1
| #define HAVE_INTTYPES_H 1
| #define HAVE_STDINT_H 1
| #define HAVE_UNISTD_H 1
| #define HAVE_DLFCN_H 1
| #define LT_OBJDIR ".libs/"
| #define HAVE_SETEUID 1
| #define ORTP_DEFAULT_THREAD_STACK_SIZE 0
| #define HAVE_SRTP 1
| #define SO_REUSE_ADDR 1
| #define STDC_HEADERS 1
| #define HAVE_POLL_H 1
| #define HAVE_SYS_POLL_H 1
| #define HAVE_SYS_UIO_H 1
| #define HAVE_FCNTL_H 1
| #define HAVE_SYS_TIME_H 1
| #define HAVE_UNISTD_H 1
| #define HAVE_LINUX_SOUNDCARD_H 1
| #define TIME_WITH_SYS_TIME 1
| /* end confdefs.h.  */
| #ifndef __APPLE_CC__
| 	       not a universal capable compiler
| 	     #endif
| 	     typedef int dummy;
| 
configure:11609: gcc -c -g -O2 -Wall  conftest.c >&5
configure:11609: $? = 0
configure:11627: gcc -c -g -O2 -Wall  conftest.c >&5
conftest.c: In function 'main':
conftest.c:47:4: error: unknown type name 'not'
conftest.c:47:12: error: expected '=', ',', ';', 'asm' or '__attribute__' before 'endian'
configure:11627: $? = 1
configure: failed program was:
| /* confdefs.h */
| #define PACKAGE_NAME "ortp"
| #define PACKAGE_TARNAME "ortp"
| #define PACKAGE_VERSION "0.16.1"
| #define PACKAGE_STRING "ortp 0.16.1"
| #define PACKAGE_BUGREPORT ""
| #define PACKAGE_URL ""
| #define PACKAGE "ortp"
| #define VERSION "0.16.1"
| #define ORTP_MAJOR_VERSION 0
| #define ORTP_MINOR_VERSION 16
| #define ORTP_MICRO_VERSION 1
| #define ORTP_VERSION "0.16.1"
| #define STDC_HEADERS 1
| #define HAVE_SYS_TYPES_H 1
| #define HAVE_SYS_STAT_H 1
| #define HAVE_STDLIB_H 1
| #define HAVE_STRING_H 1
| #define HAVE_MEMORY_H 1
| #define HAVE_STRINGS_H 1
| #define HAVE_INTTYPES_H 1
| #define HAVE_STDINT_H 1
| #define HAVE_UNISTD_H 1
| #define HAVE_DLFCN_H 1
| #define LT_OBJDIR ".libs/"
| #define HAVE_SETEUID 1
| #define ORTP_DEFAULT_THREAD_STACK_SIZE 0
| #define HAVE_SRTP 1
| #define SO_REUSE_ADDR 1
| #define STDC_HEADERS 1
| #define HAVE_POLL_H 1
| #define HAVE_SYS_POLL_H 1
| #define HAVE_SYS_UIO_H 1
| #define HAVE_FCNTL_H 1
| #define HAVE_SYS_TIME_H 1
| #define HAVE_UNISTD_H 1
| #define HAVE_LINUX_SOUNDCARD_H 1
| #define TIME_WITH_SYS_TIME 1
| /* end confdefs.h.  */
| #include <sys/types.h>
| 		#include <sys/param.h>
| 
| int
| main ()
| {
| #if BYTE_ORDER != BIG_ENDIAN
| 		 not big endian
| 		#endif
| 
|   ;
|   return 0;
| }
configure:11755: result: no
configure:11780: checking for select
configure:11780: gcc -o conftest -g -O2 -Wall   conftest.c  >&5
configure:11780: $? = 0
configure:11780: result: yes
configure:11780: checking for socket
configure:11780: gcc -o conftest -g -O2 -Wall   conftest.c  >&5
configure:11780: $? = 0
configure:11780: result: yes
configure:11780: checking for strerror
configure:11780: gcc -o conftest -g -O2 -Wall   conftest.c  >&5
configure:11780: $? = 0
configure:11780: result: yes
configure:11812: checking openssl/hmac.h usability
configure:11812: gcc -c -g -O2 -Wall  conftest.c >&5
configure:11812: $? = 0
configure:11812: result: yes
configure:11812: checking openssl/hmac.h presence
configure:11812: gcc -E  conftest.c
configure:11812: $? = 0
configure:11812: result: yes
configure:11812: checking for openssl/hmac.h
configure:11812: result: yes
configure:11812: checking openssl/md5.h usability
configure:11812: gcc -c -g -O2 -Wall  conftest.c >&5
configure:11812: $? = 0
configure:11812: result: yes
configure:11812: checking openssl/md5.h presence
configure:11812: gcc -E  conftest.c
configure:11812: $? = 0
configure:11812: result: yes
configure:11812: checking for openssl/md5.h
configure:11812: result: yes
configure:11824: checking for SSL_CTX_new in -lssl
configure:11849: gcc -o conftest -g -O2 -Wall   conftest.c -lssl   >&5
configure:11849: $? = 0
configure:11858: result: yes
configure:11864: checking for MD5 in -lcrypto
configure:11889: gcc -o conftest -g -O2 -Wall   conftest.c -lcrypto   >&5
configure:11889: $? = 0
configure:11898: result: yes
configure:11916: checking for doxygen
configure:11934: found /usr/bin/doxygen
configure:11947: result: /usr/bin/doxygen
configure:11968: checking for epm
configure:11986: found /usr/bin/epm
configure:11999: result: /usr/bin/epm
configure:12009: checking for mkepmlist
configure:12027: found /usr/bin/mkepmlist
configure:12040: result: /usr/bin/mkepmlist
configure:12050: checking for epminstall
configure:12068: found /usr/bin/epminstall
configure:12081: result: /usr/bin/epminstall
configure:12293: creating ./config.status

## ---------------------- ##
## Running config.status. ##
## ---------------------- ##

This file was extended by ortp config.status 0.16.1, which was
generated by GNU Autoconf 2.64.  Invocation command line was

  CONFIG_FILES    = 
  CONFIG_HEADERS  = 
  CONFIG_LINKS    = 
  CONFIG_COMMANDS = 
  $ ./config.status 

on untu-Presario-CQ42-Notebook-PC

config.status:1132: creating Makefile
config.status:1132: creating include/Makefile
config.status:1132: creating include/ortp/Makefile
config.status:1132: creating src/Makefile
config.status:1132: creating src/tests/Makefile
config.status:1132: creating src/tests/win_receiver/Makefile
config.status:1132: creating src/tests/win_sender/Makefile
config.status:1132: creating build/Makefile
config.status:1132: creating build/win32native/Makefile
config.status:1132: creating build/wince/Makefile
config.status:1132: creating ortp.pc
config.status:1132: creating ortp.spec
config.status:1132: creating ortp.doxygen
config.status:1132: creating ortp-config.h
config.status:1304: ortp-config.h is unchanged
config.status:1352: executing depfiles commands
config.status:1352: executing libtool commands
configure:14513: WARNING: ortp-0.15.0 breaks compatibility with older releases, because value returned by rtp_session_recvm_with_ts() has
	changed. See the API documentation in doc/ for further readings.

## ---------------- ##
## Cache variables. ##
## ---------------- ##

ac_cv_build=i686-pc-linux-gnu
ac_cv_c_bigendian=no
ac_cv_c_compiler_gnu=yes
ac_cv_c_const=yes
ac_cv_c_inline=inline
ac_cv_env_CC_set=
ac_cv_env_CC_value=
ac_cv_env_CFLAGS_set=
ac_cv_env_CFLAGS_value=
ac_cv_env_CPPFLAGS_set=
ac_cv_env_CPPFLAGS_value=
ac_cv_env_CPP_set=
ac_cv_env_CPP_value=
ac_cv_env_LDFLAGS_set=
ac_cv_env_LDFLAGS_value=
ac_cv_env_LIBS_set=
ac_cv_env_LIBS_value=
ac_cv_env_build_alias_set=
ac_cv_env_build_alias_value=
ac_cv_env_host_alias_set=
ac_cv_env_host_alias_value=
ac_cv_env_target_alias_set=
ac_cv_env_target_alias_value=
ac_cv_func_select=yes
ac_cv_func_seteuid=yes
ac_cv_func_socket=yes
ac_cv_func_strerror=yes
ac_cv_header_dlfcn_h=yes
ac_cv_header_fcntl_h=yes
ac_cv_header_inttypes_h=yes
ac_cv_header_linux_soundcard_h=yes
ac_cv_header_memory_h=yes
ac_cv_header_openssl_hmac_h=yes
ac_cv_header_openssl_md5_h=yes
ac_cv_header_poll_h=yes
ac_cv_header_srtp_srtp_h=yes
ac_cv_header_stdc=yes
ac_cv_header_stdint_h=yes
ac_cv_header_stdlib_h=yes
ac_cv_header_string_h=yes
ac_cv_header_strings_h=yes
ac_cv_header_sys_audio_h=no
ac_cv_header_sys_poll_h=yes
ac_cv_header_sys_stat_h=yes
ac_cv_header_sys_time_h=yes
ac_cv_header_sys_types_h=yes
ac_cv_header_sys_uio_h=yes
ac_cv_header_time=yes
ac_cv_header_unistd_h=yes
ac_cv_host=i686-pc-linux-gnu
ac_cv_lib_crypto_MD5=yes
ac_cv_lib_pthread_pthread_mutex_init=yes
ac_cv_lib_srtp_srtp_init=yes
ac_cv_lib_ssl_SSL_CTX_new=yes
ac_cv_objext=o
ac_cv_path_DOXYGEN=/usr/bin/doxygen
ac_cv_path_EGREP='/bin/grep -E'
ac_cv_path_EPM=/usr/bin/epm
ac_cv_path_EPMINSTALL=/usr/bin/epminstall
ac_cv_path_FGREP='/bin/grep -F'
ac_cv_path_GREP=/bin/grep
ac_cv_path_MKEPMLIST=/usr/bin/mkepmlist
ac_cv_path_SED=/bin/sed
ac_cv_path_install='/usr/bin/install -c'
ac_cv_path_mkdir=/bin/mkdir
ac_cv_prog_AWK=gawk
ac_cv_prog_CPP='gcc -E'
ac_cv_prog_ac_ct_AR=ar
ac_cv_prog_ac_ct_CC=gcc
ac_cv_prog_ac_ct_OBJDUMP=objdump
ac_cv_prog_ac_ct_RANLIB=ranlib
ac_cv_prog_ac_ct_STRIP=strip
ac_cv_prog_cc_c89=
ac_cv_prog_cc_g=yes
ac_cv_prog_make_make_set=yes
ac_cv_target=i686-pc-linux-gnu
am_cv_CC_dependencies_compiler_type=gcc3
am_cv_prog_tar_ustar=gnutar
lt_cv_deplibs_check_method=pass_all
lt_cv_file_magic_cmd='$MAGIC_CMD'
lt_cv_file_magic_test_file=
lt_cv_ld_reload_flag=-r
lt_cv_nm_interface='BSD nm'
lt_cv_objdir=.libs
lt_cv_path_LD=/usr/bin/ld
lt_cv_path_NM='/usr/bin/nm -B'
lt_cv_prog_compiler_c_o=yes
lt_cv_prog_compiler_pic_works=yes
lt_cv_prog_compiler_rtti_exceptions=no
lt_cv_prog_compiler_static_works=yes
lt_cv_prog_gnu_ld=yes
lt_cv_sys_global_symbol_pipe='sed -n -e '\''s/^.*[	 ]\([ABCDGIRSTW][ABCDGIRSTW]*\)[	 ][	 ]*\([_A-Za-z][_A-Za-z0-9]*\)$/\1 \2 \2/p'\'''
lt_cv_sys_global_symbol_to_c_name_address='sed -n -e '\''s/^: \([^ ]*\) $/  {\"\1\", (void *) 0},/p'\'' -e '\''s/^[ABCDGIRSTW]* \([^ ]*\) \([^ ]*\)$/  {"\2", (void *) \&\2},/p'\'''
lt_cv_sys_global_symbol_to_c_name_address_lib_prefix='sed -n -e '\''s/^: \([^ ]*\) $/  {\"\1\", (void *) 0},/p'\'' -e '\''s/^[ABCDGIRSTW]* \([^ ]*\) \(lib[^ ]*\)$/  {"\2", (void *) \&\2},/p'\'' -e '\''s/^[ABCDGIRSTW]* \([^ ]*\) \([^ ]*\)$/  {"lib\2", (void *) \&\2},/p'\'''
lt_cv_sys_global_symbol_to_cdecl='sed -n -e '\''s/^T .* \(.*\)$/extern int \1();/p'\'' -e '\''s/^[ABCDGIRSTW]* .* \(.*\)$/extern char \1;/p'\'''
lt_cv_sys_max_cmd_len=1572864

## ----------------- ##
## Output variables. ##
## ----------------- ##

ACLOCAL='${SHELL} /home/untu/Desktop/dc/linphone/linphone-3.2.1/oRTP/missing --run aclocal-1.11'
AMDEPBACKSLASH='\'
AMDEP_FALSE='#'
AMDEP_TRUE=''
AMTAR='${SHELL} /home/untu/Desktop/dc/linphone/linphone-3.2.1/oRTP/missing --run tar'
AR='ar'
ARCH='i386'
AS='as'
AUTOCONF='${SHELL} /home/untu/Desktop/dc/linphone/linphone-3.2.1/oRTP/missing --run autoconf'
AUTOHEADER='${SHELL} /home/untu/Desktop/dc/linphone/linphone-3.2.1/oRTP/missing --run autoheader'
AUTOMAKE='${SHELL} /home/untu/Desktop/dc/linphone/linphone-3.2.1/oRTP/missing --run automake-1.11'
AWK='gawk'
BUILD_TESTS_FALSE='#'
BUILD_TESTS_TRUE=''
CC='gcc'
CCDEPMODE='depmode=gcc3'
CFLAGS='-g -O2 -Wall  -DORTP_INET6'
CPP='gcc -E'
CPPFLAGS=''
CYGPATH_W='echo'
DEFS='-DHAVE_CONFIG_H'
DEPDIR='.deps'
DLLTOOL='dlltool'
DOXYGEN='/usr/bin/doxygen'
DSYMUTIL=''
DUMPBIN=''
ECHO_C=''
ECHO_N='-n'
ECHO_T=''
EGREP='/bin/grep -E'
EPM='/usr/bin/epm'
EPMINSTALL='/usr/bin/epminstall'
EPM_PKG_EXT='deb'
EXEEXT=''
FGREP='/bin/grep -F'
GREP='/bin/grep'
HAVE_DOXYGEN_FALSE='#'
HAVE_DOXYGEN_TRUE=''
INSTALL_DATA='${INSTALL} -m 644'
INSTALL_PROGRAM='${INSTALL}'
INSTALL_SCRIPT='${INSTALL}'
INSTALL_STRIP_PROGRAM='$(install_sh) -c -s'
LD='/usr/bin/ld'
LDFLAGS=''
LIBOBJS=''
LIBORTP_SO_VERSION='8:0:0'
LIBS=''
LIBTOOL='$(SHELL) $(top_builddir)/libtool'
LICENSE='LGPL'
LIPO=''
LN_S='ln -s'
LTLIBOBJS=''
MAKEINFO='${SHELL} /home/untu/Desktop/dc/linphone/linphone-3.2.1/oRTP/missing --run makeinfo'
MKDIR_P='/bin/mkdir -p'
MKEPMLIST='/usr/bin/mkepmlist'
NM='/usr/bin/nm -B'
NMEDIT=''
OBJDUMP='objdump'
OBJEXT='o'
ORTPDEPS_CFLAGS=' -D_REENTRANT  -DORTP_INET6 '
ORTPDEPS_LDFLAGS=''
ORTPDEPS_LIBS=' -lpthread   -lsrtp -lssl -lcrypto'
ORTP_PKGCONFIG_VERSION='0.16.1'
ORTP_VERSION='0.16.1'
OTOOL64=''
OTOOL=''
PACKAGE='ortp'
PACKAGER='anonymous'
PACKAGE_BUGREPORT=''
PACKAGE_NAME='ortp'
PACKAGE_STRING='ortp 0.16.1'
PACKAGE_TARNAME='ortp'
PACKAGE_URL=''
PACKAGE_VERSION='0.16.1'
PATH_SEPARATOR=':'
PTHREAD_CFLAGS='-D_REENTRANT'
PTHREAD_LDFLAGS=''
PTHREAD_LIBS='-lpthread'
RANLIB='ranlib'
RELEASE='1'
SED='/bin/sed'
SET_MAKE=''
SHELL='/bin/bash'
SRTP_CFLAGS=''
SRTP_LIBS=' -lsrtp'
SSL_LIBS='-lssl -lcrypto'
STRIP='strip'
SUMMARY='An LGPL implementation of RTP - RFC3550'
SYS_GROUP='root'
SYS_USER='root'
VENDOR='Linphone'
VERSION='0.16.1'
WITH_EPM_FALSE='#'
WITH_EPM_TRUE=''
ac_ct_CC='gcc'
ac_ct_DUMPBIN=''
am__EXEEXT_FALSE=''
am__EXEEXT_TRUE='#'
am__fastdepCC_FALSE='#'
am__fastdepCC_TRUE=''
am__include='include'
am__isrc=''
am__leading_dot='.'
am__quote=''
am__tar='tar --format=ustar -chf - "$$tardir"'
am__untar='tar -xf -'
bindir='${exec_prefix}/bin'
build='i686-pc-linux-gnu'
build_alias=''
build_cpu='i686'
build_os='linux-gnu'
build_vendor='pc'
datadir='${datarootdir}'
datarootdir='${prefix}/share'
docdir='${datarootdir}/doc/${PACKAGE_TARNAME}'
dvidir='${docdir}'
exec_prefix='${prefix}'
host='i686-pc-linux-gnu'
host_alias=''
host_cpu='i686'
host_os='linux-gnu'
host_vendor='pc'
htmldir='${docdir}'
includedir='${prefix}/include'
infodir='${datarootdir}/info'
install_sh='${SHELL} /home/untu/Desktop/dc/linphone/linphone-3.2.1/oRTP/install-sh'
libdir='${exec_prefix}/lib'
libexecdir='${exec_prefix}/libexec'
localedir='${datarootdir}/locale'
localstatedir='${prefix}/var'
lt_ECHO='echo'
mandir='${datarootdir}/man'
mkdir_p='/bin/mkdir -p'
oldincludedir='/usr/include'
pdfdir='${docdir}'
prefix='/usr/local'
program_transform_name='s,x,x,'
psdir='${docdir}'
sbindir='${exec_prefix}/sbin'
sharedstatedir='${prefix}/com'
sysconfdir='${prefix}/etc'
target='i686-pc-linux-gnu'
target_alias=''
target_cpu='i686'
target_os='linux-gnu'
target_vendor='pc'

## ----------- ##
## confdefs.h. ##
## ----------- ##

/* confdefs.h */
#define PACKAGE_NAME "ortp"
#define PACKAGE_TARNAME "ortp"
#define PACKAGE_VERSION "0.16.1"
#define PACKAGE_STRING "ortp 0.16.1"
#define PACKAGE_BUGREPORT ""
#define PACKAGE_URL ""
#define PACKAGE "ortp"
#define VERSION "0.16.1"
#define ORTP_MAJOR_VERSION 0
#define ORTP_MINOR_VERSION 16
#define ORTP_MICRO_VERSION 1
#define ORTP_VERSION "0.16.1"
#define STDC_HEADERS 1
#define HAVE_SYS_TYPES_H 1
#define HAVE_SYS_STAT_H 1
#define HAVE_STDLIB_H 1
#define HAVE_STRING_H 1
#define HAVE_MEMORY_H 1
#define HAVE_STRINGS_H 1
#define HAVE_INTTYPES_H 1
#define HAVE_STDINT_H 1
#define HAVE_UNISTD_H 1
#define HAVE_DLFCN_H 1
#define LT_OBJDIR ".libs/"
#define HAVE_SETEUID 1
#define ORTP_DEFAULT_THREAD_STACK_SIZE 0
#define HAVE_SRTP 1
#define SO_REUSE_ADDR 1
#define STDC_HEADERS 1
#define HAVE_POLL_H 1
#define HAVE_SYS_POLL_H 1
#define HAVE_SYS_UIO_H 1
#define HAVE_FCNTL_H 1
#define HAVE_SYS_TIME_H 1
#define HAVE_UNISTD_H 1
#define HAVE_LINUX_SOUNDCARD_H 1
#define TIME_WITH_SYS_TIME 1
#define HAVE_SELECT 1
#define HAVE_SOCKET 1
#define HAVE_STRERROR 1
#define POSIXTIMER_INTERVAL 10000
#define HAVE_OPENSSL_HMAC_H 1
#define HAVE_OPENSSL_MD5_H 1

configure: exit 0
