This file contains any messages produced by compilers while
running configure, to aid debugging if configure makes a mistake.

It was created by mediastreamer configure 2.3.1, which was
generated by GNU Autoconf 2.64.  Invocation command line was

  $ ./configure --disable-option-checking --prefix=/usr/local --disable-strict --cache-file=/dev/null --srcdir=.

## --------- ##
## Platform. ##
## --------- ##

hostname = untu-Presario-CQ42-Notebook-PC
uname -m = i686
uname -r = 3.5.0-23-generic
uname -s = Linux
uname -v = #35~precise1-Ubuntu SMP Fri Jan 25 17:15:33 UTC 2013

/usr/bin/uname -p = unknown
/bin/uname -X     = unknown

/bin/arch              = unknown
/usr/bin/arch -k       = unknown
/usr/convex/getsysinfo = unknown
/usr/bin/hostinfo      = unknown
/bin/machine           = unknown
/usr/bin/oslevel       = unknown
/bin/universe          = unknown

PATH: /usr/lib/lightdm/lightdm
PATH: /usr/local/sbin
PATH: /usr/local/bin
PATH: /usr/sbin
PATH: /usr/bin
PATH: /sbin
PATH: /bin
PATH: /usr/games


## ----------- ##
## Core tests. ##
## ----------- ##

configure:2668: mediastreamer-2.3.1		A mediastreaming library for telephony application.
configure:2670: licensed under the terms of the General Public License (GPL)
configure:2700: checking build system type
configure:2714: result: i686-pc-linux-gnu
configure:2734: checking host system type
configure:2747: result: i686-pc-linux-gnu
configure:2767: checking target system type
configure:2780: result: i686-pc-linux-gnu
configure:2827: result: Building Package on linux
configure:2846: checking for a BSD-compatible install
configure:2914: result: /usr/bin/install -c
configure:2925: checking whether build environment is sane
configure:2975: result: yes
configure:3116: checking for a thread-safe mkdir -p
configure:3155: result: /bin/mkdir -p
configure:3168: checking for gawk
configure:3184: found /usr/bin/gawk
configure:3195: result: gawk
configure:3206: checking whether make sets $(MAKE)
configure:3228: result: yes
configure:3303: checking how to create a ustar tar archive
configure:3316: tar --version
tar (GNU tar) 1.26
Copyright (C) 2011 Free Software Foundation, Inc.
License GPLv3+: GNU GPL version 3 or later <http://gnu.org/licenses/gpl.html>.
This is free software: you are free to change and redistribute it.
There is NO WARRANTY, to the extent permitted by law.

Written by John Gilmore and Jay Fenlason.
configure:3319: $? = 0
configure:3359: tardir=conftest.dir && eval tar --format=ustar -chf - "$tardir" >conftest.tar
configure:3362: $? = 0
configure:3366: tar -xf - <conftest.tar
configure:3369: $? = 0
configure:3382: result: gnutar
configure:3416: checking warning make an error on compilation
configure:3512: checking for gcc
configure:3528: found /usr/bin/gcc
configure:3539: result: gcc
configure:3768: checking for C compiler version
configure:3777: gcc --version >&5
gcc (Ubuntu/Linaro 4.6.3-1ubuntu5) 4.6.3
Copyright (C) 2011 Free Software Foundation, Inc.
This is free software; see the source for copying conditions.  There is NO
warranty; not even for MERCHANTABILITY or FITNESS FOR A PARTICULAR PURPOSE.

configure:3788: $? = 0
configure:3777: gcc -v >&5
Using built-in specs.
COLLECT_GCC=gcc
COLLECT_LTO_WRAPPER=/usr/lib/gcc/i686-linux-gnu/4.6/lto-wrapper
Target: i686-linux-gnu
Configured with: ../src/configure -v --with-pkgversion='Ubuntu/Linaro 4.6.3-1ubuntu5' --with-bugurl=file:///usr/share/doc/gcc-4.6/README.Bugs --enable-languages=c,c++,fortran,objc,obj-c++ --prefix=/usr --program-suffix=-4.6 --enable-shared --enable-linker-build-id --with-system-zlib --libexecdir=/usr/lib --without-included-gettext --enable-threads=posix --with-gxx-include-dir=/usr/include/c++/4.6 --libdir=/usr/lib --enable-nls --with-sysroot=/ --enable-clocale=gnu --enable-libstdcxx-debug --enable-libstdcxx-time=yes --enable-gnu-unique-object --enable-plugin --enable-objc-gc --enable-targets=all --disable-werror --with-arch-32=i686 --with-tune=generic --enable-checking=release --build=i686-linux-gnu --host=i686-linux-gnu --target=i686-linux-gnu
Thread model: posix
gcc version 4.6.3 (Ubuntu/Linaro 4.6.3-1ubuntu5) 
configure:3788: $? = 0
configure:3777: gcc -V >&5
gcc: error: unrecognized option '-V'
gcc: fatal error: no input files
compilation terminated.
configure:3788: $? = 4
configure:3777: gcc -qversion >&5
gcc: error: unrecognized option '-qversion'
gcc: fatal error: no input files
compilation terminated.
configure:3788: $? = 4
configure:3810: checking for C compiler default output file name
configure:3832: gcc -DORTP_INET6   -DINET6   conftest.c  >&5
configure:3836: $? = 0
configure:3873: result: a.out
configure:3889: checking whether the C compiler works
configure:3898: ./a.out
configure:3902: $? = 0
configure:3917: result: yes
configure:3924: checking whether we are cross compiling
configure:3926: result: no
configure:3929: checking for suffix of executables
configure:3936: gcc -o conftest -DORTP_INET6   -DINET6   conftest.c  >&5
configure:3940: $? = 0
configure:3962: result: 
configure:3968: checking for suffix of object files
configure:3990: gcc -c -DORTP_INET6   -DINET6  conftest.c >&5
configure:3994: $? = 0
configure:4015: result: o
configure:4019: checking whether we are using the GNU C compiler
configure:4038: gcc -c -DORTP_INET6   -DINET6  conftest.c >&5
configure:4038: $? = 0
configure:4047: result: yes
configure:4056: checking whether gcc accepts -g
configure:4076: gcc -c -g  conftest.c >&5
configure:4076: $? = 0
configure:4117: result: yes
configure:4134: checking for gcc option to accept ISO C89
configure:4198: gcc  -c -DORTP_INET6   -DINET6  conftest.c >&5
configure:4198: $? = 0
configure:4211: result: none needed
configure:4242: checking for style of include used by make
configure:4270: result: GNU
configure:4295: checking dependency style of gcc
configure:4405: result: gcc3
configure:4478: checking for g++
configure:4494: found /usr/bin/g++
configure:4505: result: g++
configure:4532: checking for C++ compiler version
configure:4541: g++ --version >&5
g++ (Ubuntu/Linaro 4.6.3-1ubuntu5) 4.6.3
Copyright (C) 2011 Free Software Foundation, Inc.
This is free software; see the source for copying conditions.  There is NO
warranty; not even for MERCHANTABILITY or FITNESS FOR A PARTICULAR PURPOSE.

configure:4552: $? = 0
configure:4541: g++ -v >&5
Using built-in specs.
COLLECT_GCC=g++
COLLECT_LTO_WRAPPER=/usr/lib/gcc/i686-linux-gnu/4.6/lto-wrapper
Target: i686-linux-gnu
Configured with: ../src/configure -v --with-pkgversion='Ubuntu/Linaro 4.6.3-1ubuntu5' --with-bugurl=file:///usr/share/doc/gcc-4.6/README.Bugs --enable-languages=c,c++,fortran,objc,obj-c++ --prefix=/usr --program-suffix=-4.6 --enable-shared --enable-linker-build-id --with-system-zlib --libexecdir=/usr/lib --without-included-gettext --enable-threads=posix --with-gxx-include-dir=/usr/include/c++/4.6 --libdir=/usr/lib --enable-nls --with-sysroot=/ --enable-clocale=gnu --enable-libstdcxx-debug --enable-libstdcxx-time=yes --enable-gnu-unique-object --enable-plugin --enable-objc-gc --enable-targets=all --disable-werror --with-arch-32=i686 --with-tune=generic --enable-checking=release --build=i686-linux-gnu --host=i686-linux-gnu --target=i686-linux-gnu
Thread model: posix
gcc version 4.6.3 (Ubuntu/Linaro 4.6.3-1ubuntu5) 
configure:4552: $? = 0
configure:4541: g++ -V >&5
g++: error: unrecognized option '-V'
g++: fatal error: no input files
compilation terminated.
configure:4552: $? = 4
configure:4541: g++ -qversion >&5
g++: error: unrecognized option '-qversion'
g++: fatal error: no input files
compilation terminated.
configure:4552: $? = 4
configure:4556: checking whether we are using the GNU C++ compiler
configure:4575: g++ -c   conftest.cpp >&5
configure:4575: $? = 0
configure:4584: result: yes
configure:4593: checking whether g++ accepts -g
configure:4613: g++ -c -g  conftest.cpp >&5
configure:4613: $? = 0
configure:4654: result: yes
configure:4679: checking dependency style of g++
configure:4789: result: gcc3
configure:4858: checking for gcc
configure:4874: found /usr/bin/gcc
configure:4885: result: gcc
configure:4910: checking for Objective C compiler version
configure:4919: gcc --version >&5
gcc (Ubuntu/Linaro 4.6.3-1ubuntu5) 4.6.3
Copyright (C) 2011 Free Software Foundation, Inc.
This is free software; see the source for copying conditions.  There is NO
warranty; not even for MERCHANTABILITY or FITNESS FOR A PARTICULAR PURPOSE.

configure:4930: $? = 0
configure:4919: gcc -v >&5
Using built-in specs.
COLLECT_GCC=gcc
COLLECT_LTO_WRAPPER=/usr/lib/gcc/i686-linux-gnu/4.6/lto-wrapper
Target: i686-linux-gnu
Configured with: ../src/configure -v --with-pkgversion='Ubuntu/Linaro 4.6.3-1ubuntu5' --with-bugurl=file:///usr/share/doc/gcc-4.6/README.Bugs --enable-languages=c,c++,fortran,objc,obj-c++ --prefix=/usr --program-suffix=-4.6 --enable-shared --enable-linker-build-id --with-system-zlib --libexecdir=/usr/lib --without-included-gettext --enable-threads=posix --with-gxx-include-dir=/usr/include/c++/4.6 --libdir=/usr/lib --enable-nls --with-sysroot=/ --enable-clocale=gnu --enable-libstdcxx-debug --enable-libstdcxx-time=yes --enable-gnu-unique-object --enable-plugin --enable-objc-gc --enable-targets=all --disable-werror --with-arch-32=i686 --with-tune=generic --enable-checking=release --build=i686-linux-gnu --host=i686-linux-gnu --target=i686-linux-gnu
Thread model: posix
gcc version 4.6.3 (Ubuntu/Linaro 4.6.3-1ubuntu5) 
configure:4930: $? = 0
configure:4919: gcc -V >&5
gcc: error: unrecognized option '-V'
gcc: fatal error: no input files
compilation terminated.
configure:4930: $? = 4
configure:4919: gcc -qversion >&5
gcc: error: unrecognized option '-qversion'
gcc: fatal error: no input files
compilation terminated.
configure:4930: $? = 4
configure:4934: checking whether we are using the GNU Objective C compiler
configure:4953: gcc -c   conftest.m >&5
gcc: error trying to exec 'cc1obj': execvp: No such file or directory
configure:4953: $? = 1
configure: failed program was:
| /* confdefs.h */
| #define PACKAGE_NAME "mediastreamer"
| #define PACKAGE_TARNAME "mediastreamer"
| #define PACKAGE_VERSION "2.3.1"
| #define PACKAGE_STRING "mediastreamer 2.3.1"
| #define PACKAGE_BUGREPORT ""
| #define PACKAGE_URL ""
| #define PACKAGE "mediastreamer"
| #define VERSION "2.3.1"
| #define MEDIASTREAMER_MAJOR_VERSION 2
| #define MEDIASTREAMER_MINOR_VERSION 3
| #define MEDIASTREAMER_MICRO_VERSION 1
| #define MEDIASTREAMER_VERSION "2.3.1"
| /* end confdefs.h.  */
| 
| int
| main ()
| {
| #ifndef __GNUC__
|        choke me
| #endif
| 
|   ;
|   return 0;
| }
configure:4962: result: no
configure:4971: checking whether gcc accepts -g
configure:4991: gcc -c -g  conftest.m >&5
gcc: error trying to exec 'cc1obj': execvp: No such file or directory
configure:4991: $? = 1
configure: failed program was:
| /* confdefs.h */
| #define PACKAGE_NAME "mediastreamer"
| #define PACKAGE_TARNAME "mediastreamer"
| #define PACKAGE_VERSION "2.3.1"
| #define PACKAGE_STRING "mediastreamer 2.3.1"
| #define PACKAGE_BUGREPORT ""
| #define PACKAGE_URL ""
| #define PACKAGE "mediastreamer"
| #define VERSION "2.3.1"
| #define MEDIASTREAMER_MAJOR_VERSION 2
| #define MEDIASTREAMER_MINOR_VERSION 3
| #define MEDIASTREAMER_MICRO_VERSION 1
| #define MEDIASTREAMER_VERSION "2.3.1"
| /* end confdefs.h.  */
| 
| int
| main ()
| {
| 
|   ;
|   return 0;
| }
configure:5006: gcc -c   conftest.m >&5
gcc: error trying to exec 'cc1obj': execvp: No such file or directory
configure:5006: $? = 1
configure: failed program was:
| /* confdefs.h */
| #define PACKAGE_NAME "mediastreamer"
| #define PACKAGE_TARNAME "mediastreamer"
| #define PACKAGE_VERSION "2.3.1"
| #define PACKAGE_STRING "mediastreamer 2.3.1"
| #define PACKAGE_BUGREPORT ""
| #define PACKAGE_URL ""
| #define PACKAGE "mediastreamer"
| #define VERSION "2.3.1"
| #define MEDIASTREAMER_MAJOR_VERSION 2
| #define MEDIASTREAMER_MINOR_VERSION 3
| #define MEDIASTREAMER_MICRO_VERSION 1
| #define MEDIASTREAMER_VERSION "2.3.1"
| /* end confdefs.h.  */
| 
| int
| main ()
| {
| 
|   ;
|   return 0;
| }
configure:5022: gcc -c -g  conftest.m >&5
gcc: error trying to exec 'cc1obj': execvp: No such file or directory
configure:5022: $? = 1
configure: failed program was:
| /* confdefs.h */
| #define PACKAGE_NAME "mediastreamer"
| #define PACKAGE_TARNAME "mediastreamer"
| #define PACKAGE_VERSION "2.3.1"
| #define PACKAGE_STRING "mediastreamer 2.3.1"
| #define PACKAGE_BUGREPORT ""
| #define PACKAGE_URL ""
| #define PACKAGE "mediastreamer"
| #define VERSION "2.3.1"
| #define MEDIASTREAMER_MAJOR_VERSION 2
| #define MEDIASTREAMER_MINOR_VERSION 3
| #define MEDIASTREAMER_MICRO_VERSION 1
| #define MEDIASTREAMER_VERSION "2.3.1"
| /* end confdefs.h.  */
| 
| int
| main ()
| {
| 
|   ;
|   return 0;
| }
configure:5032: result: no
configure:5057: checking dependency style of gcc
configure:5165: result: gcc3
configure:5508: checking for a sed that does not truncate output
configure:5572: result: /bin/sed
configure:5590: checking for grep that handles long lines and -e
configure:5648: result: /bin/grep
configure:5653: checking for egrep
configure:5715: result: /bin/grep -E
configure:5720: checking for fgrep
configure:5782: result: /bin/grep -F
configure:5817: checking for ld used by gcc
configure:5884: result: /usr/bin/ld
configure:5891: checking if the linker (/usr/bin/ld) is GNU ld
configure:5906: result: yes
configure:5918: checking for BSD- or MS-compatible name lister (nm)
configure:5967: result: /usr/bin/nm -B
configure:6085: checking the name lister (/usr/bin/nm -B) interface
configure:6092: gcc -c -DORTP_INET6   -DINET6  conftest.c >&5
configure:6095: /usr/bin/nm -B "conftest.o"
configure:6098: output
00000000 B some_variable
configure:6105: result: BSD nm
configure:6108: checking whether ln -s works
configure:6112: result: yes
configure:6120: checking the maximum length of command line arguments
configure:6240: result: 1572864
configure:6257: checking whether the shell understands some XSI constructs
configure:6267: result: yes
configure:6271: checking whether the shell understands "+="
configure:6277: result: yes
configure:6312: checking for /usr/bin/ld option to reload object files
configure:6319: result: -r
configure:6388: checking for objdump
configure:6415: result: objdump
configure:6444: checking how to recognize dependent libraries
configure:6640: result: pass_all
configure:6700: checking for ar
configure:6716: found /usr/bin/ar
configure:6727: result: ar
configure:6805: checking for strip
configure:6821: found /usr/bin/strip
configure:6832: result: strip
configure:6904: checking for ranlib
configure:6920: found /usr/bin/ranlib
configure:6931: result: ranlib
configure:7021: checking command to parse /usr/bin/nm -B output from gcc object
configure:7139: gcc -c -DORTP_INET6   -DINET6  conftest.c >&5
configure:7142: $? = 0
configure:7146: /usr/bin/nm -B conftest.o \| sed -n -e 's/^.*[	 ]\([ABCDGIRSTW][ABCDGIRSTW]*\)[	 ][	 ]*\([_A-Za-z][_A-Za-z0-9]*\)$/\1 \2 \2/p' \> conftest.nm
configure:7149: $? = 0
configure:7203: gcc -o conftest -DORTP_INET6   -DINET6   conftest.c conftstm.o >&5
configure:7206: $? = 0
configure:7244: result: ok
configure:8053: checking how to run the C preprocessor
configure:8084: gcc -E  conftest.c
configure:8084: $? = 0
configure:8098: gcc -E  conftest.c
conftest.c:15:28: fatal error: ac_nonexistent.h: No such file or directory
compilation terminated.
configure:8098: $? = 1
configure: failed program was:
| /* confdefs.h */
| #define PACKAGE_NAME "mediastreamer"
| #define PACKAGE_TARNAME "mediastreamer"
| #define PACKAGE_VERSION "2.3.1"
| #define PACKAGE_STRING "mediastreamer 2.3.1"
| #define PACKAGE_BUGREPORT ""
| #define PACKAGE_URL ""
| #define PACKAGE "mediastreamer"
| #define VERSION "2.3.1"
| #define MEDIASTREAMER_MAJOR_VERSION 2
| #define MEDIASTREAMER_MINOR_VERSION 3
| #define MEDIASTREAMER_MICRO_VERSION 1
| #define MEDIASTREAMER_VERSION "2.3.1"
| /* end confdefs.h.  */
| #include <ac_nonexistent.h>
configure:8123: result: gcc -E
configure:8143: gcc -E  conftest.c
configure:8143: $? = 0
configure:8157: gcc -E  conftest.c
conftest.c:15:28: fatal error: ac_nonexistent.h: No such file or directory
compilation terminated.
configure:8157: $? = 1
configure: failed program was:
| /* confdefs.h */
| #define PACKAGE_NAME "mediastreamer"
| #define PACKAGE_TARNAME "mediastreamer"
| #define PACKAGE_VERSION "2.3.1"
| #define PACKAGE_STRING "mediastreamer 2.3.1"
| #define PACKAGE_BUGREPORT ""
| #define PACKAGE_URL ""
| #define PACKAGE "mediastreamer"
| #define VERSION "2.3.1"
| #define MEDIASTREAMER_MAJOR_VERSION 2
| #define MEDIASTREAMER_MINOR_VERSION 3
| #define MEDIASTREAMER_MICRO_VERSION 1
| #define MEDIASTREAMER_VERSION "2.3.1"
| /* end confdefs.h.  */
| #include <ac_nonexistent.h>
configure:8186: checking for ANSI C header files
configure:8206: gcc -c -DORTP_INET6   -DINET6  conftest.c >&5
configure:8206: $? = 0
configure:8279: gcc -o conftest -DORTP_INET6   -DINET6   conftest.c  >&5
configure:8279: $? = 0
configure:8279: ./conftest
configure:8279: $? = 0
configure:8290: result: yes
configure:8303: checking for sys/types.h
configure:8303: gcc -c -DORTP_INET6   -DINET6  conftest.c >&5
configure:8303: $? = 0
configure:8303: result: yes
configure:8303: checking for sys/stat.h
configure:8303: gcc -c -DORTP_INET6   -DINET6  conftest.c >&5
configure:8303: $? = 0
configure:8303: result: yes
configure:8303: checking for stdlib.h
configure:8303: gcc -c -DORTP_INET6   -DINET6  conftest.c >&5
configure:8303: $? = 0
configure:8303: result: yes
configure:8303: checking for string.h
configure:8303: gcc -c -DORTP_INET6   -DINET6  conftest.c >&5
configure:8303: $? = 0
configure:8303: result: yes
configure:8303: checking for memory.h
configure:8303: gcc -c -DORTP_INET6   -DINET6  conftest.c >&5
configure:8303: $? = 0
configure:8303: result: yes
configure:8303: checking for strings.h
configure:8303: gcc -c -DORTP_INET6   -DINET6  conftest.c >&5
configure:8303: $? = 0
configure:8303: result: yes
configure:8303: checking for inttypes.h
configure:8303: gcc -c -DORTP_INET6   -DINET6  conftest.c >&5
configure:8303: $? = 0
configure:8303: result: yes
configure:8303: checking for stdint.h
configure:8303: gcc -c -DORTP_INET6   -DINET6  conftest.c >&5
configure:8303: $? = 0
configure:8303: result: yes
configure:8303: checking for unistd.h
configure:8303: gcc -c -DORTP_INET6   -DINET6  conftest.c >&5
configure:8303: $? = 0
configure:8303: result: yes
configure:8318: checking for dlfcn.h
configure:8318: gcc -c -DORTP_INET6   -DINET6  conftest.c >&5
configure:8318: $? = 0
configure:8318: result: yes
configure:8443: checking for C++ compiler version
configure:8452: g++ --version >&5
g++ (Ubuntu/Linaro 4.6.3-1ubuntu5) 4.6.3
Copyright (C) 2011 Free Software Foundation, Inc.
This is free software; see the source for copying conditions.  There is NO
warranty; not even for MERCHANTABILITY or FITNESS FOR A PARTICULAR PURPOSE.

configure:8463: $? = 0
configure:8452: g++ -v >&5
Using built-in specs.
COLLECT_GCC=g++
COLLECT_LTO_WRAPPER=/usr/lib/gcc/i686-linux-gnu/4.6/lto-wrapper
Target: i686-linux-gnu
Configured with: ../src/configure -v --with-pkgversion='Ubuntu/Linaro 4.6.3-1ubuntu5' --with-bugurl=file:///usr/share/doc/gcc-4.6/README.Bugs --enable-languages=c,c++,fortran,objc,obj-c++ --prefix=/usr --program-suffix=-4.6 --enable-shared --enable-linker-build-id --with-system-zlib --libexecdir=/usr/lib --without-included-gettext --enable-threads=posix --with-gxx-include-dir=/usr/include/c++/4.6 --libdir=/usr/lib --enable-nls --with-sysroot=/ --enable-clocale=gnu --enable-libstdcxx-debug --enable-libstdcxx-time=yes --enable-gnu-unique-object --enable-plugin --enable-objc-gc --enable-targets=all --disable-werror --with-arch-32=i686 --with-tune=generic --enable-checking=release --build=i686-linux-gnu --host=i686-linux-gnu --target=i686-linux-gnu
Thread model: posix
gcc version 4.6.3 (Ubuntu/Linaro 4.6.3-1ubuntu5) 
configure:8463: $? = 0
configure:8452: g++ -V >&5
g++: error: unrecognized option '-V'
g++: fatal error: no input files
compilation terminated.
configure:8463: $? = 4
configure:8452: g++ -qversion >&5
g++: error: unrecognized option '-qversion'
g++: fatal error: no input files
compilation terminated.
configure:8463: $? = 4
configure:8467: checking whether we are using the GNU C++ compiler
configure:8495: result: yes
configure:8504: checking whether g++ accepts -g
configure:8565: result: yes
configure:8590: checking dependency style of g++
configure:8700: result: gcc3
configure:8723: checking how to run the C++ preprocessor
configure:8750: g++ -E  conftest.cpp
configure:8750: $? = 0
configure:8764: g++ -E  conftest.cpp
conftest.cpp:26:28: fatal error: ac_nonexistent.h: No such file or directory
compilation terminated.
configure:8764: $? = 1
configure: failed program was:
| /* confdefs.h */
| #define PACKAGE_NAME "mediastreamer"
| #define PACKAGE_TARNAME "mediastreamer"
| #define PACKAGE_VERSION "2.3.1"
| #define PACKAGE_STRING "mediastreamer 2.3.1"
| #define PACKAGE_BUGREPORT ""
| #define PACKAGE_URL ""
| #define PACKAGE "mediastreamer"
| #define VERSION "2.3.1"
| #define MEDIASTREAMER_MAJOR_VERSION 2
| #define MEDIASTREAMER_MINOR_VERSION 3
| #define MEDIASTREAMER_MICRO_VERSION 1
| #define MEDIASTREAMER_VERSION "2.3.1"
| #define STDC_HEADERS 1
| #define HAVE_SYS_TYPES_H 1
| #define HAVE_SYS_STAT_H 1
| #define HAVE_STDLIB_H 1
| #define HAVE_STRING_H 1
| #define HAVE_MEMORY_H 1
| #define HAVE_STRINGS_H 1
| #define HAVE_INTTYPES_H 1
| #define HAVE_STDINT_H 1
| #define HAVE_UNISTD_H 1
| #define HAVE_DLFCN_H 1
| /* end confdefs.h.  */
| #include <ac_nonexistent.h>
configure:8789: result: g++ -E
configure:8809: g++ -E  conftest.cpp
configure:8809: $? = 0
configure:8823: g++ -E  conftest.cpp
conftest.cpp:26:28: fatal error: ac_nonexistent.h: No such file or directory
compilation terminated.
configure:8823: $? = 1
configure: failed program was:
| /* confdefs.h */
| #define PACKAGE_NAME "mediastreamer"
| #define PACKAGE_TARNAME "mediastreamer"
| #define PACKAGE_VERSION "2.3.1"
| #define PACKAGE_STRING "mediastreamer 2.3.1"
| #define PACKAGE_BUGREPORT ""
| #define PACKAGE_URL ""
| #define PACKAGE "mediastreamer"
| #define VERSION "2.3.1"
| #define MEDIASTREAMER_MAJOR_VERSION 2
| #define MEDIASTREAMER_MINOR_VERSION 3
| #define MEDIASTREAMER_MICRO_VERSION 1
| #define MEDIASTREAMER_VERSION "2.3.1"
| #define STDC_HEADERS 1
| #define HAVE_SYS_TYPES_H 1
| #define HAVE_SYS_STAT_H 1
| #define HAVE_STDLIB_H 1
| #define HAVE_STRING_H 1
| #define HAVE_MEMORY_H 1
| #define HAVE_STRINGS_H 1
| #define HAVE_INTTYPES_H 1
| #define HAVE_STDINT_H 1
| #define HAVE_UNISTD_H 1
| #define HAVE_DLFCN_H 1
| /* end confdefs.h.  */
| #include <ac_nonexistent.h>
configure:9027: checking for objdir
configure:9042: result: .libs
configure:9334: checking if gcc supports -fno-rtti -fno-exceptions
configure:9352: gcc -c -DORTP_INET6   -DINET6  -fno-rtti -fno-exceptions conftest.c >&5
cc1: warning: command line option '-fno-rtti' is valid for C++/ObjC++ but not for C [enabled by default]
configure:9356: $? = 0
configure:9369: result: no
configure:9389: checking for gcc option to produce PIC
configure:9661: result: -fPIC -DPIC
configure:9673: checking if gcc PIC flag -fPIC -DPIC works
configure:9691: gcc -c -DORTP_INET6   -DINET6  -fPIC -DPIC -DPIC conftest.c >&5
configure:9695: $? = 0
configure:9708: result: yes
configure:9732: checking if gcc static flag -static works
configure:9760: result: yes
configure:9775: checking if gcc supports -c -o file.o
configure:9796: gcc -c -DORTP_INET6   -DINET6  -o out/conftest2.o conftest.c >&5
configure:9800: $? = 0
configure:9822: result: yes
configure:9830: checking if gcc supports -c -o file.o
configure:9877: result: yes
configure:9910: checking whether the gcc linker (/usr/bin/ld) supports shared libraries
configure:10900: result: yes
configure:10937: checking whether -lc should be explicitly linked in
configure:10942: gcc -c -DORTP_INET6   -DINET6  conftest.c >&5
configure:10945: $? = 0
configure:10960: gcc -shared conftest.o  -v -Wl,-soname -Wl,conftest -o conftest 2\>\&1 \| /bin/grep  -lc  \>/dev/null 2\>\&1
configure:10963: $? = 0
configure:10975: result: no
configure:11139: checking dynamic linker characteristics
configure:11572: gcc -o conftest -DORTP_INET6   -DINET6   -Wl,-rpath -Wl,/foo conftest.c  >&5
configure:11572: $? = 0
configure:11802: result: GNU/Linux ld.so
configure:11904: checking how to hardcode library paths into programs
configure:11929: result: immediate
configure:12449: checking whether stripping libraries is possible
configure:12454: result: yes
configure:12489: checking if libtool supports shared libraries
configure:12491: result: yes
configure:12494: checking whether to build shared libraries
configure:12515: result: yes
configure:12518: checking whether to build static libraries
configure:12522: result: yes
configure:12672: checking for ld used by g++
configure:12739: result: /usr/bin/ld
configure:12746: checking if the linker (/usr/bin/ld) is GNU ld
configure:12761: result: yes
configure:12816: checking whether the g++ linker (/usr/bin/ld) supports shared libraries
configure:13729: result: yes
configure:13757: g++ -c -g -O2  conftest.cpp >&5
configure:13760: $? = 0
configure:13942: checking for g++ option to produce PIC
configure:14259: result: -fPIC -DPIC
configure:14268: checking if g++ PIC flag -fPIC -DPIC works
configure:14286: g++ -c -g -O2  -fPIC -DPIC -DPIC conftest.cpp >&5
configure:14290: $? = 0
configure:14303: result: yes
configure:14324: checking if g++ static flag -static works
configure:14352: result: yes
configure:14364: checking if g++ supports -c -o file.o
configure:14385: g++ -c -g -O2  -o out/conftest2.o conftest.cpp >&5
configure:14389: $? = 0
configure:14411: result: yes
configure:14416: checking if g++ supports -c -o file.o
configure:14463: result: yes
configure:14493: checking whether the g++ linker (/usr/bin/ld) supports shared libraries
configure:14522: result: yes
configure:14659: checking dynamic linker characteristics
configure:15040: g++ -o conftest -g -O2   -Wl,-rpath -Wl,/foo conftest.cpp  >&5
configure:15040: $? = 0
configure:15270: result: GNU/Linux ld.so
configure:15321: checking how to hardcode library paths into programs
configure:15346: result: immediate
configure:15479: checking for ANSI C header files
configure:15583: result: yes
configure:15592: checking for an ANSI C-conforming const
configure:15657: gcc -c -DORTP_INET6   -DINET6 -Wall -O2 -g   conftest.c >&5
conftest.c: In function 'main':
conftest.c:57:10: warning: 't' is used uninitialized in this function [-Wuninitialized]
configure:15657: $? = 0
configure:15664: result: yes
configure:15672: checking for inline
configure:15688: gcc -c -DORTP_INET6   -DINET6 -Wall -O2 -g   conftest.c >&5
configure:15688: $? = 0
configure:15696: result: inline
configure:15714: checking whether time.h and sys/time.h may both be included
configure:15734: gcc -c -DORTP_INET6   -DINET6 -Wall -O2 -g   conftest.c >&5
configure:15734: $? = 0
configure:15741: result: yes
configure:15749: checking whether byte ordering is bigendian
configure:15764: gcc -c -DORTP_INET6   -DINET6 -Wall -O2 -g   conftest.c >&5
conftest.c:30:9: error: unknown type name 'not'
conftest.c:30:15: error: expected '=', ',', ';', 'asm' or '__attribute__' before 'universal'
conftest.c:30:15: error: unknown type name 'universal'
configure:15764: $? = 1
configure: failed program was:
| /* confdefs.h */
| #define PACKAGE_NAME "mediastreamer"
| #define PACKAGE_TARNAME "mediastreamer"
| #define PACKAGE_VERSION "2.3.1"
| #define PACKAGE_STRING "mediastreamer 2.3.1"
| #define PACKAGE_BUGREPORT ""
| #define PACKAGE_URL ""
| #define PACKAGE "mediastreamer"
| #define VERSION "2.3.1"
| #define MEDIASTREAMER_MAJOR_VERSION 2
| #define MEDIASTREAMER_MINOR_VERSION 3
| #define MEDIASTREAMER_MICRO_VERSION 1
| #define MEDIASTREAMER_VERSION "2.3.1"
| #define STDC_HEADERS 1
| #define HAVE_SYS_TYPES_H 1
| #define HAVE_SYS_STAT_H 1
| #define HAVE_STDLIB_H 1
| #define HAVE_STRING_H 1
| #define HAVE_MEMORY_H 1
| #define HAVE_STRINGS_H 1
| #define HAVE_INTTYPES_H 1
| #define HAVE_STDINT_H 1
| #define HAVE_UNISTD_H 1
| #define HAVE_DLFCN_H 1
| #define LT_OBJDIR ".libs/"
| #define STDC_HEADERS 1
| #define TIME_WITH_SYS_TIME 1
| /* end confdefs.h.  */
| #ifndef __APPLE_CC__
| 	       not a universal capable compiler
| 	     #endif
| 	     typedef int dummy;
| 
configure:15809: gcc -c -DORTP_INET6   -DINET6 -Wall -O2 -g   conftest.c >&5
configure:15809: $? = 0
configure:15827: gcc -c -DORTP_INET6   -DINET6 -Wall -O2 -g   conftest.c >&5
conftest.c: In function 'main':
conftest.c:36:4: error: unknown type name 'not'
conftest.c:36:12: error: expected '=', ',', ';', 'asm' or '__attribute__' before 'endian'
configure:15827: $? = 1
configure: failed program was:
| /* confdefs.h */
| #define PACKAGE_NAME "mediastreamer"
| #define PACKAGE_TARNAME "mediastreamer"
| #define PACKAGE_VERSION "2.3.1"
| #define PACKAGE_STRING "mediastreamer 2.3.1"
| #define PACKAGE_BUGREPORT ""
| #define PACKAGE_URL ""
| #define PACKAGE "mediastreamer"
| #define VERSION "2.3.1"
| #define MEDIASTREAMER_MAJOR_VERSION 2
| #define MEDIASTREAMER_MINOR_VERSION 3
| #define MEDIASTREAMER_MICRO_VERSION 1
| #define MEDIASTREAMER_VERSION "2.3.1"
| #define STDC_HEADERS 1
| #define HAVE_SYS_TYPES_H 1
| #define HAVE_SYS_STAT_H 1
| #define HAVE_STDLIB_H 1
| #define HAVE_STRING_H 1
| #define HAVE_MEMORY_H 1
| #define HAVE_STRINGS_H 1
| #define HAVE_INTTYPES_H 1
| #define HAVE_STDINT_H 1
| #define HAVE_UNISTD_H 1
| #define HAVE_DLFCN_H 1
| #define LT_OBJDIR ".libs/"
| #define STDC_HEADERS 1
| #define TIME_WITH_SYS_TIME 1
| /* end confdefs.h.  */
| #include <sys/types.h>
| 		#include <sys/param.h>
| 
| int
| main ()
| {
| #if BYTE_ORDER != BIG_ENDIAN
| 		 not big endian
| 		#endif
| 
|   ;
|   return 0;
| }
configure:15955: result: no
configure:16031: checking whether fixed point arithmetic is preferred
configure:16044: result: false
configure:16103: checking for pkg-config
configure:16121: found /usr/bin/pkg-config
configure:16133: result: /usr/bin/pkg-config
configure:16158: checking pkg-config is at least version 0.9.0
configure:16161: result: yes
configure:16174: checking for clock_gettime in -lrt
configure:16199: gcc -o conftest -DORTP_INET6   -DINET6 -Wall -O2 -g  -pthread -D_REENTRANT   conftest.c -lrt   -pthread -lpthread >&5
configure:16199: $? = 0
configure:16208: result: yes
configure:16238: checking soundcard.h usability
configure:16238: gcc -c -DORTP_INET6   -DINET6 -Wall -O2 -g  -pthread -D_REENTRANT  conftest.c >&5
conftest.c:62:23: fatal error: soundcard.h: No such file or directory
compilation terminated.
configure:16238: $? = 1
configure: failed program was:
| /* confdefs.h */
| #define PACKAGE_NAME "mediastreamer"
| #define PACKAGE_TARNAME "mediastreamer"
| #define PACKAGE_VERSION "2.3.1"
| #define PACKAGE_STRING "mediastreamer 2.3.1"
| #define PACKAGE_BUGREPORT ""
| #define PACKAGE_URL ""
| #define PACKAGE "mediastreamer"
| #define VERSION "2.3.1"
| #define MEDIASTREAMER_MAJOR_VERSION 2
| #define MEDIASTREAMER_MINOR_VERSION 3
| #define MEDIASTREAMER_MICRO_VERSION 1
| #define MEDIASTREAMER_VERSION "2.3.1"
| #define STDC_HEADERS 1
| #define HAVE_SYS_TYPES_H 1
| #define HAVE_SYS_STAT_H 1
| #define HAVE_STDLIB_H 1
| #define HAVE_STRING_H 1
| #define HAVE_MEMORY_H 1
| #define HAVE_STRINGS_H 1
| #define HAVE_INTTYPES_H 1
| #define HAVE_STDINT_H 1
| #define HAVE_UNISTD_H 1
| #define HAVE_DLFCN_H 1
| #define LT_OBJDIR ".libs/"
| #define STDC_HEADERS 1
| #define TIME_WITH_SYS_TIME 1
| /* end confdefs.h.  */
| #include <stdio.h>
| #ifdef HAVE_SYS_TYPES_H
| # include <sys/types.h>
| #endif
| #ifdef HAVE_SYS_STAT_H
| # include <sys/stat.h>
| #endif
| #ifdef STDC_HEADERS
| # include <stdlib.h>
| # include <stddef.h>
| #else
| # ifdef HAVE_STDLIB_H
| #  include <stdlib.h>
| # endif
| #endif
| #ifdef HAVE_STRING_H
| # if !defined STDC_HEADERS && defined HAVE_MEMORY_H
| #  include <memory.h>
| # endif
| # include <string.h>
| #endif
| #ifdef HAVE_STRINGS_H
| # include <strings.h>
| #endif
| #ifdef HAVE_INTTYPES_H
| # include <inttypes.h>
| #endif
| #ifdef HAVE_STDINT_H
| # include <stdint.h>
| #endif
| #ifdef HAVE_UNISTD_H
| # include <unistd.h>
| #endif
| #include <soundcard.h>
configure:16238: result: no
configure:16238: checking soundcard.h presence
configure:16238: gcc -E  conftest.c
conftest.c:29:23: fatal error: soundcard.h: No such file or directory
compilation terminated.
configure:16238: $? = 1
configure: failed program was:
| /* confdefs.h */
| #define PACKAGE_NAME "mediastreamer"
| #define PACKAGE_TARNAME "mediastreamer"
| #define PACKAGE_VERSION "2.3.1"
| #define PACKAGE_STRING "mediastreamer 2.3.1"
| #define PACKAGE_BUGREPORT ""
| #define PACKAGE_URL ""
| #define PACKAGE "mediastreamer"
| #define VERSION "2.3.1"
| #define MEDIASTREAMER_MAJOR_VERSION 2
| #define MEDIASTREAMER_MINOR_VERSION 3
| #define MEDIASTREAMER_MICRO_VERSION 1
| #define MEDIASTREAMER_VERSION "2.3.1"
| #define STDC_HEADERS 1
| #define HAVE_SYS_TYPES_H 1
| #define HAVE_SYS_STAT_H 1
| #define HAVE_STDLIB_H 1
| #define HAVE_STRING_H 1
| #define HAVE_MEMORY_H 1
| #define HAVE_STRINGS_H 1
| #define HAVE_INTTYPES_H 1
| #define HAVE_STDINT_H 1
| #define HAVE_UNISTD_H 1
| #define HAVE_DLFCN_H 1
| #define LT_OBJDIR ".libs/"
| #define STDC_HEADERS 1
| #define TIME_WITH_SYS_TIME 1
| /* end confdefs.h.  */
| #include <soundcard.h>
configure:16238: result: no
configure:16238: checking for soundcard.h
configure:16238: result: no
configure:16238: checking sys/soundcard.h usability
configure:16238: gcc -c -DORTP_INET6   -DINET6 -Wall -O2 -g  -pthread -D_REENTRANT  conftest.c >&5
configure:16238: $? = 0
configure:16238: result: yes
configure:16238: checking sys/soundcard.h presence
configure:16238: gcc -E  conftest.c
configure:16238: $? = 0
configure:16238: result: yes
configure:16238: checking for sys/soundcard.h
configure:16238: result: yes
configure:16238: checking machine/soundcard.h usability
configure:16238: gcc -c -DORTP_INET6   -DINET6 -Wall -O2 -g  -pthread -D_REENTRANT  conftest.c >&5
conftest.c:63:31: fatal error: machine/soundcard.h: No such file or directory
compilation terminated.
configure:16238: $? = 1
configure: failed program was:
| /* confdefs.h */
| #define PACKAGE_NAME "mediastreamer"
| #define PACKAGE_TARNAME "mediastreamer"
| #define PACKAGE_VERSION "2.3.1"
| #define PACKAGE_STRING "mediastreamer 2.3.1"
| #define PACKAGE_BUGREPORT ""
| #define PACKAGE_URL ""
| #define PACKAGE "mediastreamer"
| #define VERSION "2.3.1"
| #define MEDIASTREAMER_MAJOR_VERSION 2
| #define MEDIASTREAMER_MINOR_VERSION 3
| #define MEDIASTREAMER_MICRO_VERSION 1
| #define MEDIASTREAMER_VERSION "2.3.1"
| #define STDC_HEADERS 1
| #define HAVE_SYS_TYPES_H 1
| #define HAVE_SYS_STAT_H 1
| #define HAVE_STDLIB_H 1
| #define HAVE_STRING_H 1
| #define HAVE_MEMORY_H 1
| #define HAVE_STRINGS_H 1
| #define HAVE_INTTYPES_H 1
| #define HAVE_STDINT_H 1
| #define HAVE_UNISTD_H 1
| #define HAVE_DLFCN_H 1
| #define LT_OBJDIR ".libs/"
| #define STDC_HEADERS 1
| #define TIME_WITH_SYS_TIME 1
| #define HAVE_SYS_SOUNDCARD_H 1
| /* end confdefs.h.  */
| #include <stdio.h>
| #ifdef HAVE_SYS_TYPES_H
| # include <sys/types.h>
| #endif
| #ifdef HAVE_SYS_STAT_H
| # include <sys/stat.h>
| #endif
| #ifdef STDC_HEADERS
| # include <stdlib.h>
| # include <stddef.h>
| #else
| # ifdef HAVE_STDLIB_H
| #  include <stdlib.h>
| # endif
| #endif
| #ifdef HAVE_STRING_H
| # if !defined STDC_HEADERS && defined HAVE_MEMORY_H
| #  include <memory.h>
| # endif
| # include <string.h>
| #endif
| #ifdef HAVE_STRINGS_H
| # include <strings.h>
| #endif
| #ifdef HAVE_INTTYPES_H
| # include <inttypes.h>
| #endif
| #ifdef HAVE_STDINT_H
| # include <stdint.h>
| #endif
| #ifdef HAVE_UNISTD_H
| # include <unistd.h>
| #endif
| #include <machine/soundcard.h>
configure:16238: result: no
configure:16238: checking machine/soundcard.h presence
configure:16238: gcc -E  conftest.c
conftest.c:30:31: fatal error: machine/soundcard.h: No such file or directory
compilation terminated.
configure:16238: $? = 1
configure: failed program was:
| /* confdefs.h */
| #define PACKAGE_NAME "mediastreamer"
| #define PACKAGE_TARNAME "mediastreamer"
| #define PACKAGE_VERSION "2.3.1"
| #define PACKAGE_STRING "mediastreamer 2.3.1"
| #define PACKAGE_BUGREPORT ""
| #define PACKAGE_URL ""
| #define PACKAGE "mediastreamer"
| #define VERSION "2.3.1"
| #define MEDIASTREAMER_MAJOR_VERSION 2
| #define MEDIASTREAMER_MINOR_VERSION 3
| #define MEDIASTREAMER_MICRO_VERSION 1
| #define MEDIASTREAMER_VERSION "2.3.1"
| #define STDC_HEADERS 1
| #define HAVE_SYS_TYPES_H 1
| #define HAVE_SYS_STAT_H 1
| #define HAVE_STDLIB_H 1
| #define HAVE_STRING_H 1
| #define HAVE_MEMORY_H 1
| #define HAVE_STRINGS_H 1
| #define HAVE_INTTYPES_H 1
| #define HAVE_STDINT_H 1
| #define HAVE_UNISTD_H 1
| #define HAVE_DLFCN_H 1
| #define LT_OBJDIR ".libs/"
| #define STDC_HEADERS 1
| #define TIME_WITH_SYS_TIME 1
| #define HAVE_SYS_SOUNDCARD_H 1
| /* end confdefs.h.  */
| #include <machine/soundcard.h>
configure:16238: result: no
configure:16238: checking for machine/soundcard.h
configure:16238: result: no
configure:16238: checking sys/audio.h usability
configure:16238: gcc -c -DORTP_INET6   -DINET6 -Wall -O2 -g  -pthread -D_REENTRANT  conftest.c >&5
conftest.c:63:23: fatal error: sys/audio.h: No such file or directory
compilation terminated.
configure:16238: $? = 1
configure: failed program was:
| /* confdefs.h */
| #define PACKAGE_NAME "mediastreamer"
| #define PACKAGE_TARNAME "mediastreamer"
| #define PACKAGE_VERSION "2.3.1"
| #define PACKAGE_STRING "mediastreamer 2.3.1"
| #define PACKAGE_BUGREPORT ""
| #define PACKAGE_URL ""
| #define PACKAGE "mediastreamer"
| #define VERSION "2.3.1"
| #define MEDIASTREAMER_MAJOR_VERSION 2
| #define MEDIASTREAMER_MINOR_VERSION 3
| #define MEDIASTREAMER_MICRO_VERSION 1
| #define MEDIASTREAMER_VERSION "2.3.1"
| #define STDC_HEADERS 1
| #define HAVE_SYS_TYPES_H 1
| #define HAVE_SYS_STAT_H 1
| #define HAVE_STDLIB_H 1
| #define HAVE_STRING_H 1
| #define HAVE_MEMORY_H 1
| #define HAVE_STRINGS_H 1
| #define HAVE_INTTYPES_H 1
| #define HAVE_STDINT_H 1
| #define HAVE_UNISTD_H 1
| #define HAVE_DLFCN_H 1
| #define LT_OBJDIR ".libs/"
| #define STDC_HEADERS 1
| #define TIME_WITH_SYS_TIME 1
| #define HAVE_SYS_SOUNDCARD_H 1
| /* end confdefs.h.  */
| #include <stdio.h>
| #ifdef HAVE_SYS_TYPES_H
| # include <sys/types.h>
| #endif
| #ifdef HAVE_SYS_STAT_H
| # include <sys/stat.h>
| #endif
| #ifdef STDC_HEADERS
| # include <stdlib.h>
| # include <stddef.h>
| #else
| # ifdef HAVE_STDLIB_H
| #  include <stdlib.h>
| # endif
| #endif
| #ifdef HAVE_STRING_H
| # if !defined STDC_HEADERS && defined HAVE_MEMORY_H
| #  include <memory.h>
| # endif
| # include <string.h>
| #endif
| #ifdef HAVE_STRINGS_H
| # include <strings.h>
| #endif
| #ifdef HAVE_INTTYPES_H
| # include <inttypes.h>
| #endif
| #ifdef HAVE_STDINT_H
| # include <stdint.h>
| #endif
| #ifdef HAVE_UNISTD_H
| # include <unistd.h>
| #endif
| #include <sys/audio.h>
configure:16238: result: no
configure:16238: checking sys/audio.h presence
configure:16238: gcc -E  conftest.c
conftest.c:30:23: fatal error: sys/audio.h: No such file or directory
compilation terminated.
configure:16238: $? = 1
configure: failed program was:
| /* confdefs.h */
| #define PACKAGE_NAME "mediastreamer"
| #define PACKAGE_TARNAME "mediastreamer"
| #define PACKAGE_VERSION "2.3.1"
| #define PACKAGE_STRING "mediastreamer 2.3.1"
| #define PACKAGE_BUGREPORT ""
| #define PACKAGE_URL ""
| #define PACKAGE "mediastreamer"
| #define VERSION "2.3.1"
| #define MEDIASTREAMER_MAJOR_VERSION 2
| #define MEDIASTREAMER_MINOR_VERSION 3
| #define MEDIASTREAMER_MICRO_VERSION 1
| #define MEDIASTREAMER_VERSION "2.3.1"
| #define STDC_HEADERS 1
| #define HAVE_SYS_TYPES_H 1
| #define HAVE_SYS_STAT_H 1
| #define HAVE_STDLIB_H 1
| #define HAVE_STRING_H 1
| #define HAVE_MEMORY_H 1
| #define HAVE_STRINGS_H 1
| #define HAVE_INTTYPES_H 1
| #define HAVE_STDINT_H 1
| #define HAVE_UNISTD_H 1
| #define HAVE_DLFCN_H 1
| #define LT_OBJDIR ".libs/"
| #define STDC_HEADERS 1
| #define TIME_WITH_SYS_TIME 1
| #define HAVE_SYS_SOUNDCARD_H 1
| /* end confdefs.h.  */
| #include <sys/audio.h>
configure:16238: result: no
configure:16238: checking for sys/audio.h
configure:16238: result: no
configure:16283: checking alsa/asoundlib.h usability
configure:16283: gcc -c -DORTP_INET6   -DINET6 -Wall -O2 -g  -pthread -D_REENTRANT  conftest.c >&5
configure:16283: $? = 0
configure:16283: result: yes
configure:16283: checking alsa/asoundlib.h presence
configure:16283: gcc -E  conftest.c
configure:16283: $? = 0
configure:16283: result: yes
configure:16283: checking for alsa/asoundlib.h
configure:16283: result: yes
configure:16288: checking for snd_pcm_open in -lasound
configure:16313: gcc -o conftest -DORTP_INET6   -DINET6 -Wall -O2 -g  -pthread -D_REENTRANT   conftest.c -lasound   -pthread -lpthread -lrt >&5
configure:16313: $? = 0
configure:16322: result: yes
configure:16739: checking for JACK
configure:16747: $PKG_CONFIG --exists --print-errors "jack >= 0.15.0"
Package jack was not found in the pkg-config search path.
Perhaps you should add the directory containing `jack.pc'
to the PKG_CONFIG_PATH environment variable
No package 'jack' found
configure:16750: $? = 1
configure:16765: $PKG_CONFIG --exists --print-errors "jack >= 0.15.0"
Package jack was not found in the pkg-config search path.
Perhaps you should add the directory containing `jack.pc'
to the PKG_CONFIG_PATH environment variable
No package 'jack' found
configure:16768: $? = 1
No package 'jack' found
configure:16796: result: no
configure:16921: checking for SPEEX
configure:16929: $PKG_CONFIG --exists --print-errors "speex >= 1.2beta3"
configure:16932: $? = 0
configure:16947: $PKG_CONFIG --exists --print-errors "speex >= 1.2beta3"
configure:16950: $? = 0
configure:16988: result: yes
configure:16996: checking for SPEEX
configure:17080: result: yes
configure:17087: checking for SPEEXDSP
configure:17095: $PKG_CONFIG --exists --print-errors "speexdsp >= 1.2beta3"
configure:17098: $? = 0
configure:17113: $PKG_CONFIG --exists --print-errors "speexdsp >= 1.2beta3"
configure:17116: $? = 0
configure:17158: result: yes
configure:17251: checking gsm/gsm.h usability
configure:17251: gcc -c -DORTP_INET6   -DINET6 -Wall -O2 -g  -pthread -D_REENTRANT  conftest.c >&5
configure:17251: $? = 0
configure:17251: result: yes
configure:17251: checking gsm/gsm.h presence
configure:17251: gcc -E  conftest.c
configure:17251: $? = 0
configure:17251: result: yes
configure:17251: checking for gsm/gsm.h
configure:17251: result: yes
configure:17258: checking for gsm_create in -lgsm
configure:17283: gcc -o conftest -DORTP_INET6   -DINET6 -Wall -O2 -g  -pthread -D_REENTRANT   conftest.c -lgsm  -lgsm >&5
configure:17283: $? = 0
configure:17293: result: yes
configure:17368: checking for FFMPEG
configure:17376: $PKG_CONFIG --exists --print-errors "libavcodec >= 51.0.0 "
configure:17379: $? = 0
configure:17394: $PKG_CONFIG --exists --print-errors "libavcodec >= 51.0.0 "
configure:17397: $? = 0
configure:17433: result: yes
configure:17442: checking for SWSCALE
configure:17450: $PKG_CONFIG --exists --print-errors "libswscale >= 0.7.0 "
configure:17453: $? = 0
configure:17468: $PKG_CONFIG --exists --print-errors "libswscale >= 0.7.0 "
configure:17471: $? = 0
configure:17507: result: yes
configure:17519: checking libavcodec/avcodec.h usability
configure:17519: gcc -c -DORTP_INET6   -DINET6 -Wall -O2 -g  -pthread -D_REENTRANT    conftest.c >&5
configure:17519: $? = 0
configure:17519: result: yes
configure:17519: checking libavcodec/avcodec.h presence
configure:17519: gcc -E    conftest.c
configure:17519: $? = 0
configure:17519: result: yes
configure:17519: checking for libavcodec/avcodec.h
configure:17519: result: yes
configure:17531: checking for avcodec_register_all in -lavcodec
configure:17556: gcc -o conftest -DORTP_INET6   -DINET6 -Wall -O2 -g  -pthread -D_REENTRANT   conftest.c -lavcodec -lavcodec     -pthread -lpthread -lrt >&5
configure:17556: $? = 0
configure:17565: result: yes
configure:17580: checking libswscale/swscale.h usability
configure:17580: gcc -c -DORTP_INET6   -DINET6 -Wall -O2 -g  -pthread -D_REENTRANT    conftest.c >&5
configure:17580: $? = 0
configure:17580: result: yes
configure:17580: checking libswscale/swscale.h presence
configure:17580: gcc -E    conftest.c
configure:17580: $? = 0
configure:17580: result: yes
configure:17580: checking for libswscale/swscale.h
configure:17580: result: yes
configure:17608: checking for SDL
configure:17616: $PKG_CONFIG --exists --print-errors "sdl >= 1.2.0 "
configure:17619: $? = 0
configure:17634: $PKG_CONFIG --exists --print-errors "sdl >= 1.2.0 "
configure:17637: $? = 0
configure:17673: result: yes
configure:17698: checking for THEORA
configure:17706: $PKG_CONFIG --exists --print-errors "theora >= 1.0alpha7 "
Package theora was not found in the pkg-config search path.
Perhaps you should add the directory containing `theora.pc'
to the PKG_CONFIG_PATH environment variable
No package 'theora' found
configure:17709: $? = 1
configure:17724: $PKG_CONFIG --exists --print-errors "theora >= 1.0alpha7 "
Package theora was not found in the pkg-config search path.
Perhaps you should add the directory containing `theora.pc'
to the PKG_CONFIG_PATH environment variable
No package 'theora' found
configure:17727: $? = 1
No package 'theora' found
configure:17755: result: no
configure:17784: checking X11/Xlib.h usability
configure:17784: gcc -c -DORTP_INET6   -DINET6 -Wall -O2 -g  -pthread -D_REENTRANT  conftest.c >&5
configure:17784: $? = 0
configure:17784: result: yes
configure:17784: checking X11/Xlib.h presence
configure:17784: gcc -E  conftest.c
configure:17784: $? = 0
configure:17784: result: yes
configure:17784: checking for X11/Xlib.h
configure:17784: result: yes
configure:17950: checking for dlfcn.h
configure:17950: result: yes
configure:17961: checking for dlopen in -ldl
configure:17986: gcc -o conftest -DORTP_INET6   -DINET6 -Wall -O2 -g  -pthread -D_REENTRANT   conftest.c -ldl   -pthread -lpthread -lrt >&5
configure:17986: $? = 0
configure:17995: result: yes
configure:18001: checking for dlopen
configure:18001: gcc -o conftest -DORTP_INET6   -DINET6 -Wall -O2 -g  -pthread -D_REENTRANT   conftest.c  -pthread -lpthread -lrt -ldl >&5
configure:18001: $? = 0
configure:18001: result: yes
configure:18014: checking for working alloca.h
configure:18031: gcc -o conftest -DORTP_INET6   -DINET6 -Wall -O2 -g  -pthread -D_REENTRANT   conftest.c  -pthread -lpthread -lrt -ldl >&5
configure:18031: $? = 0
configure:18039: result: yes
configure:18047: checking for alloca
configure:18084: gcc -o conftest -DORTP_INET6   -DINET6 -Wall -O2 -g  -pthread -D_REENTRANT   conftest.c  -pthread -lpthread -lrt -ldl >&5
configure:18084: $? = 0
configure:18092: result: yes
configure:18232: checking linux/videodev.h usability
configure:18232: gcc -c -DORTP_INET6   -DINET6 -Wall -O2 -g  -pthread -D_REENTRANT  conftest.c >&5
configure:18232: $? = 0
configure:18232: result: yes
configure:18232: checking linux/videodev.h presence
configure:18232: gcc -E  conftest.c
configure:18232: $? = 0
configure:18232: result: yes
configure:18232: checking for linux/videodev.h
configure:18232: result: yes
configure:18232: checking linux/videodev2.h usability
configure:18232: gcc -c -DORTP_INET6   -DINET6 -Wall -O2 -g  -pthread -D_REENTRANT  conftest.c >&5
configure:18232: $? = 0
configure:18232: result: yes
configure:18232: checking linux/videodev2.h presence
configure:18232: gcc -E  conftest.c
configure:18232: $? = 0
configure:18232: result: yes
configure:18232: checking for linux/videodev2.h
configure:18232: result: yes
configure:18261: checking for LIBV4L2
configure:18269: $PKG_CONFIG --exists --print-errors "libv4l2"
configure:18272: $? = 0
configure:18287: $PKG_CONFIG --exists --print-errors "libv4l2"
configure:18290: $? = 0
configure:18326: result: yes
configure:18332: checking for LIBV4L1
configure:18340: $PKG_CONFIG --exists --print-errors "libv4l1"
configure:18343: $? = 0
configure:18358: $PKG_CONFIG --exists --print-errors "libv4l1"
configure:18361: $? = 0
configure:18397: result: yes
configure:18405: checking for doxygen
configure:18423: found /usr/bin/doxygen
configure:18436: result: /usr/bin/doxygen
configure:18457: checking for epm
configure:18475: found /usr/bin/epm
configure:18488: result: /usr/bin/epm
configure:18498: checking for mkepmlist
configure:18516: found /usr/bin/mkepmlist
configure:18529: result: /usr/bin/mkepmlist
configure:18539: checking for epminstall
configure:18557: found /usr/bin/epminstall
configure:18570: result: /usr/bin/epminstall
configure:18839: creating ./config.status

## ---------------------- ##
## Running config.status. ##
## ---------------------- ##

This file was extended by mediastreamer config.status 2.3.1, which was
generated by GNU Autoconf 2.64.  Invocation command line was

  CONFIG_FILES    = 
  CONFIG_HEADERS  = 
  CONFIG_LINKS    = 
  CONFIG_COMMANDS = 
  $ ./config.status 

on untu-Presario-CQ42-Notebook-PC

config.status:1256: creating Makefile
config.status:1256: creating include/Makefile
config.status:1256: creating include/mediastreamer2/Makefile
config.status:1256: creating src/Makefile
config.status:1256: creating tests/Makefile
config.status:1256: creating build/Makefile
config.status:1256: creating build/win32native/Makefile
config.status:1256: creating build/win32-novideo/Makefile
config.status:1256: creating build/wince/Makefile
config.status:1256: creating mediastreamer.pc
config.status:1256: creating mediastreamer2.spec
config.status:1256: creating help/Makefile
config.status:1256: creating help/Doxyfile
config.status:1256: creating help/doxygen.dox
config.status:1256: creating mediastreamer-config.h
config.status:1428: mediastreamer-config.h is unchanged
config.status:1476: executing depfiles commands
config.status:1476: executing libtool commands
config.status:1476: executing libtool-hacking commands

## ---------------- ##
## Cache variables. ##
## ---------------- ##

ac_cv_build=i686-pc-linux-gnu
ac_cv_c_bigendian=no
ac_cv_c_compiler_gnu=yes
ac_cv_c_const=yes
ac_cv_c_inline=inline
ac_cv_cxx_compiler_gnu=yes
ac_cv_env_ARTS_CFLAGS_set=
ac_cv_env_ARTS_CFLAGS_value=
ac_cv_env_ARTS_LIBS_set=
ac_cv_env_ARTS_LIBS_value=
ac_cv_env_CCC_set=
ac_cv_env_CCC_value=
ac_cv_env_CC_set=
ac_cv_env_CC_value=
ac_cv_env_CFLAGS_set=
ac_cv_env_CFLAGS_value=
ac_cv_env_CPPFLAGS_set=
ac_cv_env_CPPFLAGS_value=
ac_cv_env_CPP_set=
ac_cv_env_CPP_value=
ac_cv_env_CXXCPP_set=
ac_cv_env_CXXCPP_value=
ac_cv_env_CXXFLAGS_set=
ac_cv_env_CXXFLAGS_value=
ac_cv_env_CXX_set=
ac_cv_env_CXX_value=
ac_cv_env_FFMPEG_CFLAGS_set=
ac_cv_env_FFMPEG_CFLAGS_value=
ac_cv_env_FFMPEG_LIBS_set=
ac_cv_env_FFMPEG_LIBS_value=
ac_cv_env_JACK_CFLAGS_set=
ac_cv_env_JACK_CFLAGS_value=
ac_cv_env_JACK_LIBS_set=
ac_cv_env_JACK_LIBS_value=
ac_cv_env_LDFLAGS_set=
ac_cv_env_LDFLAGS_value=
ac_cv_env_LIBS_set=
ac_cv_env_LIBS_value=
ac_cv_env_LIBV4L1_CFLAGS_set=
ac_cv_env_LIBV4L1_CFLAGS_value=
ac_cv_env_LIBV4L1_LIBS_set=
ac_cv_env_LIBV4L1_LIBS_value=
ac_cv_env_LIBV4L2_CFLAGS_set=
ac_cv_env_LIBV4L2_CFLAGS_value=
ac_cv_env_LIBV4L2_LIBS_set=
ac_cv_env_LIBV4L2_LIBS_value=
ac_cv_env_OBJCFLAGS_set=
ac_cv_env_OBJCFLAGS_value=
ac_cv_env_OBJC_set=
ac_cv_env_OBJC_value=
ac_cv_env_ORTP_CFLAGS_set=
ac_cv_env_ORTP_CFLAGS_value=
ac_cv_env_ORTP_LIBS_set=
ac_cv_env_ORTP_LIBS_value=
ac_cv_env_PKG_CONFIG_set=
ac_cv_env_PKG_CONFIG_value=
ac_cv_env_SAMPLERATE_CFLAGS_set=
ac_cv_env_SAMPLERATE_CFLAGS_value=
ac_cv_env_SAMPLERATE_LIBS_set=
ac_cv_env_SAMPLERATE_LIBS_value=
ac_cv_env_SDL_CFLAGS_set=
ac_cv_env_SDL_CFLAGS_value=
ac_cv_env_SDL_LIBS_set=
ac_cv_env_SDL_LIBS_value=
ac_cv_env_SPEEXDSP_CFLAGS_set=
ac_cv_env_SPEEXDSP_CFLAGS_value=
ac_cv_env_SPEEXDSP_LIBS_set=
ac_cv_env_SPEEXDSP_LIBS_value=
ac_cv_env_SPEEX_CFLAGS_set=
ac_cv_env_SPEEX_CFLAGS_value=
ac_cv_env_SPEEX_LIBS_set=
ac_cv_env_SPEEX_LIBS_value=
ac_cv_env_SWSCALE_CFLAGS_set=
ac_cv_env_SWSCALE_CFLAGS_value=
ac_cv_env_SWSCALE_LIBS_set=
ac_cv_env_SWSCALE_LIBS_value=
ac_cv_env_THEORA_CFLAGS_set=
ac_cv_env_THEORA_CFLAGS_value=
ac_cv_env_THEORA_LIBS_set=
ac_cv_env_THEORA_LIBS_value=
ac_cv_env_build_alias_set=
ac_cv_env_build_alias_value=
ac_cv_env_host_alias_set=
ac_cv_env_host_alias_value=
ac_cv_env_target_alias_set=
ac_cv_env_target_alias_value=
ac_cv_func_alloca_works=yes
ac_cv_func_dlopen=yes
ac_cv_header_X11_Xlib_h=yes
ac_cv_header_alsa_asoundlib_h=yes
ac_cv_header_dlfcn_h=yes
ac_cv_header_gsm_gsm_h=yes
ac_cv_header_inttypes_h=yes
ac_cv_header_libavcodec_avcodec_h=yes
ac_cv_header_libswscale_swscale_h=yes
ac_cv_header_linux_videodev2_h=yes
ac_cv_header_linux_videodev_h=yes
ac_cv_header_machine_soundcard_h=no
ac_cv_header_memory_h=yes
ac_cv_header_soundcard_h=no
ac_cv_header_stdc=yes
ac_cv_header_stdint_h=yes
ac_cv_header_stdlib_h=yes
ac_cv_header_string_h=yes
ac_cv_header_strings_h=yes
ac_cv_header_sys_audio_h=no
ac_cv_header_sys_soundcard_h=yes
ac_cv_header_sys_stat_h=yes
ac_cv_header_sys_types_h=yes
ac_cv_header_time=yes
ac_cv_header_unistd_h=yes
ac_cv_host=i686-pc-linux-gnu
ac_cv_lib_asound_snd_pcm_open=yes
ac_cv_lib_avcodec_avcodec_register_all=yes
ac_cv_lib_dl_dlopen=yes
ac_cv_lib_gsm___gsm_create=yes
ac_cv_lib_rt_clock_gettime=yes
ac_cv_objc_compiler_gnu=no
ac_cv_objext=o
ac_cv_path_DOXYGEN=/usr/bin/doxygen
ac_cv_path_EGREP='/bin/grep -E'
ac_cv_path_EPM=/usr/bin/epm
ac_cv_path_EPMINSTALL=/usr/bin/epminstall
ac_cv_path_FGREP='/bin/grep -F'
ac_cv_path_GREP=/bin/grep
ac_cv_path_MKEPMLIST=/usr/bin/mkepmlist
ac_cv_path_SED=/bin/sed
ac_cv_path_ac_pt_PKG_CONFIG=/usr/bin/pkg-config
ac_cv_path_install='/usr/bin/install -c'
ac_cv_path_mkdir=/bin/mkdir
ac_cv_prog_AWK=gawk
ac_cv_prog_CPP='gcc -E'
ac_cv_prog_CXXCPP='g++ -E'
ac_cv_prog_ac_ct_AR=ar
ac_cv_prog_ac_ct_CC=gcc
ac_cv_prog_ac_ct_CXX=g++
ac_cv_prog_ac_ct_OBJC=gcc
ac_cv_prog_ac_ct_OBJDUMP=objdump
ac_cv_prog_ac_ct_RANLIB=ranlib
ac_cv_prog_ac_ct_STRIP=strip
ac_cv_prog_cc_c89=
ac_cv_prog_cc_g=yes
ac_cv_prog_cxx_g=yes
ac_cv_prog_make_make_set=yes
ac_cv_prog_objc_g=no
ac_cv_target=i686-pc-linux-gnu
ac_cv_working_alloca_h=yes
am_cv_CC_dependencies_compiler_type=gcc3
am_cv_CXX_dependencies_compiler_type=gcc3
am_cv_OBJC_dependencies_compiler_type=gcc3
am_cv_prog_tar_ustar=gnutar
lt_cv_deplibs_check_method=pass_all
lt_cv_file_magic_cmd='$MAGIC_CMD'
lt_cv_file_magic_test_file=
lt_cv_ld_reload_flag=-r
lt_cv_nm_interface='BSD nm'
lt_cv_objdir=.libs
lt_cv_path_LD=/usr/bin/ld
lt_cv_path_LDCXX=/usr/bin/ld
lt_cv_path_NM='/usr/bin/nm -B'
lt_cv_prog_compiler_c_o=yes
lt_cv_prog_compiler_c_o_CXX=yes
lt_cv_prog_compiler_pic_works=yes
lt_cv_prog_compiler_pic_works_CXX=yes
lt_cv_prog_compiler_rtti_exceptions=no
lt_cv_prog_compiler_static_works=yes
lt_cv_prog_compiler_static_works_CXX=yes
lt_cv_prog_gnu_ld=yes
lt_cv_prog_gnu_ldcxx=yes
lt_cv_sys_global_symbol_pipe='sed -n -e '\''s/^.*[	 ]\([ABCDGIRSTW][ABCDGIRSTW]*\)[	 ][	 ]*\([_A-Za-z][_A-Za-z0-9]*\)$/\1 \2 \2/p'\'''
lt_cv_sys_global_symbol_to_c_name_address='sed -n -e '\''s/^: \([^ ]*\) $/  {\"\1\", (void *) 0},/p'\'' -e '\''s/^[ABCDGIRSTW]* \([^ ]*\) \([^ ]*\)$/  {"\2", (void *) \&\2},/p'\'''
lt_cv_sys_global_symbol_to_c_name_address_lib_prefix='sed -n -e '\''s/^: \([^ ]*\) $/  {\"\1\", (void *) 0},/p'\'' -e '\''s/^[ABCDGIRSTW]* \([^ ]*\) \(lib[^ ]*\)$/  {"\2", (void *) \&\2},/p'\'' -e '\''s/^[ABCDGIRSTW]* \([^ ]*\) \([^ ]*\)$/  {"lib\2", (void *) \&\2},/p'\'''
lt_cv_sys_global_symbol_to_cdecl='sed -n -e '\''s/^T .* \(.*\)$/extern int \1();/p'\'' -e '\''s/^[ABCDGIRSTW]* .* \(.*\)$/extern char \1;/p'\'''
lt_cv_sys_max_cmd_len=1572864
pkg_cv_FFMPEG_CFLAGS=' '
pkg_cv_FFMPEG_LIBS='-lavcodec  '
pkg_cv_LIBV4L1_CFLAGS=' '
pkg_cv_LIBV4L1_LIBS='-lv4l1  '
pkg_cv_LIBV4L2_CFLAGS=' '
pkg_cv_LIBV4L2_LIBS='-lv4l2  '
pkg_cv_SDL_CFLAGS='-D_GNU_SOURCE=1 -D_REENTRANT -I/usr/include/SDL  '
pkg_cv_SDL_LIBS='-lSDL  '
pkg_cv_SPEEXDSP_CFLAGS='-I/usr/local/include  '
pkg_cv_SPEEXDSP_LIBS='-L/usr/local/lib -lspeexdsp  '
pkg_cv_SPEEX_CFLAGS='-I/usr/local/include  '
pkg_cv_SPEEX_LIBS='-L/usr/local/lib -lspeex  '
pkg_cv_SWSCALE_CFLAGS=' '
pkg_cv_SWSCALE_LIBS='-lswscale  '

## ----------------- ##
## Output variables. ##
## ----------------- ##

ACLOCAL='${SHELL} /home/untu/Desktop/dc/linphone/linphone-3.2.1/mediastreamer2/missing --run aclocal-1.11'
ALLOCA=''
ALSA_LIBS='-lasound'
AMDEPBACKSLASH='\'
AMDEP_FALSE='#'
AMDEP_TRUE=''
AMTAR='${SHELL} /home/untu/Desktop/dc/linphone/linphone-3.2.1/mediastreamer2/missing --run tar'
AR='ar'
ARCH='i386'
ARTS_CFLAGS=''
ARTS_LIBS=''
AS='as'
AUTOCONF='${SHELL} /home/untu/Desktop/dc/linphone/linphone-3.2.1/mediastreamer2/missing --run autoconf'
AUTOHEADER='${SHELL} /home/untu/Desktop/dc/linphone/linphone-3.2.1/mediastreamer2/missing --run autoheader'
AUTOMAKE='${SHELL} /home/untu/Desktop/dc/linphone/linphone-3.2.1/mediastreamer2/missing --run automake-1.11'
AWK='gawk'
BUILD_ALSA_FALSE='#'
BUILD_ALSA_TRUE=''
BUILD_ARTS_FALSE=''
BUILD_ARTS_TRUE='#'
BUILD_GSM_FALSE='#'
BUILD_GSM_TRUE=''
BUILD_MACAQSND_FALSE=''
BUILD_MACAQSND_TRUE='#'
BUILD_MACOSX_FALSE=''
BUILD_MACOSX_TRUE='#'
BUILD_MACSND_FALSE=''
BUILD_MACSND_TRUE='#'
BUILD_OSS_FALSE='#'
BUILD_OSS_TRUE=''
BUILD_PORTAUDIO_FALSE=''
BUILD_PORTAUDIO_TRUE='#'
BUILD_RESAMPLE_FALSE='#'
BUILD_RESAMPLE_TRUE=''
BUILD_SPEEX_FALSE='#'
BUILD_SPEEX_TRUE=''
BUILD_THEORA_FALSE=''
BUILD_THEORA_TRUE='#'
BUILD_V4L_FALSE='#'
BUILD_V4L_TRUE=''
BUILD_VIDEO_FALSE='#'
BUILD_VIDEO_TRUE=''
BUILD_WIN32_FALSE=''
BUILD_WIN32_TRUE='#'
CC='gcc'
CCDEPMODE='depmode=gcc3'
CFLAGS='-DORTP_INET6   -DINET6 -Wall -O2 -g  -pthread -D_REENTRANT '
CPP='gcc -E'
CPPFLAGS=''
CXX='g++'
CXXCPP='g++ -E'
CXXDEPMODE='depmode=gcc3'
CXXFLAGS='-g -O2 '
CYGPATH_W='echo'
DEFS='-DHAVE_CONFIG_H'
DEPDIR='.deps'
DLLTOOL='dlltool'
DOXYGEN='/usr/bin/doxygen'
DSYMUTIL=''
DUMPBIN=''
ECHO_C=''
ECHO_N='-n'
ECHO_T=''
EGREP='/bin/grep -E'
EPM='/usr/bin/epm'
EPMINSTALL='/usr/bin/epminstall'
EPM_PKG_EXT='deb'
EXEEXT=''
FFMPEG_CFLAGS=' '
FFMPEG_LIBS='-lavcodec  '
FGREP='/bin/grep -F'
GREP='/bin/grep'
GSM_CFLAGS=''
GSM_LIBS=' -lgsm'
HAVE_DOXYGEN_FALSE='#'
HAVE_DOXYGEN_TRUE=''
INSTALL_DATA='${INSTALL} -m 644'
INSTALL_PROGRAM='${INSTALL}'
INSTALL_SCRIPT='${INSTALL}'
INSTALL_STRIP_PROGRAM='$(install_sh) -c -s'
JACK_CFLAGS=''
JACK_LIBS=''
LD='/usr/bin/ld'
LDFLAGS=''
LIBMEDIASTREAMER_SO_VERSION='0:1:0'
LIBOBJS=''
LIBS=' -pthread -lpthread -lrt -ldl'
LIBTOOL='$(SHELL) $(top_builddir)/libtool'
LIBV4L1_CFLAGS=' '
LIBV4L1_LIBS='-lv4l1  '
LIBV4L2_CFLAGS=' '
LIBV4L2_LIBS='-lv4l2  '
LICENSE='GPL'
LIPO=''
LN_S='ln -s'
LTLIBOBJS=''
MAKEINFO='${SHELL} /home/untu/Desktop/dc/linphone/linphone-3.2.1/mediastreamer2/missing --run makeinfo'
MEDIASTREAMER_VERSION='2.3.1'
MKDIR_P='/bin/mkdir -p'
MKEPMLIST='/usr/bin/mkepmlist'
MSPLUGINS_CFLAGS='-pthread'
MSPLUGINS_LIBS='-shared -pthread'
MS_PUBLIC_CFLAGS=''
NM='/usr/bin/nm -B'
NMEDIT=''
OBJC='gcc'
OBJCDEPMODE='depmode=gcc3'
OBJCFLAGS=''
OBJDUMP='objdump'
OBJEXT='o'
ORTP_CFLAGS='-I$(top_srcdir)/../oRTP/include'
ORTP_LIBS='$(top_builddir)/../oRTP/src/libortp.la'
OTOOL64=''
OTOOL=''
PACKAGE='mediastreamer'
PACKAGER='anonymous'
PACKAGE_BUGREPORT=''
PACKAGE_DATA_DIR='/usr/local/share'
PACKAGE_NAME='mediastreamer'
PACKAGE_PLUGINS_DIR='/usr/local/lib/mediastreamer/plugins'
PACKAGE_STRING='mediastreamer 2.3.1'
PACKAGE_TARNAME='mediastreamer'
PACKAGE_URL=''
PACKAGE_VERSION='2.3.1'
PATH_SEPARATOR=':'
PKG_CONFIG='/usr/bin/pkg-config'
PORTAUDIO_LIBS=''
RANLIB='ranlib'
RELEASE='1'
SAMPLERATE_CFLAGS=''
SAMPLERATE_LIBS=''
SDL_CFLAGS='-D_GNU_SOURCE=1 -D_REENTRANT -I/usr/include/SDL  '
SDL_LIBS='-lSDL  '
SED='/bin/sed'
SET_MAKE=''
SHELL='/bin/bash'
SPEEXDSP_CFLAGS='-I/usr/local/include  '
SPEEXDSP_LIBS='-L/usr/local/lib -lspeexdsp  '
SPEEX_CFLAGS='-I/usr/local/include  '
SPEEX_LIBS='-L/usr/local/lib -lspeex   -L/usr/local/lib -lspeexdsp  '
STRIP='strip'
SUMMARY='A mediastreaming library.'
SWSCALE_CFLAGS=' '
SWSCALE_LIBS='-lswscale  '
SYS_GROUP='root'
SYS_USER='root'
THEORA_CFLAGS=''
THEORA_LIBS=''
VENDOR='Linphone'
VERSION='2.3.1'
VIDEO_CFLAGS='   -DVIDEO_ENABLED -D_GNU_SOURCE=1 -D_REENTRANT -I/usr/include/SDL   -DHAVE_SDL'
VIDEO_LIBS=' -lavcodec   -lswscale   -lSDL   -lX11'
WITH_EPM_FALSE='#'
WITH_EPM_TRUE=''
ac_ct_CC='gcc'
ac_ct_CXX='g++'
ac_ct_DUMPBIN=''
ac_ct_OBJC='gcc'
am__EXEEXT_FALSE=''
am__EXEEXT_TRUE='#'
am__fastdepCC_FALSE='#'
am__fastdepCC_TRUE=''
am__fastdepCXX_FALSE='#'
am__fastdepCXX_TRUE=''
am__fastdepOBJC_FALSE='#'
am__fastdepOBJC_TRUE=''
am__include='include'
am__isrc=''
am__leading_dot='.'
am__quote=''
am__tar='tar --format=ustar -chf - "$$tardir"'
am__untar='tar -xf -'
bindir='${exec_prefix}/bin'
build='i686-pc-linux-gnu'
build_alias=''
build_cpu='i686'
build_os='linux-gnu'
build_vendor='pc'
datadir='${datarootdir}'
datarootdir='${prefix}/share'
docdir='${datarootdir}/doc/${PACKAGE_TARNAME}'
dvidir='${docdir}'
exec_prefix='${prefix}'
host='i686-pc-linux-gnu'
host_alias=''
host_cpu='i686'
host_os='linux-gnu'
host_vendor='pc'
htmldir='${docdir}'
includedir='${prefix}/include'
infodir='${datarootdir}/info'
install_sh='${SHELL} /home/untu/Desktop/dc/linphone/linphone-3.2.1/mediastreamer2/install-sh'
libdir='${exec_prefix}/lib'
libexecdir='${exec_prefix}/libexec'
localedir='${datarootdir}/locale'
localstatedir='${prefix}/var'
lt_ECHO='echo'
mandir='${datarootdir}/man'
mkdir_p='/bin/mkdir -p'
oldincludedir='/usr/include'
pdfdir='${docdir}'
prefix='/usr/local'
program_transform_name='s,x,x,'
psdir='${docdir}'
sbindir='${exec_prefix}/sbin'
sharedstatedir='${prefix}/com'
sysconfdir='${prefix}/etc'
target='i686-pc-linux-gnu'
target_alias=''
target_cpu='i686'
target_os='linux-gnu'
target_vendor='pc'

## ----------- ##
## confdefs.h. ##
## ----------- ##

/* confdefs.h */
#define PACKAGE_NAME "mediastreamer"
#define PACKAGE_TARNAME "mediastreamer"
#define PACKAGE_VERSION "2.3.1"
#define PACKAGE_STRING "mediastreamer 2.3.1"
#define PACKAGE_BUGREPORT ""
#define PACKAGE_URL ""
#define PACKAGE "mediastreamer"
#define VERSION "2.3.1"
#define MEDIASTREAMER_MAJOR_VERSION 2
#define MEDIASTREAMER_MINOR_VERSION 3
#define MEDIASTREAMER_MICRO_VERSION 1
#define MEDIASTREAMER_VERSION "2.3.1"
#define STDC_HEADERS 1
#define HAVE_SYS_TYPES_H 1
#define HAVE_SYS_STAT_H 1
#define HAVE_STDLIB_H 1
#define HAVE_STRING_H 1
#define HAVE_MEMORY_H 1
#define HAVE_STRINGS_H 1
#define HAVE_INTTYPES_H 1
#define HAVE_STDINT_H 1
#define HAVE_UNISTD_H 1
#define HAVE_DLFCN_H 1
#define LT_OBJDIR ".libs/"
#define STDC_HEADERS 1
#define TIME_WITH_SYS_TIME 1
#define HAVE_SYS_SOUNDCARD_H 1
#define HAVE_ALSA_ASOUNDLIB_H 1
#define __ALSA_ENABLED__ 1
#define HAVE_SPEEX_NOISE 1
#define HAVE_SPEEXDSP 1
#define HAVE_GSM_GSM_H 1
#define HAVE_LIBAVCODEC_AVCODEC_H 1
#define HAVE_LIBSWSCALE_SWSCALE_H 1
#define HAVE_X11_XLIB_H 1
#define HAVE_DLFCN_H 1
#define HAVE_DLOPEN 1
#define HAVE_ALLOCA_H 1
#define HAVE_ALLOCA 1
#define PACKAGE_PLUGINS_DIR "/usr/local/lib/mediastreamer/plugins"
#define PACKAGE_DATA_DIR "/usr/local/share"
#define HAVE_LINUX_VIDEODEV_H 1
#define HAVE_LINUX_VIDEODEV2_H 1

configure: exit 0
